04/14/2014 (02:58:25) -    INFO - Loading plugins...
04/14/2014 (02:58:25) -    INFO - World 'default' Booted.
04/14/2014 (02:58:25) -    INFO - 182 garbage objects collected, 0 were uncollected.
04/14/2014 (02:58:25) -    INFO - Heartbeat Sent. Your URL (saved to docs/SERVERURL): http://www.classicube.net/server/play/16903b2965a1dc37615c61eacbd839a3/
04/14/2014 (02:58:26) -    INFO - There are 0 users on the server
04/14/2014 (02:58:26) -    INFO - default: 
04/14/2014 (02:58:29) -    INFO - IRC client connected.
04/14/2014 (02:58:33) -    INFO - IRC client joined #hetal.
04/14/2014 (02:58:43) -    INFO - <Hetal> ane200055 Should I file a Microsoft ticket for my broken HDD?
04/14/2014 (02:58:59) -    INFO - <Hetal> Because the auto-repair has been stuck on 6% for 36 hours
04/14/2014 (02:59:01) -    INFO - <ane200055> Idk
04/14/2014 (02:59:25) -    INFO - World 'default' has been saved.
04/14/2014 (02:59:25) -    INFO - Heartbeat Sent. Your URL (saved to docs/SERVERURL): http://www.classicube.net/server/play/16903b2965a1dc37615c61eacbd839a3/
04/14/2014 (02:59:26) -    INFO - There are 0 users on the server
04/14/2014 (02:59:26) -    INFO - default: 
04/14/2014 (03:00:02) -    INFO - (50.121.42.198:54759) Connected, as 'masterofpower'
04/14/2014 (03:00:08) -    INFO - <ane200055> Is it corrupted??
04/14/2014 (03:00:14) -    INFO - <Hetal> yes
04/14/2014 (03:00:17) -    INFO - <Hetal> I diagnosed it
04/14/2014 (03:00:23) -    INFO - <Hetal> masterofpower you there?
04/14/2014 (03:00:23) -    INFO - <ane200055> Master how old are ya.
04/14/2014 (03:00:25) -    INFO - World 'default' has been saved.
04/14/2014 (03:00:25) -    INFO - Heartbeat Sent. Your URL (saved to docs/SERVERURL): http://www.classicube.net/server/play/16903b2965a1dc37615c61eacbd839a3/
04/14/2014 (03:00:26) -    INFO - There are 0 users on the server
04/14/2014 (03:00:26) -    INFO - default: 
04/14/2014 (03:00:27) -    INFO - <ane200055> :))
04/14/2014 (03:00:38) -    INFO - <Hetal> He's not there
04/14/2014 (03:00:42) -    INFO - <Hetal> It threw an error
04/14/2014 (03:00:45) -    INFO - <Hetal> due to some shit i did
04/14/2014 (03:00:58) -    INFO - <ane200055> ):
