04/15/2014 (18:58:27) -    INFO - Loading plugins...
04/15/2014 (18:58:27) -    INFO - World 'default' Booted.
04/15/2014 (18:58:27) -    INFO - 198 garbage objects collected, 0 were uncollected.
04/15/2014 (18:58:28) -    INFO - Heartbeat Sent. Your URL (saved to docs/SERVERURL): http://www.classicube.net/server/play/e420df2978ad45d304969826033b4b79/
04/15/2014 (18:58:28) -    INFO - There are 0 users on the server
04/15/2014 (18:58:28) -    INFO - default: 
04/15/2014 (18:58:31) -    INFO - IRC client connected.
04/15/2014 (18:58:35) -    INFO - IRC client joined #hetal.
04/15/2014 (18:59:27) -    INFO - World 'default' has been saved.
04/15/2014 (18:59:28) -    INFO - Heartbeat Sent. Your URL (saved to docs/SERVERURL): http://www.classicube.net/server/play/e420df2978ad45d304969826033b4b79/
04/15/2014 (18:59:28) -    INFO - There are 0 users on the server
04/15/2014 (18:59:28) -    INFO - default: 
04/15/2014 (19:00:27) -    INFO - World 'default' has been saved.
04/15/2014 (19:00:28) -    INFO - Heartbeat Sent. Your URL (saved to docs/SERVERURL): http://www.classicube.net/server/play/e420df2978ad45d304969826033b4b79/
04/15/2014 (19:00:28) -    INFO - There are 0 users on the server
04/15/2014 (19:00:28) -    INFO - default: 
04/15/2014 (19:01:27) -    INFO - World 'default' has been saved.
04/15/2014 (19:01:28) -    INFO - Heartbeat Sent. Your URL (saved to docs/SERVERURL): http://www.classicube.net/server/play/e420df2978ad45d304969826033b4b79/
04/15/2014 (19:01:28) -    INFO - There are 0 users on the server
04/15/2014 (19:01:28) -    INFO - default: 
04/15/2014 (19:02:27) -    INFO - World 'default' has been saved.
04/15/2014 (19:02:28) -    INFO - Heartbeat Sent. Your URL (saved to docs/SERVERURL): http://www.classicube.net/server/play/e420df2978ad45d304969826033b4b79/
04/15/2014 (19:02:28) -    INFO - There are 0 users on the server
04/15/2014 (19:02:28) -    INFO - default: 
04/15/2014 (19:03:27) -    INFO - World 'default' has been saved.
04/15/2014 (19:03:29) -    INFO - Heartbeat Sent. Your URL (saved to docs/SERVERURL): http://www.classicube.net/server/play/e420df2978ad45d304969826033b4b79/
04/15/2014 (19:03:29) -    INFO - There are 0 users on the server
04/15/2014 (19:03:29) -    INFO - default: 
04/15/2014 (19:04:27) -    INFO - World 'default' has been saved.
04/15/2014 (19:04:29) -    INFO - Heartbeat Sent. Your URL (saved to docs/SERVERURL): http://www.classicube.net/server/play/e420df2978ad45d304969826033b4b79/
04/15/2014 (19:04:29) -    INFO - There are 0 users on the server
04/15/2014 (19:04:29) -    INFO - default: 
04/15/2014 (19:05:27) -    INFO - World 'default' has been saved.
04/15/2014 (19:05:29) -    INFO - Heartbeat Sent. Your URL (saved to docs/SERVERURL): http://www.classicube.net/server/play/e420df2978ad45d304969826033b4b79/
04/15/2014 (19:05:29) -    INFO - There are 0 users on the server
04/15/2014 (19:05:29) -    INFO - default: 
04/15/2014 (19:06:27) -    INFO - World 'default' has been saved.
04/15/2014 (19:06:29) -    INFO - Heartbeat Sent. Your URL (saved to docs/SERVERURL): http://www.classicube.net/server/play/e420df2978ad45d304969826033b4b79/
04/15/2014 (19:06:29) -    INFO - There are 0 users on the server
04/15/2014 (19:06:29) -    INFO - default: 
04/15/2014 (19:07:27) -    INFO - World 'default' has been saved.
04/15/2014 (19:07:29) -    INFO - Heartbeat Sent. Your URL (saved to docs/SERVERURL): http://www.classicube.net/server/play/e420df2978ad45d304969826033b4b79/
04/15/2014 (19:07:29) -    INFO - There are 0 users on the server
04/15/2014 (19:07:29) -    INFO - default: 
