04/12/2014 (19:53:20) -    INFO - Loading plugins...
04/12/2014 (19:53:20) -    INFO - World 'default' Booted.
04/12/2014 (19:53:20) -    INFO - 148 garbage objects collected, 0 were uncollected.
04/12/2014 (19:53:20) -    INFO - Heartbeat Sent. Your URL (saved to docs/SERVERURL): http://www.classicube.net/server/play/16903b2965a1dc37615c61eacbd839a3/
04/12/2014 (19:53:21) -    INFO - There are 0 users on the server
04/12/2014 (19:53:21) -    INFO - default: 
04/12/2014 (19:54:20) -    INFO - World 'default' has been saved.
04/12/2014 (19:54:20) -    INFO - Heartbeat Sent. Your URL (saved to docs/SERVERURL): http://www.classicube.net/server/play/16903b2965a1dc37615c61eacbd839a3/
04/12/2014 (19:54:21) -    INFO - There are 0 users on the server
04/12/2014 (19:54:21) -    INFO - default: 
04/12/2014 (19:54:58) -    INFO - 217.114.169.247 is joining world worlds/default
04/12/2014 (19:54:58) -    INFO - (217.114.169.247:53871) Kicked 'LeeIzaZombie'; invalid password (e90cfce80b4c96aab10537b6e107e42c, 22b2a03c562ba1f1203215b1b4143ca3)
04/12/2014 (19:54:58) -    INFO - (217.114.169.247:53871) Sending error: Incorrect authentication, please try again.
04/12/2014 (19:54:58) -    INFO - (217.114.169.247:53871) Disconnected 'LeeIzaZombie'
04/12/2014 (19:55:20) -    INFO - World 'default' has been saved.
04/12/2014 (19:55:21) -    INFO - Heartbeat Sent. Your URL (saved to docs/SERVERURL): http://www.classicube.net/server/play/16903b2965a1dc37615c61eacbd839a3/
04/12/2014 (19:55:21) -    INFO - There are 0 users on the server
04/12/2014 (19:55:21) -    INFO - default: 
04/12/2014 (19:55:38) -    INFO - Saving server metas...
04/12/2014 (19:55:38) -    INFO - Flushing worlds to disk...
04/12/2014 (19:55:38) -    INFO - Saving: worlds/default
