04/13/2014 (00:58:31) -    INFO - Loading plugins...
04/13/2014 (00:58:31) -    INFO - World 'default' Booted.
04/13/2014 (00:58:31) -    INFO - 86 garbage objects collected, 0 were uncollected.
04/13/2014 (00:58:31) -    INFO - Heartbeat Sent. Your URL (saved to docs/SERVERURL): http://www.classicube.net/server/play/16903b2965a1dc37615c61eacbd839a3/
04/13/2014 (00:58:32) -    INFO - There are 0 users on the server
04/13/2014 (00:58:32) -    INFO - default: 
04/13/2014 (00:58:36) -    INFO - IRC client connected.
04/13/2014 (00:58:40) -    INFO - IRC client joined #hetal.
04/13/2014 (00:58:55) -    INFO - <Hetal> ane200055 Survival ClassiCube server *
04/13/2014 (00:59:08) -    INFO - <ane200055> :O
04/13/2014 (00:59:19) -    INFO - <ane200055> Real survival mode?
04/13/2014 (00:59:22) -    INFO - <Hetal> yes
04/13/2014 (00:59:31) -    INFO - World 'default' has been saved.
04/13/2014 (00:59:32) -    INFO - Heartbeat Sent. Your URL (saved to docs/SERVERURL): http://www.classicube.net/server/play/16903b2965a1dc37615c61eacbd839a3/
04/13/2014 (00:59:32) -    INFO - There are 0 users on the server
04/13/2014 (00:59:32) -    INFO - default: 
04/13/2014 (00:59:34) -    INFO - <Hetal> everything except CPE, animals, and pvp
04/13/2014 (00:59:50) -    INFO - <ane200055> Oh and sorry for being a kinda bad owner of the communtiy
04/13/2014 (00:59:52) -    INFO - <Hetal> lel [NEW] is at 0
04/13/2014 (00:59:54) -    INFO - <ane200055> unity
04/13/2014 (00:59:55) -    INFO - <Hetal> and we're at 1
04/13/2014 (01:00:00) -    INFO - 98.249.84.71 is joining world worlds/default
04/13/2014 (01:00:00) -    INFO - (98.249.84.71:50243) Connected, as 'Hetal'
04/13/2014 (01:00:05) -    INFO - <Hetal> now we're at 1
04/13/2014 (01:00:20) -    INFO - <Hetal> :D fall damage is awesome
04/13/2014 (01:00:28) -    INFO - <ane200055> I can make it up once this client is made .-.
04/13/2014 (01:00:31) -    INFO - World 'default' has been saved.
04/13/2014 (01:00:32) -    INFO - Heartbeat Sent. Your URL (saved to docs/SERVERURL): http://www.classicube.net/server/play/16903b2965a1dc37615c61eacbd839a3/
04/13/2014 (01:00:32) -    INFO - There are 1 users on the server
04/13/2014 (01:00:32) -    INFO - default: Hetal
04/13/2014 (01:00:34) -    INFO - <Hetal> :D
04/13/2014 (01:00:39) -    INFO - <Hetal> I can start on it if you want
04/13/2014 (01:00:46) -    INFO - <ane200055> sure
04/13/2014 (01:00:50) -    INFO - <Hetal> ok..
04/13/2014 (01:00:54) -    INFO - <Hetal> Um
04/13/2014 (01:01:01) -    INFO - <Hetal> What do I do lol
04/13/2014 (01:01:02) -    INFO - <ane200055> The java args are nnoying
04/13/2014 (01:01:12) -    INFO - <ane200055> nnoying :D
04/13/2014 (01:01:12) -    INFO - <Hetal> I'll do it later, first me gets to play Survival
04/13/2014 (01:01:28) -    INFO - Hetal: i got some logs :D
04/13/2014 (01:01:31) -    INFO - World 'default' has been saved.
04/13/2014 (01:01:32) -    INFO - Heartbeat Sent. Your URL (saved to docs/SERVERURL): http://www.classicube.net/server/play/16903b2965a1dc37615c61eacbd839a3/
04/13/2014 (01:01:32) -    INFO - Hetal: as in wooden logs :D
04/13/2014 (01:01:32) -    INFO - There are 1 users on the server
04/13/2014 (01:01:32) -    INFO - default: Hetal
04/13/2014 (01:01:48) -    INFO - <ane200055> lel
04/13/2014 (01:02:00) -    INFO - <Hetal> you can even craft and smelt
04/13/2014 (01:02:31) -    INFO - World 'default' has been saved.
04/13/2014 (01:02:32) -    INFO - Heartbeat Sent. Your URL (saved to docs/SERVERURL): http://www.classicube.net/server/play/16903b2965a1dc37615c61eacbd839a3/
04/13/2014 (01:02:32) -    INFO - There are 1 users on the server
04/13/2014 (01:02:32) -    INFO - default: Hetal
04/13/2014 (01:02:40) -    INFO - <Hetal> fuck
04/13/2014 (01:02:56) -    INFO - <Hetal> uhuh
04/13/2014 (01:03:03) -    INFO - <Hetal> its triggered by !
04/13/2014 (01:03:09) -    INFO - <Hetal> Want me to add !Players?
04/13/2014 (01:03:31) -    INFO - World 'default' has been saved.
04/13/2014 (01:03:32) -    INFO - Heartbeat Sent. Your URL (saved to docs/SERVERURL): http://www.classicube.net/server/play/16903b2965a1dc37615c61eacbd839a3/
04/13/2014 (01:03:32) -    INFO - There are 1 users on the server
04/13/2014 (01:03:32) -    INFO - default: Hetal
04/13/2014 (01:04:01) -    INFO - <Hetal> a
04/13/2014 (01:04:15) -    INFO - (98.249.84.71:50243) Hetal just used: /craft
04/13/2014 (01:04:19) -    INFO - (98.249.84.71:50243) Hetal just used: /craft wood
04/13/2014 (01:04:22) -    INFO - (98.249.84.71:50243) Hetal just used: /craft logs
04/13/2014 (01:04:26) -    INFO - (98.249.84.71:50243) Hetal just used: /craft logs 4
04/13/2014 (01:04:31) -    INFO - World 'default' has been saved.
04/13/2014 (01:04:32) -    INFO - Heartbeat Sent. Your URL (saved to docs/SERVERURL): http://www.classicube.net/server/play/16903b2965a1dc37615c61eacbd839a3/
04/13/2014 (01:04:32) -    INFO - There are 1 users on the server
04/13/2014 (01:04:32) -    INFO - default: Hetal
04/13/2014 (01:04:33) -    INFO - (98.249.84.71:50243) Hetal just used: /craft logs 4
04/13/2014 (01:04:47) -    INFO - Hetal: I crafted 4 logs into 16 wooden planks!!!
04/13/2014 (01:04:48) -    INFO - <ane200055> ok
04/13/2014 (01:04:59) -    INFO - <ane200055> :o
04/13/2014 (01:05:24) -    INFO - Hetal: the only real problem is that we'll have to do like
04/13/2014 (01:05:31) -    INFO - World 'default' has been saved.
04/13/2014 (01:05:32) -    INFO - Heartbeat Sent. Your URL (saved to docs/SERVERURL): http://www.classicube.net/server/play/16903b2965a1dc37615c61eacbd839a3/
04/13/2014 (01:05:32) -    INFO - There are 1 users on the server
04/13/2014 (01:05:32) -    INFO - default: Hetal
04/13/2014 (01:05:33) -    INFO - Hetal: weekly tree and ore refills to the terrain
04/13/2014 (01:05:42) -    INFO - Hetal: its only weekly :D
04/13/2014 (01:05:51) -    INFO - <ane200055> Get that briefer bot
04/13/2014 (01:05:54) -    INFO - <ane200055> .
04/13/2014 (01:05:58) -    INFO - (98.249.84.71:50243) Hetal just used: /smelt
04/13/2014 (01:06:00) -    INFO - (98.249.84.71:50243) Hetal just used: /smelt stone
04/13/2014 (01:06:00) -    INFO - <ane200055> griefer
04/13/2014 (01:06:02) -    INFO - (98.249.84.71:50243) Hetal just used: /smelt stone 4
04/13/2014 (01:06:04) -    INFO - Hetal: nah
04/13/2014 (01:06:14) -    INFO - (98.249.84.71:50243) Hetal just used: /z iron
04/13/2014 (01:06:17) -    INFO - (98.249.84.71:50243) Hetal just used: /cuboid iron
04/13/2014 (01:06:29) -    INFO - (98.249.84.71:50243) Hetal just used: /cuboid iron_ore
04/13/2014 (01:06:31) -    INFO - World 'default' has been saved.
04/13/2014 (01:06:33) -    INFO - Heartbeat Sent. Your URL (saved to docs/SERVERURL): http://www.classicube.net/server/play/16903b2965a1dc37615c61eacbd839a3/
04/13/2014 (01:06:33) -    INFO - There are 1 users on the server
04/13/2014 (01:06:33) -    INFO - default: Hetal
04/13/2014 (01:06:40) -    INFO - (98.249.84.71:50243) Hetal just used: /smelt ironore 2
04/13/2014 (01:06:43) -    INFO - (98.249.84.71:50243) Hetal just used: /smelt ironore
04/13/2014 (01:06:52) -    INFO - 172.6.166.17 is joining world worlds/default
04/13/2014 (01:06:52) -    INFO - (172.6.166.17:51033) Connected, as 'chris219219'
04/13/2014 (01:06:56) -    INFO - Hetal: Hey
04/13/2014 (01:06:58) -    INFO - Hetal: Welcome
04/13/2014 (01:07:05) -    INFO - Hetal: Welcome
04/13/2014 (01:07:10) -    INFO - chris219219: hello!
04/13/2014 (01:07:11) -    INFO - <ane200055> Welcome to our server.
04/13/2014 (01:07:14) -    INFO - Hetal: Yes, this is like premium survival mode :D
04/13/2014 (01:07:21) -    INFO - chris219219: horray!
04/13/2014 (01:07:27) -    INFO - Hetal: :D
04/13/2014 (01:07:31) -    INFO - World 'default' has been saved.
04/13/2014 (01:07:33) -    INFO - Heartbeat Sent. Your URL (saved to docs/SERVERURL): http://www.classicube.net/server/play/16903b2965a1dc37615c61eacbd839a3/
04/13/2014 (01:07:33) -    INFO - There are 2 users on the server
04/13/2014 (01:07:33) -    INFO - default: chris219219, Hetal
04/13/2014 (01:07:33) -    INFO - Hetal: you died already?
04/13/2014 (01:07:37) -    INFO - Hetal: lol
04/13/2014 (01:07:42) -    INFO - chris219219: fell
04/13/2014 (01:07:47) -    INFO - (98.249.84.71:50243) Hetal just used: /tp chris
04/13/2014 (01:07:49) -    INFO - <ane200055> This is.. like our SMP server?
04/13/2014 (01:07:53) -    INFO - Hetal: yea
04/13/2014 (01:07:55) -    INFO - Hetal: for ClassiCube
04/13/2014 (01:08:05) -    INFO - <ane200055> What's the terrain like bud
04/13/2014 (01:08:09) -    INFO - Hetal: hills
04/13/2014 (01:08:11) -    INFO - Hetal: big hills
04/13/2014 (01:08:14) -    INFO - <ane200055> :)
04/13/2014 (01:08:18) -    INFO - Hetal: chris need help?
04/13/2014 (01:08:21) -    INFO - chris219219: no
04/13/2014 (01:08:23) -    INFO - <ane200055> What's the map size
04/13/2014 (01:08:31) -    INFO - World 'default' has been saved.
04/13/2014 (01:08:32) -    INFO - Hetal: 256 x 512 x 256
04/13/2014 (01:08:33) -    INFO - Heartbeat Sent. Your URL (saved to docs/SERVERURL): http://www.classicube.net/server/play/16903b2965a1dc37615c61eacbd839a3/
04/13/2014 (01:08:33) -    INFO - There are 2 users on the server
04/13/2014 (01:08:33) -    INFO - default: chris219219, Hetal
04/13/2014 (01:08:36) -    INFO - Hetal: or something near that
04/13/2014 (01:08:39) -    INFO - (98.249.84.71:50243) Hetal just used: /tp chr
04/13/2014 (01:08:50) -    INFO - <ane200055> God, wouldn't that be laggy as hell for some
04/13/2014 (01:08:54) -    INFO - <IRC> &eCatherinexeyx has joined #hetal
04/13/2014 (01:08:55) -    INFO - Hetal: not really
04/13/2014 (01:08:58) -    INFO - <Hetal> hey
04/13/2014 (01:09:04) -    INFO - <Hetal> spam bot
04/13/2014 (01:09:08) -    INFO - (98.249.84.71:50243) Hetal just used: /tp chr
04/13/2014 (01:09:10) -    INFO - <ane200055> span bof
04/13/2014 (01:09:13) -    INFO - <ane200055> span bot
04/13/2014 (01:09:17) -    INFO - Hetal: you can do /craft and /smelt too :D
04/13/2014 (01:09:21) -    INFO - chris219219: oh
04/13/2014 (01:09:24) -    INFO - (172.6.166.17:51033) chris219219 just used: /craft
04/13/2014 (01:09:26) -    INFO - Hetal:  /craft logs 4
04/13/2014 (01:09:31) -    INFO - World 'default' has been saved.
04/13/2014 (01:09:33) -    INFO - <ane200055> I'm throwing my laptop out the window
04/13/2014 (01:09:33) -    INFO - Heartbeat Sent. Your URL (saved to docs/SERVERURL): http://www.classicube.net/server/play/16903b2965a1dc37615c61eacbd839a3/
04/13/2014 (01:09:33) -    INFO - There are 2 users on the server
04/13/2014 (01:09:33) -    INFO - default: chris219219, Hetal
04/13/2014 (01:09:33) -    INFO - Hetal: will give you 16 wooden planks
04/13/2014 (01:09:35) -    INFO - <IRC> &eCatherinexeyx has quit IRC.
04/13/2014 (01:09:35) -    INFO - <IRC> &e(Client exited&e)
04/13/2014 (01:09:40) -    INFO - <ane200055> I'll probably lag
04/13/2014 (01:09:42) -    INFO - Hetal: and /smelt ironore 2
04/13/2014 (01:09:44) -    INFO - (172.6.166.17:51033) chris219219 just used: /craft log 4
04/13/2014 (01:09:46) -    INFO - Hetal: will give you 2 ironores
04/13/2014 (01:09:47) -    INFO - chris219219: oh
04/13/2014 (01:09:51) -    INFO - Hetal: :D
04/13/2014 (01:09:58) -    INFO - Hetal: but you need those items already
04/13/2014 (01:10:00) -    INFO - Hetal: or it wont work
04/13/2014 (01:10:05) -    INFO - chris219219: ikm
04/13/2014 (01:10:07) -    INFO - chris219219: ik
04/13/2014 (01:10:22) -    INFO - Hetal: want a free rank for being the first person on this
04/13/2014 (01:10:24) -    INFO - Hetal: server :D
04/13/2014 (01:10:28) -    INFO - chris219219: ok
04/13/2014 (01:10:31) -    INFO - (98.249.84.71:50243) Hetal just used: /builder
04/13/2014 (01:10:31) -    INFO - World 'default' has been saved.
04/13/2014 (01:10:33) -    INFO - Heartbeat Sent. Your URL (saved to docs/SERVERURL): http://www.classicube.net/server/play/16903b2965a1dc37615c61eacbd839a3/
04/13/2014 (01:10:33) -    INFO - There are 2 users on the server
04/13/2014 (01:10:33) -    INFO - default: chris219219, Hetal
04/13/2014 (01:10:33) -    INFO - (98.249.84.71:50243) Hetal just used: /builder
04/13/2014 (01:10:40) -    INFO - (98.249.84.71:50243) Hetal just used: /builder chris219219
04/13/2014 (01:10:42) -    INFO - Hetal: :D
04/13/2014 (01:10:48) -    INFO - chris219219: wtf
04/13/2014 (01:10:52) -    INFO - Hetal: what?
04/13/2014 (01:10:58) -    INFO - Hetal: Did I do something wrong D;
04/13/2014 (01:11:03) -    INFO - (98.249.84.71:50243) Hetal just used: /tp chr
04/13/2014 (01:11:05) -    INFO - chris219219: it says demoted
04/13/2014 (01:11:08) -    INFO - <ane200055> I'll be on either when ByteBit has finished that client or when I get this laptop that is becoming a liking not
04/13/2014 (01:11:08) -    INFO - Hetal: :O
04/13/2014 (01:11:16) -    INFO - Hetal: will it should be promoted
04/13/2014 (01:11:20) -    INFO - Hetal: because you were guest before
04/13/2014 (01:11:30) -    INFO - Hetal: i need to fix that too
04/13/2014 (01:11:31) -    INFO - World 'default' has been saved.
04/13/2014 (01:11:33) -    INFO - Heartbeat Sent. Your URL (saved to docs/SERVERURL): http://www.classicube.net/server/play/16903b2965a1dc37615c61eacbd839a3/
04/13/2014 (01:11:33) -    INFO - There are 2 users on the server
04/13/2014 (01:11:33) -    INFO - default: chris219219, Hetal
04/13/2014 (01:11:56) -    INFO - Hetal: we're gonna add PvP in the next update
04/13/2014 (01:12:00) -    INFO - Hetal: then we might add animals
04/13/2014 (01:12:00) -    INFO - chris219219: ok
04/13/2014 (01:12:22) -    INFO - Hetal: Am I annoying :D
04/13/2014 (01:12:31) -    INFO - World 'default' has been saved.
04/13/2014 (01:12:33) -    INFO - Heartbeat Sent. Your URL (saved to docs/SERVERURL): http://www.classicube.net/server/play/16903b2965a1dc37615c61eacbd839a3/
04/13/2014 (01:12:33) -    INFO - There are 2 users on the server
04/13/2014 (01:12:33) -    INFO - default: chris219219, Hetal
04/13/2014 (01:12:34) -    INFO - <ane200055> Yes.
04/13/2014 (01:12:37) -    INFO - <ane200055> :)
04/13/2014 (01:12:41) -    INFO - Hetal: :D
04/13/2014 (01:12:48) -    INFO - (98.249.84.71:50243) Hetal just used: /setowner hetal
04/13/2014 (01:12:53) -    INFO - (98.249.84.71:50243) Hetal just used: /setowner N/A
04/13/2014 (01:13:04) -    INFO - Hetal: Do you need anything
04/13/2014 (01:13:07) -    INFO - Hetal: I can use /give
04/13/2014 (01:13:09) -    INFO - chris219219: nah
04/13/2014 (01:13:11) -    INFO - (98.249.84.71:50243) Hetal just used: /help give
04/13/2014 (01:13:13) -    INFO - <IRC> &eBreakdown was kicked from #hetal by ane200055
04/13/2014 (01:13:13) -    INFO - <IRC> &eReason: ane200055
04/13/2014 (01:13:31) -    INFO - 1513 garbage objects collected, 0 were uncollected.
04/13/2014 (01:13:31) -    INFO - World 'default' has been saved.
04/13/2014 (01:13:33) -    INFO - Heartbeat Sent. Your URL (saved to docs/SERVERURL): http://www.classicube.net/server/play/16903b2965a1dc37615c61eacbd839a3/
04/13/2014 (01:13:33) -    INFO - There are 2 users on the server
04/13/2014 (01:13:33) -    INFO - default: chris219219, Hetal
04/13/2014 (01:13:33) -    INFO - <Hetal> seriously lel
04/13/2014 (01:13:39) -    INFO - <ane200055> Best way
04/13/2014 (01:13:53) -    INFO - WORLD - Hetal in default: test
04/13/2014 (01:13:59) -    INFO - <Hetal> that works :O
04/13/2014 (01:14:12) -    INFO - WORLD - ane200055 in default: lOL
04/13/2014 (01:14:14) -    INFO - (172.6.166.17:51033) chris219219 just used: /craft log 10
04/13/2014 (01:14:21) -    INFO - (172.6.166.17:51033) chris219219 just used: /craft log 5
04/13/2014 (01:14:31) -    INFO - World 'default' has been saved.
04/13/2014 (01:14:33) -    INFO - Heartbeat Sent. Your URL (saved to docs/SERVERURL): http://www.classicube.net/server/play/16903b2965a1dc37615c61eacbd839a3/
04/13/2014 (01:14:33) -    INFO - There are 2 users on the server
04/13/2014 (01:14:33) -    INFO - default: chris219219, Hetal
04/13/2014 (01:14:41) -    INFO - (98.249.84.71:50243) Hetal just used: /tp chr
04/13/2014 (01:14:42) -    INFO - WORLD - ane200055 in default: kick
 Hetal
04/13/2014 (01:14:47) -    INFO - Hetal: o nice
04/13/2014 (01:14:47) -    INFO - <ane200055> :O
04/13/2014 (01:15:07) -    INFO - <IRC> &eBan set in #hetal by Script
04/13/2014 (01:15:07) -    INFO - <IRC> &e(*!*@ane200055.bnc.geekshed.net)
04/13/2014 (01:15:21) -    INFO - 87.78.129.231 is joining world worlds/default
04/13/2014 (01:15:21) -    INFO - (87.78.129.231:60645) Connected, as 'Yoshi2'
04/13/2014 (01:15:29) -    INFO - Hetal: heyo
04/13/2014 (01:15:30) -    INFO - <IRC> &eBan lifted in #hetal by Services.GeekShed.net
04/13/2014 (01:15:30) -    INFO - <IRC> &e(*!*@ane200055.bnc.geekshed.net)
04/13/2014 (01:15:31) -    INFO - World 'default' has been saved.
04/13/2014 (01:15:34) -    INFO - Heartbeat Sent. Your URL (saved to docs/SERVERURL): http://www.classicube.net/server/play/16903b2965a1dc37615c61eacbd839a3/
04/13/2014 (01:15:34) -    INFO - There are 3 users on the server
04/13/2014 (01:15:34) -    INFO - default: chris219219, Hetal, Yoshi2
04/13/2014 (01:15:36) -    INFO - <ane200055> :(
04/13/2014 (01:15:41) -    INFO - Hetal: ane200055 : Your spamming the chat
04/13/2014 (01:15:46) -    INFO - chris219219: who me?
04/13/2014 (01:15:49) -    INFO - Hetal: no
04/13/2014 (01:15:52) -    INFO - <ane200055> Sorry.
04/13/2014 (01:15:58) -    INFO - Yoshi2: good day
04/13/2014 (01:16:03) -    INFO - Hetal: :D
04/13/2014 (01:16:04) -    INFO - <ane200055> Hey.
04/13/2014 (01:16:07) -    INFO - (98.249.84.71:50243) Hetal just used: /tp yoshi2
04/13/2014 (01:16:07) -    INFO - chris219219: hi
04/13/2014 (01:16:12) -    INFO - Yoshi2: wow, the terrain is so curvy
04/13/2014 (01:16:18) -    INFO - Hetal: ikr
04/13/2014 (01:16:19) -    INFO - <ane200055> Welcome to our server... that I can probably never join
04/13/2014 (01:16:24) -    INFO - Hetal: lol
04/13/2014 (01:16:31) -    INFO - World 'default' has been saved.
04/13/2014 (01:16:34) -    INFO - Heartbeat Sent. Your URL (saved to docs/SERVERURL): http://www.classicube.net/server/play/16903b2965a1dc37615c61eacbd839a3/
04/13/2014 (01:16:34) -    INFO - There are 3 users on the server
04/13/2014 (01:16:34) -    INFO - default: chris219219, Hetal, Yoshi2
04/13/2014 (01:16:42) -    INFO - Hetal:  /craft and  /smelt work too :D
04/13/2014 (01:16:50) -    INFO - Hetal:  /craft logs 4
04/13/2014 (01:16:54) -    INFO - Hetal: 4 logs = 16 planks
04/13/2014 (01:16:58) -    INFO - Yoshi2: this does not look like modern minecraft at all, but
04/13/2014 (01:16:59) -    INFO - Hetal: and some other stuff i forgot
04/13/2014 (01:17:08) -    INFO - Yoshi2: I am a big fan of abstract terrain
04/13/2014 (01:17:08) -    INFO - Hetal: *but*
04/13/2014 (01:17:11) -    INFO - Hetal: lol
04/13/2014 (01:17:32) -    INFO - World 'default' has been saved.
04/13/2014 (01:17:32) -    INFO - (172.6.166.17:51033) chris219219 just used: /craft stone 100
04/13/2014 (01:17:34) -    INFO - Heartbeat Sent. Your URL (saved to docs/SERVERURL): http://www.classicube.net/server/play/16903b2965a1dc37615c61eacbd839a3/
04/13/2014 (01:17:34) -    INFO - There are 3 users on the server
04/13/2014 (01:17:34) -    INFO - default: chris219219, Hetal, Yoshi2
04/13/2014 (01:17:36) -    INFO - Hetal: all i have to do is weekly ore and tree refills
04/13/2014 (01:17:39) -    INFO - (87.78.129.231:60645) Yoshi2 just used: /craft
04/13/2014 (01:17:46) -    INFO - <ane200055> Peas.
04/13/2014 (01:17:58) -    INFO - Hetal: CC doesnt support peas yet
04/13/2014 (01:18:05) -    INFO - Hetal: nor do we support CPE yet :3
04/13/2014 (01:18:14) -    INFO - (98.249.84.71:50243) Hetal just used: /tp yosh
04/13/2014 (01:18:21) -    INFO - Hetal: dall damage ..
04/13/2014 (01:18:27) -    INFO - <IRC> &eBan set in #hetal by ane200055
04/13/2014 (01:18:27) -    INFO - <IRC> &e(~c:#NadorChat)
04/13/2014 (01:18:28) -    INFO - Yoshi2: fall damage
04/13/2014 (01:18:32) -    INFO - World 'default' has been saved.
04/13/2014 (01:18:33) -    INFO - <IRC> &eBan set in #hetal by ane200055
04/13/2014 (01:18:33) -    INFO - <IRC> &e(~c:#test)
04/13/2014 (01:18:34) -    INFO - Heartbeat Sent. Your URL (saved to docs/SERVERURL): http://www.classicube.net/server/play/16903b2965a1dc37615c61eacbd839a3/
04/13/2014 (01:18:34) -    INFO - There are 3 users on the server
04/13/2014 (01:18:34) -    INFO - default: chris219219, Hetal, Yoshi2
04/13/2014 (01:18:43) -    INFO - Hetal: ane200055 spam?
04/13/2014 (01:19:01) -    INFO - Hetal: Yoshi2 are you able to use hax?
04/13/2014 (01:19:01) -    INFO - <IRC> &eBan set in #hetal by ane200055
04/13/2014 (01:19:01) -    INFO - <IRC> &e(lightIRC_*!*@*)
04/13/2014 (01:19:06) -    INFO - (98.249.84.71:50243) Hetal just used: /tp chr
04/13/2014 (01:19:25) -    INFO - (98.249.84.71:50243) Hetal just used: /tp yo
04/13/2014 (01:19:32) -    INFO - World 'default' has been saved.
04/13/2014 (01:19:32) -    INFO - <IRC> &eBan set in #hetal by ane200055
04/13/2014 (01:19:32) -    INFO - <IRC> &e(user_*!*@*)
04/13/2014 (01:19:33) -    INFO - (98.249.84.71:50243) Hetal just used: /tree on
04/13/2014 (01:19:34) -    INFO - Heartbeat Sent. Your URL (saved to docs/SERVERURL): http://www.classicube.net/server/play/16903b2965a1dc37615c61eacbd839a3/
04/13/2014 (01:19:34) -    INFO - There are 3 users on the server
04/13/2014 (01:19:34) -    INFO - default: chris219219, Hetal, Yoshi2
04/13/2014 (01:19:40) -    INFO - Yoshi2: no, I am not able to use hacks
04/13/2014 (01:19:46) -    INFO - Hetal: ok that works :D
04/13/2014 (01:19:48) -    INFO - chris219219: i am
04/13/2014 (01:19:48) -    INFO - (98.249.84.71:50243) Hetal just used: /tree off
04/13/2014 (01:19:52) -    INFO - Hetal: you are?
04/13/2014 (01:19:55) -    INFO - (98.249.84.71:50243) Hetal just used: /tp chr
04/13/2014 (01:19:57) -    INFO - chris219219: yeah
04/13/2014 (01:20:04) -    INFO - Hetal: o.o he is able to
04/13/2014 (01:20:09) -    INFO - Hetal: what client are you using?
04/13/2014 (01:20:13) -    INFO - chris219219: cc
04/13/2014 (01:20:24) -    INFO - Hetal: well could you reframe from using hax for now?
04/13/2014 (01:20:26) -    INFO - Yoshi2: ophacks are enabled
04/13/2014 (01:20:32) -    INFO - World 'default' has been saved.
04/13/2014 (01:20:33) -    INFO - Hetal: but me needs my hax
04/13/2014 (01:20:34) -    INFO - Heartbeat Sent. Your URL (saved to docs/SERVERURL): http://www.classicube.net/server/play/16903b2965a1dc37615c61eacbd839a3/
04/13/2014 (01:20:34) -    INFO - There are 3 users on the server
04/13/2014 (01:20:34) -    INFO - default: chris219219, Hetal, Yoshi2
04/13/2014 (01:20:45) -    INFO - Hetal: so does ane200055
04/13/2014 (01:20:50) -    INFO - chris219219: im an op maybe
04/13/2014 (01:20:57) -    INFO - Hetal: aculi your builder :3
04/13/2014 (01:20:58) -    INFO - (172.6.166.17:51033) chris219219 just used: /craft log 10
04/13/2014 (01:20:59) -    INFO - Hetal: but yea
04/13/2014 (01:21:03) -    INFO - Hetal: 2 FREE OPS ;D
04/13/2014 (01:21:05) -    INFO - Yoshi2: some ranks might be counted as OP
04/13/2014 (01:21:13) -    INFO - (98.249.84.71:50243) Hetal just used: /rank op yoshi2
04/13/2014 (01:21:18) -    INFO - (98.249.84.71:50243) Hetal just used: /rank op chris219219
04/13/2014 (01:21:25) -    INFO - Hetal: ane200055 dont mind
04/13/2014 (01:21:30) -    INFO - Hetal: I just like op'ing people
04/13/2014 (01:21:32) -    INFO - World 'default' has been saved.
04/13/2014 (01:21:34) -    INFO - Heartbeat Sent. Your URL (saved to docs/SERVERURL): http://www.classicube.net/server/play/16903b2965a1dc37615c61eacbd839a3/
04/13/2014 (01:21:34) -    INFO - There are 3 users on the server
04/13/2014 (01:21:34) -    INFO - default: chris219219, Hetal, Yoshi2
04/13/2014 (01:21:41) -    INFO - (172.6.166.17:51033) chris219219 just used: /craft log 4
04/13/2014 (01:21:43) -    INFO - (98.249.84.71:50243) Hetal just used: /tp chr
04/13/2014 (01:21:48) -    INFO - <ane200055> o.o
04/13/2014 (01:21:52) -    INFO - (98.249.84.71:50243) Hetal just used: /tp yo
04/13/2014 (01:21:53) -    INFO - <ane200055> Kk
04/13/2014 (01:22:02) -    INFO - (98.249.84.71:50243) Hetal just used: /z ore
04/13/2014 (01:22:08) -    INFO - Yoshi2: a guy on a server gave me OP while he went off for
04/13/2014 (01:22:10) -    INFO - Yoshi2: dinner
04/13/2014 (01:22:12) -    INFO - (98.249.84.71:50243) Hetal just used: /cuboid ore
04/13/2014 (01:22:16) -    INFO - Hetal: and you griefed
04/13/2014 (01:22:21) -    INFO - (98.249.84.71:50243) Hetal just used: /cuboid ironore
04/13/2014 (01:22:28) -    INFO - (98.249.84.71:50243) Hetal just used: /smelt ironore 2
04/13/2014 (01:22:30) -    INFO - (98.249.84.71:50243) Hetal just used: /smelt ironore
04/13/2014 (01:22:32) -    INFO - World 'default' has been saved.
04/13/2014 (01:22:34) -    INFO - Heartbeat Sent. Your URL (saved to docs/SERVERURL): http://www.classicube.net/server/play/16903b2965a1dc37615c61eacbd839a3/
04/13/2014 (01:22:34) -    INFO - There are 3 users on the server
04/13/2014 (01:22:34) -    INFO - default: chris219219, Hetal, Yoshi2
04/13/2014 (01:22:38) -    INFO - Yoshi2: I looked after the players on the server while he was
04/13/2014 (01:22:40) -    INFO - Yoshi2: gone :>
04/13/2014 (01:22:50) -    INFO - (98.249.84.71:50243) Hetal just used: /smelt ironore ironore 2
04/13/2014 (01:22:52) -    INFO - Hetal: D;
04/13/2014 (01:22:58) -    INFO - (98.249.84.71:50243) Hetal just used: /smelt ironore logs 4
04/13/2014 (01:23:07) -    INFO - Yoshi2: he took it away from me when he came back
04/13/2014 (01:23:11) -    INFO - Hetal: D;
04/13/2014 (01:23:11) -    INFO - Yoshi2: fun times were had
04/13/2014 (01:23:12) -    INFO - (172.6.166.17:51033) chris219219 just used: /craft log 8
04/13/2014 (01:23:24) -    INFO - <IRC> &eBan set in #hetal by ane200055
04/13/2014 (01:23:24) -    INFO - <IRC> &e(HetaI!*@*)
04/13/2014 (01:23:25) -    INFO - Hetal: does drowning work?
04/13/2014 (01:23:32) -    INFO - World 'default' has been saved.
04/13/2014 (01:23:35) -    INFO - Heartbeat Sent. Your URL (saved to docs/SERVERURL): http://www.classicube.net/server/play/16903b2965a1dc37615c61eacbd839a3/
04/13/2014 (01:23:35) -    INFO - There are 3 users on the server
04/13/2014 (01:23:35) -    INFO - default: chris219219, Hetal, Yoshi2
04/13/2014 (01:23:38) -    INFO - Hetal: yes it does
04/13/2014 (01:23:48) -    INFO - <ane200055> kk
04/13/2014 (01:23:50) -    INFO - Hetal: did it say I died?
04/13/2014 (01:23:56) -    INFO - <ane200055> Stfu NeonGaming
04/13/2014 (01:24:05) -    INFO - Yoshi2: yup
04/13/2014 (01:24:11) -    INFO - Yoshi2: drowning works
04/13/2014 (01:24:14) -    INFO - Hetal: yea
04/13/2014 (01:24:17) -    INFO - WORLD - ane200055 in default: players
04/13/2014 (01:24:24) -    INFO - Hetal: fall damage works too
04/13/2014 (01:24:27) -    INFO - WORLD - ane200055 in default: test
04/13/2014 (01:24:32) -    INFO - World 'default' has been saved.
04/13/2014 (01:24:35) -    INFO - Heartbeat Sent. Your URL (saved to docs/SERVERURL): http://www.classicube.net/server/play/16903b2965a1dc37615c61eacbd839a3/
04/13/2014 (01:24:35) -    INFO - There are 3 users on the server
04/13/2014 (01:24:35) -    INFO - default: chris219219, Hetal, Yoshi2
04/13/2014 (01:24:41) -    INFO - <IRC> &eane200055 was kicked from #hetal by Script
04/13/2014 (01:24:41) -    INFO - <IRC> &eReason: Requested (ane200055)
04/13/2014 (01:24:42) -    INFO - Yoshi2: falldamage works, dying from fall damage works
04/13/2014 (01:24:49) -    INFO - Hetal: yea
04/13/2014 (01:24:50) -    INFO - <IRC> &eane200055 has joined #hetal
04/13/2014 (01:24:51) -    INFO - Yoshi2: are there other ways to die?
04/13/2014 (01:24:54) -    INFO - <ane200055> ._.
04/13/2014 (01:24:54) -    INFO - Hetal: well
04/13/2014 (01:24:58) -    INFO - Hetal: not yet
04/13/2014 (01:25:01) -    INFO - Hetal: going in lava
04/13/2014 (01:25:05) -    INFO - (98.249.84.71:50243) Kicked '98.249.84.71'; Tried to place an invalid block.; Block: '10'
04/13/2014 (01:25:05) -    INFO - (98.249.84.71:50243) Sending error: Invalid blocks are not allowed!
04/13/2014 (01:25:05) -    INFO - (98.249.84.71:50243) Disconnected 'Hetal'
04/13/2014 (01:25:11) -    INFO - 98.249.84.71 is joining world worlds/default
04/13/2014 (01:25:11) -    INFO - (98.249.84.71:50295) Connected, as 'Hetal'
04/13/2014 (01:25:29) -    INFO - Hetal: has to be still lava..
04/13/2014 (01:25:32) -    INFO - World 'default' has been saved.
04/13/2014 (01:25:35) -    INFO - Heartbeat Sent. Your URL (saved to docs/SERVERURL): http://www.classicube.net/server/play/16903b2965a1dc37615c61eacbd839a3/
04/13/2014 (01:25:35) -    INFO - There are 3 users on the server
04/13/2014 (01:25:35) -    INFO - default: chris219219, Hetal, Yoshi2
04/13/2014 (01:25:36) -    INFO - (172.6.166.17:51033) chris219219 just used: /smelt stone 1
04/13/2014 (01:25:46) -    INFO - (98.249.84.71:50295) Hetal just used: /give hetal stilllava
04/13/2014 (01:25:49) -    INFO - (98.249.84.71:50295) Hetal just used: /give hetal stilllava 2
04/13/2014 (01:26:00) -    INFO - (98.249.84.71:50295) Hetal just used: /give hetal 2 stilllava
04/13/2014 (01:26:09) -    INFO - (172.6.166.17:51033) chris219219 just used: /smelt stone rock 1
04/13/2014 (01:26:11) -    INFO - <ane200055> What complete dumb person did that msg
04/13/2014 (01:26:22) -    INFO - Hetal: what message
04/13/2014 (01:26:27) -    INFO - (98.249.84.71:50295) Hetal just used: /tp yos
04/13/2014 (01:26:31) -    INFO - (172.6.166.17:51033) chris219219 just used: /smelt wood stone 1
04/13/2014 (01:26:32) -    INFO - World 'default' has been saved.
04/13/2014 (01:26:34) -    INFO - <ane200055> >has come online
04/13/2014 (01:26:35) -    INFO - Heartbeat Sent. Your URL (saved to docs/SERVERURL): http://www.classicube.net/server/play/16903b2965a1dc37615c61eacbd839a3/
04/13/2014 (01:26:35) -    INFO - There are 3 users on the server
04/13/2014 (01:26:35) -    INFO - default: chris219219, Hetal, Yoshi2
04/13/2014 (01:26:38) -    INFO - Hetal: there are no naturally lava in this map so yea
04/13/2014 (01:26:48) -    INFO - (172.6.166.17:51033) chris219219 just used: /smelt log stone 1
04/13/2014 (01:26:49) -    INFO - Hetal: ane200055 NeonGaming did
04/13/2014 (01:26:55) -    INFO - <ane200055> D;
04/13/2014 (01:26:59) -    INFO - (98.249.84.71:50295) Hetal just used: /tp y
04/13/2014 (01:27:07) -    INFO - <ane200055> I meant who but it der
04/13/2014 (01:27:08) -    INFO - Hetal: my wood :D
04/13/2014 (01:27:14) -    INFO - (98.249.84.71:50295) Hetal just used: /tp c
04/13/2014 (01:27:23) -    INFO - Hetal: o chris is mining
04/13/2014 (01:27:27) -    INFO - Hetal: i need to set the ores
04/13/2014 (01:27:30) -    INFO - <ane200055> lol
04/13/2014 (01:27:32) -    INFO - World 'default' has been saved.
04/13/2014 (01:27:32) -    INFO - Yoshi2: is it possible to plant trees?
04/13/2014 (01:27:35) -    INFO - Heartbeat Sent. Your URL (saved to docs/SERVERURL): http://www.classicube.net/server/play/16903b2965a1dc37615c61eacbd839a3/
04/13/2014 (01:27:35) -    INFO - There are 3 users on the server
04/13/2014 (01:27:35) -    INFO - default: chris219219, Hetal, Yoshi2
04/13/2014 (01:27:41) -    INFO - Hetal: yea should be
04/13/2014 (01:27:42) -    INFO - Hetal: wait
04/13/2014 (01:27:46) -    INFO - chris219219: i need ores
04/13/2014 (01:27:46) -    INFO - Hetal: by command or..
04/13/2014 (01:28:00) -    INFO - Yoshi2: by placing saplings or something like that
04/13/2014 (01:28:20) -    INFO - chris219219: do you have like unlimited inventory or something?
04/13/2014 (01:28:23) -    INFO - Yoshi2: leaves could randomly yield saplings
04/13/2014 (01:28:30) -    INFO - Hetal: its planned
04/13/2014 (01:28:31) -    INFO - 1663 garbage objects collected, 0 were uncollected.
04/13/2014 (01:28:32) -    INFO - World 'default' has been saved.
04/13/2014 (01:28:35) -    INFO - Heartbeat Sent. Your URL (saved to docs/SERVERURL): http://www.classicube.net/server/play/16903b2965a1dc37615c61eacbd839a3/
04/13/2014 (01:28:35) -    INFO - There are 3 users on the server
04/13/2014 (01:28:35) -    INFO - default: chris219219, Hetal, Yoshi2
04/13/2014 (01:28:47) -    INFO - chris219219: i need ores
04/13/2014 (01:28:47) -    INFO - Hetal: pvp is also planned
04/13/2014 (01:28:50) -    INFO - Hetal: and animals idk
04/13/2014 (01:28:55) -    INFO - Hetal: chris go mining
04/13/2014 (01:29:05) -    INFO - Yoshi2: ooooh, leaves do yield saplings
04/13/2014 (01:29:10) -    INFO - Hetal: yep
04/13/2014 (01:29:12) -    INFO - Yoshi2: those are called shrubs for some reason
04/13/2014 (01:29:26) -    INFO - (98.249.84.71:50295) Hetal just used: /tp chris
04/13/2014 (01:29:28) -    INFO - (98.249.84.71:50295) Hetal just used: /tp chris
04/13/2014 (01:29:32) -    INFO - World 'default' has been saved.
04/13/2014 (01:29:35) -    INFO - Heartbeat Sent. Your URL (saved to docs/SERVERURL): http://www.classicube.net/server/play/16903b2965a1dc37615c61eacbd839a3/
04/13/2014 (01:29:35) -    INFO - There are 3 users on the server
04/13/2014 (01:29:35) -    INFO - default: chris219219, Hetal, Yoshi2
04/13/2014 (01:29:37) -    INFO - (98.249.84.71:50295) Hetal just used: /z ironore
04/13/2014 (01:29:51) -    INFO - (98.249.84.71:50295) Hetal just used: /z ironore
04/13/2014 (01:29:54) -    INFO - <ane200055> *2.
04/13/2014 (01:29:56) -    INFO - (98.249.84.71:50295) Hetal just used: /cuboid ironore
04/13/2014 (01:29:56) -    INFO - <ane200055> ?
04/13/2014 (01:29:58) -    INFO - Hetal: found some
04/13/2014 (01:30:02) -    INFO - chris219219: yeah!
04/13/2014 (01:30:07) -    INFO - <ane200055> Does this work.
04/13/2014 (01:30:11) -    INFO - Hetal: what
04/13/2014 (01:30:13) -    INFO - <ane200055> *2#
04/13/2014 (01:30:13) -    INFO - Hetal: yes
04/13/2014 (01:30:19) -    INFO - Yoshi2: hmm, the message spam is a bit annoying
04/13/2014 (01:30:19) -    INFO - <ane200055> What color
04/13/2014 (01:30:25) -    INFO - Hetal: which message spam
04/13/2014 (01:30:29) -    INFO - Hetal: ane200055 or..
04/13/2014 (01:30:30) -    INFO - <ane200055> ?
04/13/2014 (01:30:32) -    INFO - World 'default' has been saved.
04/13/2014 (01:30:35) -    INFO - Heartbeat Sent. Your URL (saved to docs/SERVERURL): http://www.classicube.net/server/play/16903b2965a1dc37615c61eacbd839a3/
04/13/2014 (01:30:35) -    INFO - There are 3 users on the server
04/13/2014 (01:30:35) -    INFO - default: chris219219, Hetal, Yoshi2
04/13/2014 (01:30:36) -    INFO - Yoshi2: breaking blocks
04/13/2014 (01:30:43) -    INFO - <ane200055> M
04/13/2014 (01:30:47) -    INFO - <ane200055> *
04/13/2014 (01:30:48) -    INFO - Hetal: well CC is planning on removing survival test
04/13/2014 (01:31:00) -    INFO - Hetal: i could make them trigger via command
04/13/2014 (01:31:02) -    INFO - <ane200055> I didn't know it had it.
04/13/2014 (01:31:11) -    INFO - Yoshi2: when the player has more than 100 blocks or so, the
04/13/2014 (01:31:13) -    INFO - <ane200055> lel
04/13/2014 (01:31:22) -    INFO - Yoshi2: server could send a message every time the player loses
04/13/2014 (01:31:26) -    INFO - Yoshi2: or receives 10 blocks
04/13/2014 (01:31:32) -    INFO - World 'default' has been saved.
04/13/2014 (01:31:32) -    INFO - Hetal: hm ok
04/13/2014 (01:31:36) -    INFO - Heartbeat Sent. Your URL (saved to docs/SERVERURL): http://www.classicube.net/server/play/16903b2965a1dc37615c61eacbd839a3/
04/13/2014 (01:31:36) -    INFO - There are 3 users on the server
04/13/2014 (01:31:36) -    INFO - default: chris219219, Hetal, Yoshi2
04/13/2014 (01:31:40) -    INFO - Yoshi2: instead of every time the player breaks a block
04/13/2014 (01:31:42) -    INFO - Hetal: ugh i have to set ores over 100000 blocks
04/13/2014 (01:32:32) -    INFO - World 'default' has been saved.
04/13/2014 (01:32:32) -    INFO - (98.249.84.71:50295) Hetal just used: /replace air ironore
04/13/2014 (01:32:36) -    INFO - Heartbeat Sent. Your URL (saved to docs/SERVERURL): http://www.classicube.net/server/play/16903b2965a1dc37615c61eacbd839a3/
04/13/2014 (01:32:36) -    INFO - There are 3 users on the server
04/13/2014 (01:32:36) -    INFO - default: chris219219, Hetal, Yoshi2
04/13/2014 (01:32:38) -    INFO - chris219219: 586 stone blocks lol
04/13/2014 (01:32:42) -    INFO - Hetal: lol
04/13/2014 (01:33:07) -    INFO - chris219219: cant find anything
04/13/2014 (01:33:07) -    INFO - Hetal: wait I'm adding ores
04/13/2014 (01:33:32) -    INFO - World 'default' has been saved.
04/13/2014 (01:33:34) -    INFO - Yoshi2: the trees are huge compared to the amount of wood they
04/13/2014 (01:33:35) -    INFO - Yoshi2: give
04/13/2014 (01:33:36) -    INFO - Heartbeat Sent. Your URL (saved to docs/SERVERURL): http://www.classicube.net/server/play/16903b2965a1dc37615c61eacbd839a3/
04/13/2014 (01:33:36) -    INFO - There are 3 users on the server
04/13/2014 (01:33:36) -    INFO - default: chris219219, Hetal, Yoshi2
04/13/2014 (01:33:47) -    INFO - Hetal: lel all i did was /tree
04/13/2014 (01:34:02) -    INFO - Yoshi2: heh
04/13/2014 (01:34:17) -    INFO - (98.249.84.71:50295) Hetal just used: /replace air ironore
04/13/2014 (01:34:27) -    INFO - Hetal: ironores added
04/13/2014 (01:34:32) -    INFO - World 'default' has been saved.
04/13/2014 (01:34:32) -    INFO - Yoshi2: do saplings grow yet?
04/13/2014 (01:34:35) -    INFO - Hetal: they will come at like 100 per time
04/13/2014 (01:34:36) -    INFO - Heartbeat Sent. Your URL (saved to docs/SERVERURL): http://www.classicube.net/server/play/16903b2965a1dc37615c61eacbd839a3/
04/13/2014 (01:34:36) -    INFO - There are 3 users on the server
04/13/2014 (01:34:36) -    INFO - default: chris219219, Hetal, Yoshi2
04/13/2014 (01:34:43) -    INFO - Hetal: well they should/shoulnt
04/13/2014 (01:34:47) -    INFO - Hetal: shouldnt*
04/13/2014 (01:34:49) -    INFO - chris219219: 800 stone!
04/13/2014 (01:34:54) -    INFO - Hetal: i havent checked the physics code yet
04/13/2014 (01:35:07) -    INFO - (98.249.84.71:50295) Hetal just used: /replace ironore air
04/13/2014 (01:35:07) -    INFO - Yoshi2: schroedinger's trees
04/13/2014 (01:35:29) -    INFO - Yoshi2: it would be great if they could grow
04/13/2014 (01:35:29) -    INFO - Hetal: wait a bit more chris
04/13/2014 (01:35:32) -    INFO - World 'default' has been saved.
04/13/2014 (01:35:36) -    INFO - Heartbeat Sent. Your URL (saved to docs/SERVERURL): http://www.classicube.net/server/play/16903b2965a1dc37615c61eacbd839a3/
04/13/2014 (01:35:36) -    INFO - There are 3 users on the server
04/13/2014 (01:35:36) -    INFO - default: chris219219, Hetal, Yoshi2
04/13/2014 (01:36:13) -    INFO - (98.249.84.71:50295) Hetal just used: /replace air ironore
04/13/2014 (01:36:28) -    INFO - chris219219: 1001 stone!
04/13/2014 (01:36:32) -    INFO - World 'default' has been saved.
04/13/2014 (01:36:36) -    INFO - Heartbeat Sent. Your URL (saved to docs/SERVERURL): http://www.classicube.net/server/play/16903b2965a1dc37615c61eacbd839a3/
04/13/2014 (01:36:36) -    INFO - There are 3 users on the server
04/13/2014 (01:36:36) -    INFO - default: chris219219, Hetal, Yoshi2
04/13/2014 (01:36:53) -    INFO - (98.249.84.71:50295) Hetal just used: /replace air ironore
04/13/2014 (01:36:56) -    INFO - 90.214.131.6 is joining world worlds/default
04/13/2014 (01:36:56) -    INFO - (90.214.131.6:50879) Connected, as 'WalterWhite'
04/13/2014 (01:36:59) -    INFO - Hetal: ugh /replace isnt working
04/13/2014 (01:37:00) -    INFO - Hetal: hey
04/13/2014 (01:37:03) -    INFO - Hetal: :D
04/13/2014 (01:37:07) -    INFO - Hetal: Hey
04/13/2014 (01:37:13) -    INFO - Hetal: Welcome
04/13/2014 (01:37:32) -    INFO - World 'default' has been saved.
04/13/2014 (01:37:36) -    INFO - Heartbeat Sent. Your URL (saved to docs/SERVERURL): http://www.classicube.net/server/play/16903b2965a1dc37615c61eacbd839a3/
04/13/2014 (01:37:36) -    INFO - There are 4 users on the server
04/13/2014 (01:37:36) -    INFO - default: chris219219, Hetal, WalterWhite, Yoshi2
04/13/2014 (01:37:43) -    INFO - (98.249.84.71:50295) Hetal just used: /replace
04/13/2014 (01:37:52) -    INFO - Yoshi2: hmmm, 600 leaves so far
04/13/2014 (01:37:54) -    INFO - WalterWhite: yo
04/13/2014 (01:37:56) -    INFO - Hetal: yo
04/13/2014 (01:38:00) -    INFO - (90.214.131.6:50879) WalterWhite just used: /help
04/13/2014 (01:38:05) -    INFO - (90.214.131.6:50879) WalterWhite just used: /cmdlist
04/13/2014 (01:38:06) -    INFO - Yoshi2: g'day
04/13/2014 (01:38:09) -    INFO - (98.249.84.71:50295) Hetal just used: /replace air ironore
04/13/2014 (01:38:15) -    INFO - WalterWhite: what software is this? o.O
04/13/2014 (01:38:21) -    INFO - Hetal: its a custom python software
04/13/2014 (01:38:32) -    INFO - World 'default' has been saved.
04/13/2014 (01:38:36) -    INFO - Heartbeat Sent. Your URL (saved to docs/SERVERURL): http://www.classicube.net/server/play/16903b2965a1dc37615c61eacbd839a3/
04/13/2014 (01:38:36) -    INFO - There are 4 users on the server
04/13/2014 (01:38:36) -    INFO - default: chris219219, Hetal, WalterWhite, Yoshi2
04/13/2014 (01:38:37) -    INFO - Hetal: first CC survival server :D
04/13/2014 (01:38:43) -    INFO - chris219219: sry had to use hacks
04/13/2014 (01:38:47) -    INFO - Hetal: lol
04/13/2014 (01:38:52) -    INFO - Hetal: fall damage?
04/13/2014 (01:39:02) -    INFO - (90.214.131.6:50879) WalterWhite just used: /rules
04/13/2014 (01:39:05) -    INFO - Hetal: Walter, do you have an archive of GamezGalaxy ?
04/13/2014 (01:39:09) -    INFO - WalterWhite: nope
04/13/2014 (01:39:16) -    INFO - Hetal: k
04/13/2014 (01:39:22) -    INFO - Hetal: so /craft and /smelt to do stuff
04/13/2014 (01:39:27) -    INFO - Hetal: collect stuff
04/13/2014 (01:39:31) -    INFO - Hetal: basically like premium
04/13/2014 (01:39:32) -    INFO - World 'default' has been saved.
04/13/2014 (01:39:36) -    INFO - Heartbeat Sent. Your URL (saved to docs/SERVERURL): http://www.classicube.net/server/play/16903b2965a1dc37615c61eacbd839a3/
04/13/2014 (01:39:36) -    INFO - There are 4 users on the server
04/13/2014 (01:39:36) -    INFO - default: chris219219, Hetal, WalterWhite, Yoshi2
04/13/2014 (01:39:40) -    INFO - (98.249.84.71:50295) Hetal just used: /replace air ironore
04/13/2014 (01:39:45) -    INFO - Hetal: chris
04/13/2014 (01:39:49) -    INFO - Hetal: ironores are ready
04/13/2014 (01:39:50) -    INFO - chris219219: yes
04/13/2014 (01:39:54) -    INFO - chris219219: oh ok
04/13/2014 (01:40:12) -    INFO - Hetal: they will be found in large groups of around 20
04/13/2014 (01:40:18) -    INFO - chris219219: ok
04/13/2014 (01:40:25) -    INFO - Hetal: so whats been up lately with you Walter
04/13/2014 (01:40:32) -    INFO - World 'default' has been saved.
04/13/2014 (01:40:34) -    INFO - WalterWhite: nothing really tbh, you?
04/13/2014 (01:40:37) -    INFO - Heartbeat Sent. Your URL (saved to docs/SERVERURL): http://www.classicube.net/server/play/16903b2965a1dc37615c61eacbd839a3/
04/13/2014 (01:40:37) -    INFO - There are 4 users on the server
04/13/2014 (01:40:37) -    INFO - default: chris219219, Hetal, WalterWhite, Yoshi2
04/13/2014 (01:40:40) -    INFO - Hetal: coding lol
04/13/2014 (01:40:45) -    INFO - (98.249.84.71:50295) Hetal just used: /b
04/13/2014 (01:40:52) -    INFO - (98.249.84.71:50295) Disconnected 'Hetal'
04/13/2014 (01:40:56) -    INFO - 98.249.84.71 is joining world worlds/default
04/13/2014 (01:40:56) -    INFO - (98.249.84.71:50310) Connected, as 'Hetal'
04/13/2014 (01:41:32) -    INFO - World 'default' has been saved.
04/13/2014 (01:41:37) -    INFO - Heartbeat Sent. Your URL (saved to docs/SERVERURL): http://www.classicube.net/server/play/16903b2965a1dc37615c61eacbd839a3/
04/13/2014 (01:41:37) -    INFO - There are 4 users on the server
04/13/2014 (01:41:37) -    INFO - default: chris219219, WalterWhite, Hetal, Yoshi2
04/13/2014 (01:42:08) -    INFO - Hetal: chris do you just want me to give you some iron?
04/13/2014 (01:42:11) -    INFO - (98.249.84.71:50310) Hetal just used: /tp chr
04/13/2014 (01:42:14) -    INFO - chris219219: sure
04/13/2014 (01:42:25) -    INFO - (98.249.84.71:50310) Hetal just used: /cuboid ironore
04/13/2014 (01:42:29) -    INFO - Hetal: there
04/13/2014 (01:42:32) -    INFO - World 'default' has been saved.
04/13/2014 (01:42:32) -    INFO - Hetal: all yours
04/13/2014 (01:42:34) -    INFO - (98.249.84.71:50310) Hetal just used: /tp chr
04/13/2014 (01:42:34) -    INFO - chris219219: oh ok
04/13/2014 (01:42:37) -    INFO - Heartbeat Sent. Your URL (saved to docs/SERVERURL): http://www.classicube.net/server/play/16903b2965a1dc37615c61eacbd839a3/
04/13/2014 (01:42:37) -    INFO - There are 4 users on the server
04/13/2014 (01:42:37) -    INFO - default: chris219219, WalterWhite, Hetal, Yoshi2
04/13/2014 (01:42:45) -    INFO - (98.249.84.71:50310) Hetal just used: /summon chris
04/13/2014 (01:42:48) -    INFO - (98.249.84.71:50310) Hetal just used: /tp wal
04/13/2014 (01:43:10) -    INFO - Hetal: chris were you registered on the MCBlend forums anytime?
04/13/2014 (01:43:24) -    INFO - chris219219: no
04/13/2014 (01:43:31) -    INFO - 1722 garbage objects collected, 0 were uncollected.
04/13/2014 (01:43:32) -    INFO - World 'default' has been saved.
04/13/2014 (01:43:37) -    INFO - Heartbeat Sent. Your URL (saved to docs/SERVERURL): http://www.classicube.net/server/play/16903b2965a1dc37615c61eacbd839a3/
04/13/2014 (01:43:37) -    INFO - There are 4 users on the server
04/13/2014 (01:43:37) -    INFO - default: chris219219, WalterWhite, Hetal, Yoshi2
04/13/2014 (01:43:42) -    INFO - Hetal: that must've been another chris
04/13/2014 (01:43:51) -    INFO - chris219219: oh
04/13/2014 (01:43:53) -    INFO - (98.249.84.71:50310) Hetal just used: /nick
04/13/2014 (01:43:55) -    INFO - (98.249.84.71:50310) Hetal just used: /name
04/13/2014 (01:44:04) -    INFO - Hetal: so any ideas for this server?
04/13/2014 (01:44:32) -    INFO - World 'default' has been saved.
04/13/2014 (01:44:37) -    INFO - Heartbeat Sent. Your URL (saved to docs/SERVERURL): http://www.classicube.net/server/play/16903b2965a1dc37615c61eacbd839a3/
04/13/2014 (01:44:37) -    INFO - There are 4 users on the server
04/13/2014 (01:44:37) -    INFO - default: chris219219, WalterWhite, Hetal, Yoshi2
04/13/2014 (01:44:38) -    INFO - <Hetal> ane200055 we're still ahead of [NEW] :D
04/13/2014 (01:44:55) -    INFO - <ane200055> lol
04/13/2014 (01:45:04) -    INFO - (172.6.166.17:51033) Disconnected 'chris219219'
04/13/2014 (01:45:20) -    INFO - <Hetal> now we're tied with them
04/13/2014 (01:45:32) -    INFO - World 'default' has been saved.
04/13/2014 (01:45:35) -    INFO - 98.249.84.71 is joining world worlds/default
04/13/2014 (01:45:35) -    INFO - (98.249.84.71:50342) Connected, as 'Hetal728'
04/13/2014 (01:45:37) -    INFO - Heartbeat Sent. Your URL (saved to docs/SERVERURL): http://www.classicube.net/server/play/16903b2965a1dc37615c61eacbd839a3/
04/13/2014 (01:45:37) -    INFO - There are 4 users on the server
04/13/2014 (01:45:37) -    INFO - default: WalterWhite, Yoshi2, Hetal, Hetal728
04/13/2014 (01:45:42) -    INFO - Yoshi2: I'll be going to bed now, good night
04/13/2014 (01:45:44) -    INFO - <Hetal> so it looks like we have more players :D
04/13/2014 (01:45:46) -    INFO - <Hetal> cya
04/13/2014 (01:45:49) -    INFO - Hetal728: cya
04/13/2014 (01:45:51) -    INFO - Hetal: cya
04/13/2014 (01:46:05) -    INFO - (87.78.129.231:60645) Disconnected 'Yoshi2'
04/13/2014 (01:46:29) -    INFO - <Hetal> ane200055 we're ahead by 1
04/13/2014 (01:46:32) -    INFO - World 'default' has been saved.
04/13/2014 (01:46:37) -    INFO - Heartbeat Sent. Your URL (saved to docs/SERVERURL): http://www.classicube.net/server/play/16903b2965a1dc37615c61eacbd839a3/
04/13/2014 (01:46:37) -    INFO - There are 3 users on the server
04/13/2014 (01:46:37) -    INFO - default: WalterWhite, Hetal, Hetal728
04/13/2014 (01:47:31) -    INFO - (90.214.131.6:50879) Disconnected 'WalterWhite'
04/13/2014 (01:47:32) -    INFO - World 'default' has been saved.
04/13/2014 (01:47:38) -    INFO - Heartbeat Sent. Your URL (saved to docs/SERVERURL): http://www.classicube.net/server/play/16903b2965a1dc37615c61eacbd839a3/
04/13/2014 (01:47:38) -    INFO - There are 2 users on the server
04/13/2014 (01:47:38) -    INFO - default: Hetal, Hetal728
04/13/2014 (01:47:40) -    INFO - <Hetal> we're tied D;
04/13/2014 (01:48:32) -    INFO - World 'default' has been saved.
04/13/2014 (01:48:38) -    INFO - Heartbeat Sent. Your URL (saved to docs/SERVERURL): http://www.classicube.net/server/play/16903b2965a1dc37615c61eacbd839a3/
04/13/2014 (01:48:38) -    INFO - There are 2 users on the server
04/13/2014 (01:48:38) -    INFO - default: Hetal, Hetal728
04/13/2014 (01:48:42) -    INFO - <ane200055> I can officially evade bans
04/13/2014 (01:49:02) -    INFO - Hetal728: ..
04/13/2014 (01:49:16) -    INFO - <Hetal> sne200055
04/13/2014 (01:49:18) -    INFO - <Hetal> ane200055
04/13/2014 (01:49:23) -    INFO - <ane200055> It was mi MI I tell ya
04/13/2014 (01:49:28) -    INFO - <Hetal> [NEW] is down for like the next 12 hours :D
04/13/2014 (01:49:31) -    INFO - <ane200055> That random dude u saw
04/13/2014 (01:49:32) -    INFO - World 'default' has been saved.
04/13/2014 (01:49:33) -    INFO - <Hetal> We're ahead :D
04/13/2014 (01:49:37) -    INFO - <Hetal> which random dude?
04/13/2014 (01:49:38) -    INFO - Heartbeat Sent. Your URL (saved to docs/SERVERURL): http://www.classicube.net/server/play/16903b2965a1dc37615c61eacbd839a3/
04/13/2014 (01:49:38) -    INFO - There are 2 users on the server
04/13/2014 (01:49:38) -    INFO - default: Hetal, Hetal728
04/13/2014 (01:49:43) -    INFO - <ane200055> #L
04/13/2014 (01:50:04) -    INFO - <Hetal> was you
04/13/2014 (01:50:13) -    INFO - <ane200055> Your turn
04/13/2014 (01:50:13) -    INFO - 98.203.8.209 is joining world worlds/default
04/13/2014 (01:50:14) -    INFO - (98.203.8.209:49218) Connected, as 'Cheesse'
04/13/2014 (01:50:19) -    INFO - <Hetal> anyways we're ahead of [NEW] :D
04/13/2014 (01:50:23) -    INFO - Hetal728: hey Cheesse
04/13/2014 (01:50:26) -    INFO - Hetal728: and Welcome
04/13/2014 (01:50:29) -    INFO - Cheesse: hi
04/13/2014 (01:50:32) -    INFO - World 'default' has been saved.
04/13/2014 (01:50:34) -    INFO - <ane200055> Hey Cheeese
04/13/2014 (01:50:38) -    INFO - Heartbeat Sent. Your URL (saved to docs/SERVERURL): http://www.classicube.net/server/play/16903b2965a1dc37615c61eacbd839a3/
04/13/2014 (01:50:38) -    INFO - There are 3 users on the server
04/13/2014 (01:50:38) -    INFO - default: Cheesse, Hetal, Hetal728
04/13/2014 (01:50:47) -    INFO - Hetal728: yes this is like Premium
04/13/2014 (01:50:51) -    INFO - Hetal728: cut wood, etc
04/13/2014 (01:50:57) -    INFO - Hetal728: also /craft and /smelt
04/13/2014 (01:51:02) -    INFO - Cheesse: cool
04/13/2014 (01:51:05) -    INFO - Hetal728: so /craft logs 4
04/13/2014 (01:51:08) -    INFO - Cheesse: im laggin already
04/13/2014 (01:51:11) -    INFO - Hetal728: would take 4 logs into 16 planks
04/13/2014 (01:51:20) -    INFO - Hetal728: I think its due to the world size
04/13/2014 (01:51:23) -    INFO - Hetal728: turn on fog
04/13/2014 (01:51:32) -    INFO - World 'default' has been saved.
04/13/2014 (01:51:36) -    INFO - Hetal728: i g2g cya have fun :D
04/13/2014 (01:51:38) -    INFO - Heartbeat Sent. Your URL (saved to docs/SERVERURL): http://www.classicube.net/server/play/16903b2965a1dc37615c61eacbd839a3/
04/13/2014 (01:51:38) -    INFO - There are 3 users on the server
04/13/2014 (01:51:38) -    INFO - default: Cheesse, Hetal, Hetal728
04/13/2014 (01:51:38) -    INFO - (98.249.84.71:50342) Disconnected 'Hetal728'
04/13/2014 (01:51:38) -    INFO - <ane200055> I was [|\\|]
04/13/2014 (01:51:43) -    INFO - <ane200055> or
04/13/2014 (01:51:43) -    INFO - (98.249.84.71:50310) Disconnected 'Hetal'
04/13/2014 (01:51:46) -    INFO - <ane200055> Well yeah
04/13/2014 (01:52:32) -    INFO - World 'default' has been saved.
04/13/2014 (01:52:38) -    INFO - Heartbeat Sent. Your URL (saved to docs/SERVERURL): http://www.classicube.net/server/play/16903b2965a1dc37615c61eacbd839a3/
04/13/2014 (01:52:38) -    INFO - There are 1 users on the server
04/13/2014 (01:52:38) -    INFO - default: Cheesse
04/13/2014 (01:53:32) -    INFO - <Hetal> bey
04/13/2014 (01:53:32) -    INFO - World 'default' has been saved.
04/13/2014 (01:53:33) -    INFO - <Hetal> hey*
04/13/2014 (01:53:38) -    INFO - Heartbeat Sent. Your URL (saved to docs/SERVERURL): http://www.classicube.net/server/play/16903b2965a1dc37615c61eacbd839a3/
04/13/2014 (01:53:38) -    INFO - There are 1 users on the server
04/13/2014 (01:53:38) -    INFO - default: Cheesse
04/13/2014 (01:53:41) -    INFO - <Hetal> If you need any help at all, just say it
04/13/2014 (01:53:43) -    INFO - (98.203.8.209:49218) Cheesse just used: /craft
04/13/2014 (01:53:55) -    INFO - (98.203.8.209:49218) Cheesse just used: /craft plank
04/13/2014 (01:53:59) -    INFO - (98.203.8.209:49218) Cheesse just used: /craft wood 13
04/13/2014 (01:54:05) -    INFO - (98.203.8.209:49218) Cheesse just used: /blocks
04/13/2014 (01:54:32) -    INFO - World 'default' has been saved.
04/13/2014 (01:54:36) -    INFO - <Hetal> Cheesse any ideas for the server?
04/13/2014 (01:54:38) -    INFO - Heartbeat Sent. Your URL (saved to docs/SERVERURL): http://www.classicube.net/server/play/16903b2965a1dc37615c61eacbd839a3/
04/13/2014 (01:54:38) -    INFO - There are 1 users on the server
04/13/2014 (01:54:38) -    INFO - default: Cheesse
04/13/2014 (01:55:32) -    INFO - World 'default' has been saved.
04/13/2014 (01:55:38) -    INFO - Heartbeat Sent. Your URL (saved to docs/SERVERURL): http://www.classicube.net/server/play/16903b2965a1dc37615c61eacbd839a3/
04/13/2014 (01:55:38) -    INFO - There are 1 users on the server
04/13/2014 (01:55:38) -    INFO - default: Cheesse
04/13/2014 (01:56:28) -    INFO - Console: hehe
04/13/2014 (01:56:32) -    INFO - World 'default' has been saved.
04/13/2014 (01:56:39) -    INFO - Heartbeat Sent. Your URL (saved to docs/SERVERURL): http://www.classicube.net/server/play/16903b2965a1dc37615c61eacbd839a3/
04/13/2014 (01:56:39) -    INFO - There are 1 users on the server
04/13/2014 (01:56:39) -    INFO - default: Cheesse
04/13/2014 (01:56:39) -    INFO - Console: This server might just beat [NEW]
04/13/2014 (01:57:06) -    INFO - <Hetal> ane200055 The server has spawners
04/13/2014 (01:57:12) -    INFO - <Hetal> So we can spawn like block mobs
04/13/2014 (01:57:32) -    INFO - World 'default' has been saved.
04/13/2014 (01:57:39) -    INFO - Heartbeat Sent. Your URL (saved to docs/SERVERURL): http://www.classicube.net/server/play/16903b2965a1dc37615c61eacbd839a3/
04/13/2014 (01:57:39) -    INFO - There are 1 users on the server
04/13/2014 (01:57:39) -    INFO - default: Cheesse
04/13/2014 (01:57:40) -    INFO - <Hetal> Like the old days
04/13/2014 (01:58:03) -    INFO - <Hetal> Ok time to get started on the client
04/13/2014 (01:58:32) -    INFO - 1704 garbage objects collected, 0 were uncollected.
04/13/2014 (01:58:32) -    INFO - World 'default' has been saved.
04/13/2014 (01:58:39) -    INFO - Heartbeat Sent. Your URL (saved to docs/SERVERURL): http://www.classicube.net/server/play/16903b2965a1dc37615c61eacbd839a3/
04/13/2014 (01:58:39) -    INFO - There are 1 users on the server
04/13/2014 (01:58:39) -    INFO - default: Cheesse
04/13/2014 (01:59:32) -    INFO - World 'default' has been saved.
04/13/2014 (01:59:39) -    INFO - Heartbeat Sent. Your URL (saved to docs/SERVERURL): http://www.classicube.net/server/play/16903b2965a1dc37615c61eacbd839a3/
04/13/2014 (01:59:39) -    INFO - There are 1 users on the server
04/13/2014 (01:59:39) -    INFO - default: Cheesse
04/13/2014 (02:00:00) -   ERROR - Traceback (most recent call last):
  File "/home/hetal/iCraft-CPE-master/core/console.py", line 230, in run
    print ("Powered by iCraft %s; http://hlmc.net/ | irc.esper.net #icraft" % (INFO_VERSION))
NameError: global name 'INFO_VERSION' is not defined

04/13/2014 (02:00:32) -    INFO - World 'default' has been saved.
04/13/2014 (02:00:39) -    INFO - Heartbeat Sent. Your URL (saved to docs/SERVERURL): http://www.classicube.net/server/play/16903b2965a1dc37615c61eacbd839a3/
