04/15/2014 (12:05:16) -    INFO - 2625 garbage objects collected, 0 were uncollected.
04/15/2014 (12:06:11) -    INFO - Heartbeat Sent. Your URL (saved to docs/SERVERURL): http://www.classicube.net/server/play/16903b2965a1dc37615c61eacbd839a3/
04/15/2014 (12:06:11) -    INFO - There are 0 users on the server
04/15/2014 (12:06:11) -    INFO - default: 
04/15/2014 (12:06:11) -    INFO - World 'default' has been saved.
04/15/2014 (12:07:11) -    INFO - Heartbeat Sent. Your URL (saved to docs/SERVERURL): http://www.classicube.net/server/play/16903b2965a1dc37615c61eacbd839a3/
04/15/2014 (12:07:11) -    INFO - There are 0 users on the server
04/15/2014 (12:07:11) -    INFO - default: 
04/15/2014 (12:07:11) -    INFO - World 'default' has been saved.
04/15/2014 (12:08:11) -    INFO - Heartbeat Sent. Your URL (saved to docs/SERVERURL): http://www.classicube.net/server/play/16903b2965a1dc37615c61eacbd839a3/
04/15/2014 (12:08:11) -    INFO - There are 0 users on the server
04/15/2014 (12:08:11) -    INFO - default: 
04/15/2014 (12:08:11) -    INFO - World 'default' has been saved.
04/15/2014 (12:09:12) -    INFO - Heartbeat Sent. Your URL (saved to docs/SERVERURL): http://www.classicube.net/server/play/16903b2965a1dc37615c61eacbd839a3/
04/15/2014 (12:09:12) -    INFO - There are 0 users on the server
04/15/2014 (12:09:12) -    INFO - default: 
04/15/2014 (12:09:12) -    INFO - World 'default' has been saved.
04/15/2014 (12:10:12) -    INFO - Heartbeat Sent. Your URL (saved to docs/SERVERURL): http://www.classicube.net/server/play/16903b2965a1dc37615c61eacbd839a3/
04/15/2014 (12:10:12) -    INFO - There are 0 users on the server
04/15/2014 (12:10:12) -    INFO - default: 
04/15/2014 (12:10:12) -    INFO - World 'default' has been saved.
04/15/2014 (12:11:12) -    INFO - Heartbeat Sent. Your URL (saved to docs/SERVERURL): http://www.classicube.net/server/play/16903b2965a1dc37615c61eacbd839a3/
04/15/2014 (12:11:12) -    INFO - There are 0 users on the server
04/15/2014 (12:11:12) -    INFO - default: 
04/15/2014 (12:11:12) -    INFO - World 'default' has been saved.
04/15/2014 (12:12:12) -    INFO - Heartbeat Sent. Your URL (saved to docs/SERVERURL): http://www.classicube.net/server/play/16903b2965a1dc37615c61eacbd839a3/
04/15/2014 (12:12:12) -    INFO - There are 0 users on the server
04/15/2014 (12:12:12) -    INFO - default: 
04/15/2014 (12:12:12) -    INFO - World 'default' has been saved.
04/15/2014 (12:13:12) -    INFO - Heartbeat Sent. Your URL (saved to docs/SERVERURL): http://www.classicube.net/server/play/16903b2965a1dc37615c61eacbd839a3/
04/15/2014 (12:13:12) -    INFO - There are 0 users on the server
04/15/2014 (12:13:12) -    INFO - default: 
04/15/2014 (12:13:12) -    INFO - World 'default' has been saved.
04/15/2014 (12:14:12) -    INFO - Heartbeat Sent. Your URL (saved to docs/SERVERURL): http://www.classicube.net/server/play/16903b2965a1dc37615c61eacbd839a3/
04/15/2014 (12:14:12) -    INFO - There are 0 users on the server
04/15/2014 (12:14:12) -    INFO - default: 
04/15/2014 (12:14:12) -    INFO - World 'default' has been saved.
04/15/2014 (12:15:12) -    INFO - Heartbeat Sent. Your URL (saved to docs/SERVERURL): http://www.classicube.net/server/play/16903b2965a1dc37615c61eacbd839a3/
04/15/2014 (12:15:12) -    INFO - There are 0 users on the server
04/15/2014 (12:15:12) -    INFO - default: 
04/15/2014 (12:15:12) -    INFO - World 'default' has been saved.
04/15/2014 (12:16:12) -    INFO - Heartbeat Sent. Your URL (saved to docs/SERVERURL): http://www.classicube.net/server/play/16903b2965a1dc37615c61eacbd839a3/
04/15/2014 (12:16:12) -    INFO - There are 0 users on the server
04/15/2014 (12:16:12) -    INFO - default: 
04/15/2014 (12:16:12) -    INFO - World 'default' has been saved.
04/15/2014 (12:17:12) -    INFO - Heartbeat Sent. Your URL (saved to docs/SERVERURL): http://www.classicube.net/server/play/16903b2965a1dc37615c61eacbd839a3/
04/15/2014 (12:17:12) -    INFO - There are 0 users on the server
04/15/2014 (12:17:12) -    INFO - default: 
04/15/2014 (12:17:12) -    INFO - World 'default' has been saved.
04/15/2014 (12:18:13) -    INFO - Heartbeat Sent. Your URL (saved to docs/SERVERURL): http://www.classicube.net/server/play/16903b2965a1dc37615c61eacbd839a3/
04/15/2014 (12:18:13) -    INFO - There are 0 users on the server
04/15/2014 (12:18:13) -    INFO - default: 
04/15/2014 (12:18:13) -    INFO - World 'default' has been saved.
04/15/2014 (12:19:13) -    INFO - Heartbeat Sent. Your URL (saved to docs/SERVERURL): http://www.classicube.net/server/play/16903b2965a1dc37615c61eacbd839a3/
04/15/2014 (12:19:13) -    INFO - There are 0 users on the server
04/15/2014 (12:19:13) -    INFO - default: 
04/15/2014 (12:19:13) -    INFO - World 'default' has been saved.
04/15/2014 (12:20:13) -    INFO - Heartbeat Sent. Your URL (saved to docs/SERVERURL): http://www.classicube.net/server/play/16903b2965a1dc37615c61eacbd839a3/
04/15/2014 (12:20:13) -    INFO - There are 0 users on the server
04/15/2014 (12:20:13) -    INFO - default: 
04/15/2014 (12:20:13) -    INFO - World 'default' has been saved.
04/15/2014 (12:20:16) -    INFO - 2625 garbage objects collected, 0 were uncollected.
04/15/2014 (12:21:13) -    INFO - Heartbeat Sent. Your URL (saved to docs/SERVERURL): http://www.classicube.net/server/play/16903b2965a1dc37615c61eacbd839a3/
04/15/2014 (12:21:13) -    INFO - There are 0 users on the server
04/15/2014 (12:21:13) -    INFO - default: 
04/15/2014 (12:21:13) -    INFO - World 'default' has been saved.
04/15/2014 (12:22:13) -    INFO - Heartbeat Sent. Your URL (saved to docs/SERVERURL): http://www.classicube.net/server/play/16903b2965a1dc37615c61eacbd839a3/
04/15/2014 (12:22:13) -    INFO - There are 0 users on the server
04/15/2014 (12:22:13) -    INFO - default: 
04/15/2014 (12:22:13) -    INFO - World 'default' has been saved.
04/15/2014 (12:23:13) -    INFO - Heartbeat Sent. Your URL (saved to docs/SERVERURL): http://www.classicube.net/server/play/16903b2965a1dc37615c61eacbd839a3/
04/15/2014 (12:23:13) -    INFO - There are 0 users on the server
04/15/2014 (12:23:13) -    INFO - default: 
04/15/2014 (12:23:13) -    INFO - World 'default' has been saved.
04/15/2014 (12:24:13) -    INFO - Heartbeat Sent. Your URL (saved to docs/SERVERURL): http://www.classicube.net/server/play/16903b2965a1dc37615c61eacbd839a3/
04/15/2014 (12:24:13) -    INFO - There are 0 users on the server
04/15/2014 (12:24:13) -    INFO - default: 
04/15/2014 (12:24:13) -    INFO - World 'default' has been saved.
04/15/2014 (12:25:14) -    INFO - Heartbeat Sent. Your URL (saved to docs/SERVERURL): http://www.classicube.net/server/play/16903b2965a1dc37615c61eacbd839a3/
04/15/2014 (12:25:14) -    INFO - There are 0 users on the server
04/15/2014 (12:25:14) -    INFO - default: 
04/15/2014 (12:25:14) -    INFO - World 'default' has been saved.
04/15/2014 (12:26:14) -    INFO - Heartbeat Sent. Your URL (saved to docs/SERVERURL): http://www.classicube.net/server/play/16903b2965a1dc37615c61eacbd839a3/
04/15/2014 (12:26:14) -    INFO - There are 0 users on the server
04/15/2014 (12:26:14) -    INFO - default: 
04/15/2014 (12:26:14) -    INFO - World 'default' has been saved.
04/15/2014 (12:27:14) -    INFO - Heartbeat Sent. Your URL (saved to docs/SERVERURL): http://www.classicube.net/server/play/16903b2965a1dc37615c61eacbd839a3/
04/15/2014 (12:27:14) -    INFO - There are 0 users on the server
04/15/2014 (12:27:14) -    INFO - default: 
04/15/2014 (12:27:14) -    INFO - World 'default' has been saved.
04/15/2014 (12:28:14) -    INFO - Heartbeat Sent. Your URL (saved to docs/SERVERURL): http://www.classicube.net/server/play/16903b2965a1dc37615c61eacbd839a3/
04/15/2014 (12:28:14) -    INFO - There are 0 users on the server
04/15/2014 (12:28:14) -    INFO - default: 
04/15/2014 (12:28:14) -    INFO - World 'default' has been saved.
04/15/2014 (12:29:14) -    INFO - Heartbeat Sent. Your URL (saved to docs/SERVERURL): http://www.classicube.net/server/play/16903b2965a1dc37615c61eacbd839a3/
04/15/2014 (12:29:14) -    INFO - There are 0 users on the server
04/15/2014 (12:29:14) -    INFO - default: 
04/15/2014 (12:29:14) -    INFO - World 'default' has been saved.
04/15/2014 (12:30:14) -    INFO - Heartbeat Sent. Your URL (saved to docs/SERVERURL): http://www.classicube.net/server/play/16903b2965a1dc37615c61eacbd839a3/
04/15/2014 (12:30:14) -    INFO - There are 0 users on the server
04/15/2014 (12:30:14) -    INFO - default: 
04/15/2014 (12:30:14) -    INFO - World 'default' has been saved.
04/15/2014 (12:31:14) -    INFO - Heartbeat Sent. Your URL (saved to docs/SERVERURL): http://www.classicube.net/server/play/16903b2965a1dc37615c61eacbd839a3/
04/15/2014 (12:31:14) -    INFO - There are 0 users on the server
04/15/2014 (12:31:14) -    INFO - default: 
04/15/2014 (12:31:14) -    INFO - World 'default' has been saved.
04/15/2014 (12:32:14) -    INFO - Heartbeat Sent. Your URL (saved to docs/SERVERURL): http://www.classicube.net/server/play/16903b2965a1dc37615c61eacbd839a3/
04/15/2014 (12:32:14) -    INFO - There are 0 users on the server
04/15/2014 (12:32:14) -    INFO - default: 
04/15/2014 (12:32:14) -    INFO - World 'default' has been saved.
04/15/2014 (12:33:15) -    INFO - Heartbeat Sent. Your URL (saved to docs/SERVERURL): http://www.classicube.net/server/play/16903b2965a1dc37615c61eacbd839a3/
04/15/2014 (12:33:15) -    INFO - There are 0 users on the server
04/15/2014 (12:33:15) -    INFO - default: 
04/15/2014 (12:33:15) -    INFO - World 'default' has been saved.
04/15/2014 (12:34:15) -    INFO - Heartbeat Sent. Your URL (saved to docs/SERVERURL): http://www.classicube.net/server/play/16903b2965a1dc37615c61eacbd839a3/
04/15/2014 (12:34:15) -    INFO - There are 0 users on the server
04/15/2014 (12:34:15) -    INFO - default: 
04/15/2014 (12:34:15) -    INFO - World 'default' has been saved.
04/15/2014 (12:35:15) -    INFO - Heartbeat Sent. Your URL (saved to docs/SERVERURL): http://www.classicube.net/server/play/16903b2965a1dc37615c61eacbd839a3/
04/15/2014 (12:35:15) -    INFO - There are 0 users on the server
04/15/2014 (12:35:15) -    INFO - default: 
04/15/2014 (12:35:15) -    INFO - World 'default' has been saved.
04/15/2014 (12:35:16) -    INFO - 2625 garbage objects collected, 0 were uncollected.
04/15/2014 (12:36:15) -    INFO - Heartbeat Sent. Your URL (saved to docs/SERVERURL): http://www.classicube.net/server/play/16903b2965a1dc37615c61eacbd839a3/
04/15/2014 (12:36:15) -    INFO - There are 0 users on the server
04/15/2014 (12:36:15) -    INFO - default: 
04/15/2014 (12:36:15) -    INFO - World 'default' has been saved.
04/15/2014 (12:37:15) -    INFO - Heartbeat Sent. Your URL (saved to docs/SERVERURL): http://www.classicube.net/server/play/16903b2965a1dc37615c61eacbd839a3/
04/15/2014 (12:37:15) -    INFO - There are 0 users on the server
04/15/2014 (12:37:15) -    INFO - default: 
04/15/2014 (12:37:15) -    INFO - World 'default' has been saved.
04/15/2014 (12:38:15) -    INFO - Heartbeat Sent. Your URL (saved to docs/SERVERURL): http://www.classicube.net/server/play/16903b2965a1dc37615c61eacbd839a3/
04/15/2014 (12:38:15) -    INFO - There are 0 users on the server
04/15/2014 (12:38:15) -    INFO - default: 
04/15/2014 (12:38:15) -    INFO - World 'default' has been saved.
04/15/2014 (12:39:15) -    INFO - Heartbeat Sent. Your URL (saved to docs/SERVERURL): http://www.classicube.net/server/play/16903b2965a1dc37615c61eacbd839a3/
04/15/2014 (12:39:15) -    INFO - There are 0 users on the server
04/15/2014 (12:39:15) -    INFO - default: 
04/15/2014 (12:39:15) -    INFO - World 'default' has been saved.
04/15/2014 (12:40:15) -    INFO - Heartbeat Sent. Your URL (saved to docs/SERVERURL): http://www.classicube.net/server/play/16903b2965a1dc37615c61eacbd839a3/
04/15/2014 (12:40:15) -    INFO - There are 0 users on the server
04/15/2014 (12:40:15) -    INFO - default: 
04/15/2014 (12:40:15) -    INFO - World 'default' has been saved.
04/15/2014 (12:41:16) -    INFO - Heartbeat Sent. Your URL (saved to docs/SERVERURL): http://www.classicube.net/server/play/16903b2965a1dc37615c61eacbd839a3/
04/15/2014 (12:41:16) -    INFO - There are 0 users on the server
04/15/2014 (12:41:16) -    INFO - default: 
04/15/2014 (12:41:16) -    INFO - World 'default' has been saved.
04/15/2014 (12:42:16) -    INFO - Heartbeat Sent. Your URL (saved to docs/SERVERURL): http://www.classicube.net/server/play/16903b2965a1dc37615c61eacbd839a3/
04/15/2014 (12:42:16) -    INFO - There are 0 users on the server
04/15/2014 (12:42:16) -    INFO - default: 
04/15/2014 (12:42:16) -    INFO - World 'default' has been saved.
04/15/2014 (12:43:16) -    INFO - Heartbeat Sent. Your URL (saved to docs/SERVERURL): http://www.classicube.net/server/play/16903b2965a1dc37615c61eacbd839a3/
04/15/2014 (12:43:16) -    INFO - There are 0 users on the server
04/15/2014 (12:43:16) -    INFO - default: 
04/15/2014 (12:43:16) -    INFO - World 'default' has been saved.
04/15/2014 (12:44:16) -    INFO - Heartbeat Sent. Your URL (saved to docs/SERVERURL): http://www.classicube.net/server/play/16903b2965a1dc37615c61eacbd839a3/
04/15/2014 (12:44:16) -    INFO - There are 0 users on the server
04/15/2014 (12:44:16) -    INFO - default: 
04/15/2014 (12:44:16) -    INFO - World 'default' has been saved.
04/15/2014 (12:45:16) -    INFO - Heartbeat Sent. Your URL (saved to docs/SERVERURL): http://www.classicube.net/server/play/16903b2965a1dc37615c61eacbd839a3/
04/15/2014 (12:45:16) -    INFO - There are 0 users on the server
04/15/2014 (12:45:16) -    INFO - default: 
04/15/2014 (12:45:16) -    INFO - World 'default' has been saved.
04/15/2014 (12:46:16) -    INFO - Heartbeat Sent. Your URL (saved to docs/SERVERURL): http://www.classicube.net/server/play/16903b2965a1dc37615c61eacbd839a3/
04/15/2014 (12:46:16) -    INFO - There are 0 users on the server
04/15/2014 (12:46:16) -    INFO - default: 
04/15/2014 (12:46:16) -    INFO - World 'default' has been saved.
04/15/2014 (12:47:13) -    INFO - 77.49.79.3 is joining world worlds/default
04/15/2014 (12:47:13) -    INFO - (77.49.79.3:53991) Connected, as 'itachi321'
04/15/2014 (12:47:16) -    INFO - Heartbeat Sent. Your URL (saved to docs/SERVERURL): http://www.classicube.net/server/play/16903b2965a1dc37615c61eacbd839a3/
04/15/2014 (12:47:16) -    INFO - There are 1 users on the server
04/15/2014 (12:47:16) -    INFO - default: itachi321
04/15/2014 (12:47:16) -    INFO - World 'default' has been saved.
04/15/2014 (12:48:16) -    INFO - Heartbeat Sent. Your URL (saved to docs/SERVERURL): http://www.classicube.net/server/play/16903b2965a1dc37615c61eacbd839a3/
04/15/2014 (12:48:16) -    INFO - There are 1 users on the server
04/15/2014 (12:48:16) -    INFO - default: itachi321
04/15/2014 (12:48:17) -    INFO - World 'default' has been saved.
04/15/2014 (12:48:20) -    INFO - (77.49.79.3:53991) itachi321 just used: /rules
04/15/2014 (12:49:17) -    INFO - Heartbeat Sent. Your URL (saved to docs/SERVERURL): http://www.classicube.net/server/play/16903b2965a1dc37615c61eacbd839a3/
04/15/2014 (12:49:17) -    INFO - There are 1 users on the server
04/15/2014 (12:49:17) -    INFO - default: itachi321
04/15/2014 (12:49:17) -    INFO - World 'default' has been saved.
04/15/2014 (12:50:16) -    INFO - 2453 garbage objects collected, 0 were uncollected.
04/15/2014 (12:50:17) -    INFO - Heartbeat Sent. Your URL (saved to docs/SERVERURL): http://www.classicube.net/server/play/16903b2965a1dc37615c61eacbd839a3/
04/15/2014 (12:50:17) -    INFO - There are 1 users on the server
04/15/2014 (12:50:17) -    INFO - default: itachi321
04/15/2014 (12:50:17) -    INFO - World 'default' has been saved.
04/15/2014 (12:51:17) -    INFO - Heartbeat Sent. Your URL (saved to docs/SERVERURL): http://www.classicube.net/server/play/16903b2965a1dc37615c61eacbd839a3/
04/15/2014 (12:51:17) -    INFO - There are 1 users on the server
04/15/2014 (12:51:17) -    INFO - default: itachi321
04/15/2014 (12:51:17) -    INFO - World 'default' has been saved.
04/15/2014 (12:52:17) -    INFO - Heartbeat Sent. Your URL (saved to docs/SERVERURL): http://www.classicube.net/server/play/16903b2965a1dc37615c61eacbd839a3/
04/15/2014 (12:52:17) -    INFO - There are 1 users on the server
04/15/2014 (12:52:17) -    INFO - default: itachi321
04/15/2014 (12:52:17) -    INFO - World 'default' has been saved.
04/15/2014 (12:52:36) -    INFO - (77.49.79.3:53991) Disconnected 'itachi321'
04/15/2014 (12:53:17) -    INFO - Heartbeat Sent. Your URL (saved to docs/SERVERURL): http://www.classicube.net/server/play/16903b2965a1dc37615c61eacbd839a3/
04/15/2014 (12:53:17) -    INFO - There are 0 users on the server
04/15/2014 (12:53:17) -    INFO - default: 
04/15/2014 (12:53:17) -    INFO - World 'default' has been saved.
04/15/2014 (12:54:17) -    INFO - Heartbeat Sent. Your URL (saved to docs/SERVERURL): http://www.classicube.net/server/play/16903b2965a1dc37615c61eacbd839a3/
04/15/2014 (12:54:17) -    INFO - There are 0 users on the server
04/15/2014 (12:54:17) -    INFO - default: 
04/15/2014 (12:54:17) -    INFO - World 'default' has been saved.
04/15/2014 (12:55:17) -    INFO - Heartbeat Sent. Your URL (saved to docs/SERVERURL): http://www.classicube.net/server/play/16903b2965a1dc37615c61eacbd839a3/
04/15/2014 (12:55:17) -    INFO - There are 0 users on the server
04/15/2014 (12:55:17) -    INFO - default: 
04/15/2014 (12:55:17) -    INFO - World 'default' has been saved.
04/15/2014 (12:56:18) -    INFO - Heartbeat Sent. Your URL (saved to docs/SERVERURL): http://www.classicube.net/server/play/16903b2965a1dc37615c61eacbd839a3/
04/15/2014 (12:56:18) -    INFO - There are 0 users on the server
04/15/2014 (12:56:18) -    INFO - default: 
04/15/2014 (12:56:18) -    INFO - World 'default' has been saved.
04/15/2014 (12:56:35) -    INFO - 212.159.73.45 is joining world worlds/default
04/15/2014 (12:56:35) -    INFO - (212.159.73.45:1319) Connected, as 'marilynthomas@hotmail.com'
04/15/2014 (12:57:03) -    INFO - marilynthomas@hotmail.com: hi guys
04/15/2014 (12:57:18) -    INFO - Heartbeat Sent. Your URL (saved to docs/SERVERURL): http://www.classicube.net/server/play/16903b2965a1dc37615c61eacbd839a3/
04/15/2014 (12:57:18) -    INFO - There are 1 users on the server
04/15/2014 (12:57:18) -    INFO - default: marilynthomas@hotmail.com
04/15/2014 (12:57:18) -    INFO - World 'default' has been saved.
04/15/2014 (12:57:40) -    INFO - marilynthomas@hotmail.com: Cool server!!!!
04/15/2014 (12:58:18) -    INFO - Heartbeat Sent. Your URL (saved to docs/SERVERURL): http://www.classicube.net/server/play/16903b2965a1dc37615c61eacbd839a3/
04/15/2014 (12:58:18) -    INFO - There are 1 users on the server
04/15/2014 (12:58:18) -    INFO - default: marilynthomas@hotmail.com
04/15/2014 (12:58:18) -    INFO - World 'default' has been saved.
04/15/2014 (12:58:46) -    INFO - marilynthomas@hotmail.com: Were are you guys?
04/15/2014 (12:59:13) -    INFO - marilynthomas@hotmail.com: Helllloooooooooooo
04/15/2014 (12:59:18) -    INFO - Heartbeat Sent. Your URL (saved to docs/SERVERURL): http://www.classicube.net/server/play/16903b2965a1dc37615c61eacbd839a3/
04/15/2014 (12:59:18) -    INFO - There are 1 users on the server
04/15/2014 (12:59:18) -    INFO - default: marilynthomas@hotmail.com
04/15/2014 (12:59:18) -    INFO - World 'default' has been saved.
04/15/2014 (13:00:07) -    INFO - marilynthomas@hotmail.com: Im joining another server bye
04/15/2014 (13:00:19) -    INFO - Heartbeat Sent. Your URL (saved to docs/SERVERURL): http://www.classicube.net/server/play/16903b2965a1dc37615c61eacbd839a3/
04/15/2014 (13:00:19) -    INFO - There are 1 users on the server
04/15/2014 (13:00:19) -    INFO - default: marilynthomas@hotmail.com
04/15/2014 (13:00:19) -    INFO - World 'default' has been saved.
04/15/2014 (13:01:19) -    INFO - Heartbeat Sent. Your URL (saved to docs/SERVERURL): http://www.classicube.net/server/play/16903b2965a1dc37615c61eacbd839a3/
04/15/2014 (13:01:19) -    INFO - There are 1 users on the server
04/15/2014 (13:01:19) -    INFO - default: marilynthomas@hotmail.com
04/15/2014 (13:01:19) -    INFO - World 'default' has been saved.
04/15/2014 (13:02:19) -    INFO - Heartbeat Sent. Your URL (saved to docs/SERVERURL): http://www.classicube.net/server/play/16903b2965a1dc37615c61eacbd839a3/
04/15/2014 (13:02:19) -    INFO - There are 1 users on the server
04/15/2014 (13:02:19) -    INFO - default: marilynthomas@hotmail.com
04/15/2014 (13:02:19) -    INFO - World 'default' has been saved.
04/15/2014 (13:03:19) -    INFO - Heartbeat Sent. Your URL (saved to docs/SERVERURL): http://www.classicube.net/server/play/16903b2965a1dc37615c61eacbd839a3/
04/15/2014 (13:03:19) -    INFO - There are 1 users on the server
04/15/2014 (13:03:19) -    INFO - default: marilynthomas@hotmail.com
04/15/2014 (13:03:19) -    INFO - World 'default' has been saved.
04/15/2014 (13:04:19) -    INFO - Heartbeat Sent. Your URL (saved to docs/SERVERURL): http://www.classicube.net/server/play/16903b2965a1dc37615c61eacbd839a3/
04/15/2014 (13:04:19) -    INFO - There are 1 users on the server
04/15/2014 (13:04:19) -    INFO - default: marilynthomas@hotmail.com
04/15/2014 (13:04:19) -    INFO - World 'default' has been saved.
04/15/2014 (13:05:10) -    INFO - (212.159.73.45:1319) Disconnected 'marilynthomas@hotmail.com'
04/15/2014 (13:05:16) -    INFO - 2648 garbage objects collected, 0 were uncollected.
04/15/2014 (13:05:19) -    INFO - Heartbeat Sent. Your URL (saved to docs/SERVERURL): http://www.classicube.net/server/play/16903b2965a1dc37615c61eacbd839a3/
04/15/2014 (13:05:19) -    INFO - There are 0 users on the server
04/15/2014 (13:05:19) -    INFO - default: 
04/15/2014 (13:05:19) -    INFO - World 'default' has been saved.
04/15/2014 (13:06:19) -    INFO - Heartbeat Sent. Your URL (saved to docs/SERVERURL): http://www.classicube.net/server/play/16903b2965a1dc37615c61eacbd839a3/
04/15/2014 (13:06:19) -    INFO - There are 0 users on the server
04/15/2014 (13:06:19) -    INFO - default: 
04/15/2014 (13:06:19) -    INFO - World 'default' has been saved.
04/15/2014 (13:07:20) -    INFO - Heartbeat Sent. Your URL (saved to docs/SERVERURL): http://www.classicube.net/server/play/16903b2965a1dc37615c61eacbd839a3/
04/15/2014 (13:07:20) -    INFO - There are 0 users on the server
04/15/2014 (13:07:20) -    INFO - default: 
04/15/2014 (13:07:20) -    INFO - World 'default' has been saved.
04/15/2014 (13:08:20) -    INFO - Heartbeat Sent. Your URL (saved to docs/SERVERURL): http://www.classicube.net/server/play/16903b2965a1dc37615c61eacbd839a3/
04/15/2014 (13:08:20) -    INFO - There are 0 users on the server
04/15/2014 (13:08:20) -    INFO - default: 
04/15/2014 (13:08:20) -    INFO - World 'default' has been saved.
04/15/2014 (13:09:20) -    INFO - Heartbeat Sent. Your URL (saved to docs/SERVERURL): http://www.classicube.net/server/play/16903b2965a1dc37615c61eacbd839a3/
04/15/2014 (13:09:20) -    INFO - There are 0 users on the server
04/15/2014 (13:09:20) -    INFO - default: 
04/15/2014 (13:09:20) -    INFO - World 'default' has been saved.
04/15/2014 (13:10:20) -    INFO - Heartbeat Sent. Your URL (saved to docs/SERVERURL): http://www.classicube.net/server/play/16903b2965a1dc37615c61eacbd839a3/
04/15/2014 (13:10:20) -    INFO - There are 0 users on the server
04/15/2014 (13:10:20) -    INFO - default: 
04/15/2014 (13:10:20) -    INFO - World 'default' has been saved.
04/15/2014 (13:11:20) -    INFO - Heartbeat Sent. Your URL (saved to docs/SERVERURL): http://www.classicube.net/server/play/16903b2965a1dc37615c61eacbd839a3/
04/15/2014 (13:11:20) -    INFO - There are 0 users on the server
04/15/2014 (13:11:20) -    INFO - default: 
04/15/2014 (13:11:20) -    INFO - World 'default' has been saved.
04/15/2014 (13:12:20) -    INFO - Heartbeat Sent. Your URL (saved to docs/SERVERURL): http://www.classicube.net/server/play/16903b2965a1dc37615c61eacbd839a3/
04/15/2014 (13:12:20) -    INFO - There are 0 users on the server
04/15/2014 (13:12:20) -    INFO - default: 
04/15/2014 (13:12:20) -    INFO - World 'default' has been saved.
04/15/2014 (13:13:20) -    INFO - Heartbeat Sent. Your URL (saved to docs/SERVERURL): http://www.classicube.net/server/play/16903b2965a1dc37615c61eacbd839a3/
04/15/2014 (13:13:20) -    INFO - There are 0 users on the server
04/15/2014 (13:13:20) -    INFO - default: 
04/15/2014 (13:13:20) -    INFO - World 'default' has been saved.
04/15/2014 (13:14:20) -    INFO - Heartbeat Sent. Your URL (saved to docs/SERVERURL): http://www.classicube.net/server/play/16903b2965a1dc37615c61eacbd839a3/
04/15/2014 (13:14:20) -    INFO - There are 0 users on the server
04/15/2014 (13:14:20) -    INFO - default: 
04/15/2014 (13:14:20) -    INFO - World 'default' has been saved.
04/15/2014 (13:15:21) -    INFO - Heartbeat Sent. Your URL (saved to docs/SERVERURL): http://www.classicube.net/server/play/16903b2965a1dc37615c61eacbd839a3/
04/15/2014 (13:15:21) -    INFO - There are 0 users on the server
04/15/2014 (13:15:21) -    INFO - default: 
04/15/2014 (13:15:21) -    INFO - World 'default' has been saved.
04/15/2014 (13:16:21) -    INFO - Heartbeat Sent. Your URL (saved to docs/SERVERURL): http://www.classicube.net/server/play/16903b2965a1dc37615c61eacbd839a3/
04/15/2014 (13:16:21) -    INFO - There are 0 users on the server
04/15/2014 (13:16:21) -    INFO - default: 
04/15/2014 (13:16:21) -    INFO - World 'default' has been saved.
04/15/2014 (13:17:21) -    INFO - Heartbeat Sent. Your URL (saved to docs/SERVERURL): http://www.classicube.net/server/play/16903b2965a1dc37615c61eacbd839a3/
04/15/2014 (13:17:21) -    INFO - There are 0 users on the server
04/15/2014 (13:17:21) -    INFO - default: 
04/15/2014 (13:17:21) -    INFO - World 'default' has been saved.
04/15/2014 (13:18:21) -    INFO - Heartbeat Sent. Your URL (saved to docs/SERVERURL): http://www.classicube.net/server/play/16903b2965a1dc37615c61eacbd839a3/
04/15/2014 (13:18:21) -    INFO - There are 0 users on the server
04/15/2014 (13:18:21) -    INFO - default: 
04/15/2014 (13:18:21) -    INFO - World 'default' has been saved.
04/15/2014 (13:19:21) -    INFO - Heartbeat Sent. Your URL (saved to docs/SERVERURL): http://www.classicube.net/server/play/16903b2965a1dc37615c61eacbd839a3/
04/15/2014 (13:19:21) -    INFO - There are 0 users on the server
04/15/2014 (13:19:21) -    INFO - default: 
04/15/2014 (13:19:21) -    INFO - World 'default' has been saved.
04/15/2014 (13:20:16) -    INFO - 2655 garbage objects collected, 0 were uncollected.
04/15/2014 (13:20:21) -    INFO - Heartbeat Sent. Your URL (saved to docs/SERVERURL): http://www.classicube.net/server/play/16903b2965a1dc37615c61eacbd839a3/
04/15/2014 (13:20:21) -    INFO - There are 0 users on the server
04/15/2014 (13:20:21) -    INFO - default: 
04/15/2014 (13:20:21) -    INFO - World 'default' has been saved.
04/15/2014 (13:21:21) -    INFO - Heartbeat Sent. Your URL (saved to docs/SERVERURL): http://www.classicube.net/server/play/16903b2965a1dc37615c61eacbd839a3/
04/15/2014 (13:21:21) -    INFO - There are 0 users on the server
04/15/2014 (13:21:21) -    INFO - default: 
04/15/2014 (13:21:21) -    INFO - World 'default' has been saved.
04/15/2014 (13:22:21) -    INFO - Heartbeat Sent. Your URL (saved to docs/SERVERURL): http://www.classicube.net/server/play/16903b2965a1dc37615c61eacbd839a3/
04/15/2014 (13:22:21) -    INFO - There are 0 users on the server
04/15/2014 (13:22:21) -    INFO - default: 
04/15/2014 (13:22:21) -    INFO - World 'default' has been saved.
04/15/2014 (13:23:21) -    INFO - Heartbeat Sent. Your URL (saved to docs/SERVERURL): http://www.classicube.net/server/play/16903b2965a1dc37615c61eacbd839a3/
04/15/2014 (13:23:21) -    INFO - There are 0 users on the server
04/15/2014 (13:23:21) -    INFO - default: 
04/15/2014 (13:23:21) -    INFO - World 'default' has been saved.
04/15/2014 (13:24:22) -    INFO - Heartbeat Sent. Your URL (saved to docs/SERVERURL): http://www.classicube.net/server/play/16903b2965a1dc37615c61eacbd839a3/
04/15/2014 (13:24:22) -    INFO - There are 0 users on the server
04/15/2014 (13:24:22) -    INFO - default: 
04/15/2014 (13:24:22) -    INFO - World 'default' has been saved.
04/15/2014 (13:25:22) -    INFO - Heartbeat Sent. Your URL (saved to docs/SERVERURL): http://www.classicube.net/server/play/16903b2965a1dc37615c61eacbd839a3/
04/15/2014 (13:25:22) -    INFO - There are 0 users on the server
04/15/2014 (13:25:22) -    INFO - default: 
04/15/2014 (13:25:22) -    INFO - World 'default' has been saved.
04/15/2014 (13:26:22) -    INFO - Heartbeat Sent. Your URL (saved to docs/SERVERURL): http://www.classicube.net/server/play/16903b2965a1dc37615c61eacbd839a3/
04/15/2014 (13:26:22) -    INFO - There are 0 users on the server
04/15/2014 (13:26:22) -    INFO - default: 
04/15/2014 (13:26:22) -    INFO - World 'default' has been saved.
04/15/2014 (13:27:22) -    INFO - Heartbeat Sent. Your URL (saved to docs/SERVERURL): http://www.classicube.net/server/play/16903b2965a1dc37615c61eacbd839a3/
04/15/2014 (13:27:22) -    INFO - There are 0 users on the server
04/15/2014 (13:27:22) -    INFO - default: 
04/15/2014 (13:27:22) -    INFO - World 'default' has been saved.
04/15/2014 (13:28:22) -    INFO - Heartbeat Sent. Your URL (saved to docs/SERVERURL): http://www.classicube.net/server/play/16903b2965a1dc37615c61eacbd839a3/
04/15/2014 (13:28:22) -    INFO - There are 0 users on the server
04/15/2014 (13:28:22) -    INFO - default: 
04/15/2014 (13:28:22) -    INFO - World 'default' has been saved.
04/15/2014 (13:29:22) -    INFO - Heartbeat Sent. Your URL (saved to docs/SERVERURL): http://www.classicube.net/server/play/16903b2965a1dc37615c61eacbd839a3/
04/15/2014 (13:29:22) -    INFO - There are 0 users on the server
04/15/2014 (13:29:22) -    INFO - default: 
04/15/2014 (13:29:22) -    INFO - World 'default' has been saved.
04/15/2014 (13:30:23) -    INFO - Heartbeat Sent. Your URL (saved to docs/SERVERURL): http://www.classicube.net/server/play/16903b2965a1dc37615c61eacbd839a3/
04/15/2014 (13:30:23) -    INFO - There are 0 users on the server
04/15/2014 (13:30:23) -    INFO - default: 
04/15/2014 (13:30:23) -    INFO - World 'default' has been saved.
04/15/2014 (13:31:23) -    INFO - Heartbeat Sent. Your URL (saved to docs/SERVERURL): http://www.classicube.net/server/play/16903b2965a1dc37615c61eacbd839a3/
04/15/2014 (13:31:23) -    INFO - There are 0 users on the server
04/15/2014 (13:31:23) -    INFO - default: 
04/15/2014 (13:31:23) -    INFO - World 'default' has been saved.
04/15/2014 (13:32:23) -    INFO - Heartbeat Sent. Your URL (saved to docs/SERVERURL): http://www.classicube.net/server/play/16903b2965a1dc37615c61eacbd839a3/
04/15/2014 (13:32:23) -    INFO - There are 0 users on the server
04/15/2014 (13:32:23) -    INFO - default: 
04/15/2014 (13:32:23) -    INFO - World 'default' has been saved.
04/15/2014 (13:33:23) -    INFO - Heartbeat Sent. Your URL (saved to docs/SERVERURL): http://www.classicube.net/server/play/16903b2965a1dc37615c61eacbd839a3/
04/15/2014 (13:33:23) -    INFO - There are 0 users on the server
04/15/2014 (13:33:23) -    INFO - default: 
04/15/2014 (13:33:23) -    INFO - World 'default' has been saved.
04/15/2014 (13:34:23) -    INFO - Heartbeat Sent. Your URL (saved to docs/SERVERURL): http://www.classicube.net/server/play/16903b2965a1dc37615c61eacbd839a3/
04/15/2014 (13:34:23) -    INFO - There are 0 users on the server
04/15/2014 (13:34:23) -    INFO - default: 
04/15/2014 (13:34:23) -    INFO - World 'default' has been saved.
04/15/2014 (13:35:16) -    INFO - 2655 garbage objects collected, 0 were uncollected.
04/15/2014 (13:35:23) -    INFO - Heartbeat Sent. Your URL (saved to docs/SERVERURL): http://www.classicube.net/server/play/16903b2965a1dc37615c61eacbd839a3/
04/15/2014 (13:35:23) -    INFO - There are 0 users on the server
04/15/2014 (13:35:23) -    INFO - default: 
04/15/2014 (13:35:23) -    INFO - World 'default' has been saved.
04/15/2014 (13:36:23) -    INFO - Heartbeat Sent. Your URL (saved to docs/SERVERURL): http://www.classicube.net/server/play/16903b2965a1dc37615c61eacbd839a3/
04/15/2014 (13:36:23) -    INFO - There are 0 users on the server
04/15/2014 (13:36:23) -    INFO - default: 
04/15/2014 (13:36:23) -    INFO - World 'default' has been saved.
04/15/2014 (13:37:23) -    INFO - Heartbeat Sent. Your URL (saved to docs/SERVERURL): http://www.classicube.net/server/play/16903b2965a1dc37615c61eacbd839a3/
04/15/2014 (13:37:23) -    INFO - There are 0 users on the server
04/15/2014 (13:37:23) -    INFO - default: 
04/15/2014 (13:37:23) -    INFO - World 'default' has been saved.
04/15/2014 (13:38:24) -    INFO - Heartbeat Sent. Your URL (saved to docs/SERVERURL): http://www.classicube.net/server/play/16903b2965a1dc37615c61eacbd839a3/
04/15/2014 (13:38:24) -    INFO - There are 0 users on the server
04/15/2014 (13:38:24) -    INFO - default: 
04/15/2014 (13:38:24) -    INFO - World 'default' has been saved.
04/15/2014 (13:39:24) -    INFO - Heartbeat Sent. Your URL (saved to docs/SERVERURL): http://www.classicube.net/server/play/16903b2965a1dc37615c61eacbd839a3/
04/15/2014 (13:39:24) -    INFO - There are 0 users on the server
04/15/2014 (13:39:24) -    INFO - default: 
04/15/2014 (13:39:24) -    INFO - World 'default' has been saved.
04/15/2014 (13:40:24) -    INFO - Heartbeat Sent. Your URL (saved to docs/SERVERURL): http://www.classicube.net/server/play/16903b2965a1dc37615c61eacbd839a3/
04/15/2014 (13:40:24) -    INFO - There are 0 users on the server
04/15/2014 (13:40:24) -    INFO - default: 
04/15/2014 (13:40:24) -    INFO - World 'default' has been saved.
04/15/2014 (13:41:24) -    INFO - Heartbeat Sent. Your URL (saved to docs/SERVERURL): http://www.classicube.net/server/play/16903b2965a1dc37615c61eacbd839a3/
04/15/2014 (13:41:24) -    INFO - There are 0 users on the server
04/15/2014 (13:41:24) -    INFO - default: 
04/15/2014 (13:41:24) -    INFO - World 'default' has been saved.
04/15/2014 (13:42:24) -    INFO - Heartbeat Sent. Your URL (saved to docs/SERVERURL): http://www.classicube.net/server/play/16903b2965a1dc37615c61eacbd839a3/
04/15/2014 (13:42:24) -    INFO - There are 0 users on the server
04/15/2014 (13:42:24) -    INFO - default: 
04/15/2014 (13:42:24) -    INFO - World 'default' has been saved.
04/15/2014 (13:43:24) -    INFO - Heartbeat Sent. Your URL (saved to docs/SERVERURL): http://www.classicube.net/server/play/16903b2965a1dc37615c61eacbd839a3/
04/15/2014 (13:43:24) -    INFO - There are 0 users on the server
04/15/2014 (13:43:24) -    INFO - default: 
04/15/2014 (13:43:24) -    INFO - World 'default' has been saved.
04/15/2014 (13:44:24) -    INFO - Heartbeat Sent. Your URL (saved to docs/SERVERURL): http://www.classicube.net/server/play/16903b2965a1dc37615c61eacbd839a3/
04/15/2014 (13:44:24) -    INFO - There are 0 users on the server
04/15/2014 (13:44:24) -    INFO - default: 
04/15/2014 (13:44:24) -    INFO - World 'default' has been saved.
04/15/2014 (13:45:24) -    INFO - Heartbeat Sent. Your URL (saved to docs/SERVERURL): http://www.classicube.net/server/play/16903b2965a1dc37615c61eacbd839a3/
04/15/2014 (13:45:24) -    INFO - There are 0 users on the server
04/15/2014 (13:45:24) -    INFO - default: 
04/15/2014 (13:45:24) -    INFO - World 'default' has been saved.
04/15/2014 (13:46:24) -    INFO - Heartbeat Sent. Your URL (saved to docs/SERVERURL): http://www.classicube.net/server/play/16903b2965a1dc37615c61eacbd839a3/
04/15/2014 (13:46:24) -    INFO - There are 0 users on the server
04/15/2014 (13:46:24) -    INFO - default: 
04/15/2014 (13:46:25) -    INFO - World 'default' has been saved.
04/15/2014 (13:47:25) -    INFO - Heartbeat Sent. Your URL (saved to docs/SERVERURL): http://www.classicube.net/server/play/16903b2965a1dc37615c61eacbd839a3/
04/15/2014 (13:47:25) -    INFO - There are 0 users on the server
04/15/2014 (13:47:25) -    INFO - default: 
04/15/2014 (13:47:25) -    INFO - World 'default' has been saved.
04/15/2014 (13:48:25) -    INFO - Heartbeat Sent. Your URL (saved to docs/SERVERURL): http://www.classicube.net/server/play/16903b2965a1dc37615c61eacbd839a3/
04/15/2014 (13:48:25) -    INFO - There are 0 users on the server
04/15/2014 (13:48:25) -    INFO - default: 
04/15/2014 (13:48:25) -    INFO - World 'default' has been saved.
04/15/2014 (13:49:25) -    INFO - Heartbeat Sent. Your URL (saved to docs/SERVERURL): http://www.classicube.net/server/play/16903b2965a1dc37615c61eacbd839a3/
04/15/2014 (13:49:25) -    INFO - There are 0 users on the server
04/15/2014 (13:49:25) -    INFO - default: 
04/15/2014 (13:49:25) -    INFO - World 'default' has been saved.
04/15/2014 (13:50:16) -    INFO - 2655 garbage objects collected, 0 were uncollected.
04/15/2014 (13:50:25) -    INFO - Heartbeat Sent. Your URL (saved to docs/SERVERURL): http://www.classicube.net/server/play/16903b2965a1dc37615c61eacbd839a3/
04/15/2014 (13:50:25) -    INFO - There are 0 users on the server
04/15/2014 (13:50:25) -    INFO - default: 
04/15/2014 (13:50:25) -    INFO - World 'default' has been saved.
04/15/2014 (13:51:25) -    INFO - Heartbeat Sent. Your URL (saved to docs/SERVERURL): http://www.classicube.net/server/play/16903b2965a1dc37615c61eacbd839a3/
04/15/2014 (13:51:25) -    INFO - There are 0 users on the server
04/15/2014 (13:51:25) -    INFO - default: 
04/15/2014 (13:51:25) -    INFO - World 'default' has been saved.
04/15/2014 (13:52:25) -    INFO - Heartbeat Sent. Your URL (saved to docs/SERVERURL): http://www.classicube.net/server/play/16903b2965a1dc37615c61eacbd839a3/
04/15/2014 (13:52:25) -    INFO - There are 0 users on the server
04/15/2014 (13:52:25) -    INFO - default: 
04/15/2014 (13:52:25) -    INFO - World 'default' has been saved.
04/15/2014 (13:53:25) -    INFO - Heartbeat Sent. Your URL (saved to docs/SERVERURL): http://www.classicube.net/server/play/16903b2965a1dc37615c61eacbd839a3/
04/15/2014 (13:53:25) -    INFO - There are 0 users on the server
04/15/2014 (13:53:25) -    INFO - default: 
04/15/2014 (13:53:25) -    INFO - World 'default' has been saved.
04/15/2014 (13:54:26) -    INFO - Heartbeat Sent. Your URL (saved to docs/SERVERURL): http://www.classicube.net/server/play/16903b2965a1dc37615c61eacbd839a3/
04/15/2014 (13:54:26) -    INFO - There are 0 users on the server
04/15/2014 (13:54:26) -    INFO - default: 
04/15/2014 (13:54:26) -    INFO - World 'default' has been saved.
04/15/2014 (13:55:26) -    INFO - Heartbeat Sent. Your URL (saved to docs/SERVERURL): http://www.classicube.net/server/play/16903b2965a1dc37615c61eacbd839a3/
04/15/2014 (13:55:26) -    INFO - There are 0 users on the server
04/15/2014 (13:55:26) -    INFO - default: 
04/15/2014 (13:55:26) -    INFO - World 'default' has been saved.
04/15/2014 (13:56:26) -    INFO - Heartbeat Sent. Your URL (saved to docs/SERVERURL): http://www.classicube.net/server/play/16903b2965a1dc37615c61eacbd839a3/
04/15/2014 (13:56:26) -    INFO - There are 0 users on the server
04/15/2014 (13:56:26) -    INFO - default: 
04/15/2014 (13:56:26) -    INFO - World 'default' has been saved.
04/15/2014 (13:57:26) -    INFO - Heartbeat Sent. Your URL (saved to docs/SERVERURL): http://www.classicube.net/server/play/16903b2965a1dc37615c61eacbd839a3/
04/15/2014 (13:57:26) -    INFO - There are 0 users on the server
04/15/2014 (13:57:26) -    INFO - default: 
04/15/2014 (13:57:26) -    INFO - World 'default' has been saved.
04/15/2014 (13:58:26) -    INFO - Heartbeat Sent. Your URL (saved to docs/SERVERURL): http://www.classicube.net/server/play/16903b2965a1dc37615c61eacbd839a3/
04/15/2014 (13:58:26) -    INFO - There are 0 users on the server
04/15/2014 (13:58:26) -    INFO - default: 
04/15/2014 (13:58:26) -    INFO - World 'default' has been saved.
04/15/2014 (13:59:26) -    INFO - Heartbeat Sent. Your URL (saved to docs/SERVERURL): http://www.classicube.net/server/play/16903b2965a1dc37615c61eacbd839a3/
04/15/2014 (13:59:26) -    INFO - There are 0 users on the server
04/15/2014 (13:59:26) -    INFO - default: 
04/15/2014 (13:59:26) -    INFO - World 'default' has been saved.
04/15/2014 (14:00:26) -    INFO - Heartbeat Sent. Your URL (saved to docs/SERVERURL): http://www.classicube.net/server/play/16903b2965a1dc37615c61eacbd839a3/
04/15/2014 (14:00:26) -    INFO - There are 0 users on the server
04/15/2014 (14:00:26) -    INFO - default: 
04/15/2014 (14:00:26) -    INFO - World 'default' has been saved.
04/15/2014 (14:01:26) -    INFO - Heartbeat Sent. Your URL (saved to docs/SERVERURL): http://www.classicube.net/server/play/16903b2965a1dc37615c61eacbd839a3/
04/15/2014 (14:01:26) -    INFO - There are 0 users on the server
04/15/2014 (14:01:26) -    INFO - default: 
04/15/2014 (14:01:26) -    INFO - World 'default' has been saved.
04/15/2014 (14:02:26) -    INFO - Heartbeat Sent. Your URL (saved to docs/SERVERURL): http://www.classicube.net/server/play/16903b2965a1dc37615c61eacbd839a3/
04/15/2014 (14:02:26) -    INFO - There are 0 users on the server
04/15/2014 (14:02:26) -    INFO - default: 
04/15/2014 (14:02:26) -    INFO - World 'default' has been saved.
04/15/2014 (14:03:27) -    INFO - Heartbeat Sent. Your URL (saved to docs/SERVERURL): http://www.classicube.net/server/play/16903b2965a1dc37615c61eacbd839a3/
04/15/2014 (14:03:27) -    INFO - There are 0 users on the server
04/15/2014 (14:03:27) -    INFO - default: 
04/15/2014 (14:03:27) -    INFO - World 'default' has been saved.
04/15/2014 (14:04:27) -    INFO - Heartbeat Sent. Your URL (saved to docs/SERVERURL): http://www.classicube.net/server/play/16903b2965a1dc37615c61eacbd839a3/
04/15/2014 (14:04:27) -    INFO - There are 0 users on the server
04/15/2014 (14:04:27) -    INFO - default: 
04/15/2014 (14:04:27) -    INFO - World 'default' has been saved.
04/15/2014 (14:05:16) -    INFO - 2655 garbage objects collected, 0 were uncollected.
04/15/2014 (14:05:27) -    INFO - Heartbeat Sent. Your URL (saved to docs/SERVERURL): http://www.classicube.net/server/play/16903b2965a1dc37615c61eacbd839a3/
04/15/2014 (14:05:27) -    INFO - There are 0 users on the server
04/15/2014 (14:05:27) -    INFO - default: 
04/15/2014 (14:05:27) -    INFO - World 'default' has been saved.
04/15/2014 (14:06:27) -    INFO - Heartbeat Sent. Your URL (saved to docs/SERVERURL): http://www.classicube.net/server/play/16903b2965a1dc37615c61eacbd839a3/
04/15/2014 (14:06:27) -    INFO - There are 0 users on the server
04/15/2014 (14:06:27) -    INFO - default: 
04/15/2014 (14:06:27) -    INFO - World 'default' has been saved.
04/15/2014 (14:07:27) -    INFO - Heartbeat Sent. Your URL (saved to docs/SERVERURL): http://www.classicube.net/server/play/16903b2965a1dc37615c61eacbd839a3/
04/15/2014 (14:07:27) -    INFO - There are 0 users on the server
04/15/2014 (14:07:27) -    INFO - default: 
04/15/2014 (14:07:27) -    INFO - World 'default' has been saved.
04/15/2014 (14:08:27) -    INFO - Heartbeat Sent. Your URL (saved to docs/SERVERURL): http://www.classicube.net/server/play/16903b2965a1dc37615c61eacbd839a3/
04/15/2014 (14:08:27) -    INFO - There are 0 users on the server
04/15/2014 (14:08:27) -    INFO - default: 
04/15/2014 (14:08:27) -    INFO - World 'default' has been saved.
04/15/2014 (14:09:27) -    INFO - Heartbeat Sent. Your URL (saved to docs/SERVERURL): http://www.classicube.net/server/play/16903b2965a1dc37615c61eacbd839a3/
04/15/2014 (14:09:27) -    INFO - There are 0 users on the server
04/15/2014 (14:09:27) -    INFO - default: 
04/15/2014 (14:09:27) -    INFO - World 'default' has been saved.
04/15/2014 (14:10:28) -    INFO - Heartbeat Sent. Your URL (saved to docs/SERVERURL): http://www.classicube.net/server/play/16903b2965a1dc37615c61eacbd839a3/
04/15/2014 (14:10:28) -    INFO - There are 0 users on the server
04/15/2014 (14:10:28) -    INFO - default: 
04/15/2014 (14:10:28) -    INFO - World 'default' has been saved.
04/15/2014 (14:11:28) -    INFO - Heartbeat Sent. Your URL (saved to docs/SERVERURL): http://www.classicube.net/server/play/16903b2965a1dc37615c61eacbd839a3/
04/15/2014 (14:11:28) -    INFO - There are 0 users on the server
04/15/2014 (14:11:28) -    INFO - default: 
04/15/2014 (14:11:28) -    INFO - World 'default' has been saved.
04/15/2014 (14:12:28) -    INFO - Heartbeat Sent. Your URL (saved to docs/SERVERURL): http://www.classicube.net/server/play/16903b2965a1dc37615c61eacbd839a3/
04/15/2014 (14:12:28) -    INFO - There are 0 users on the server
04/15/2014 (14:12:28) -    INFO - default: 
04/15/2014 (14:12:28) -    INFO - World 'default' has been saved.
04/15/2014 (14:13:28) -    INFO - Heartbeat Sent. Your URL (saved to docs/SERVERURL): http://www.classicube.net/server/play/16903b2965a1dc37615c61eacbd839a3/
04/15/2014 (14:13:28) -    INFO - There are 0 users on the server
04/15/2014 (14:13:28) -    INFO - default: 
04/15/2014 (14:13:28) -    INFO - World 'default' has been saved.
04/15/2014 (14:14:28) -    INFO - Heartbeat Sent. Your URL (saved to docs/SERVERURL): http://www.classicube.net/server/play/16903b2965a1dc37615c61eacbd839a3/
04/15/2014 (14:14:28) -    INFO - There are 0 users on the server
04/15/2014 (14:14:28) -    INFO - default: 
04/15/2014 (14:14:28) -    INFO - World 'default' has been saved.
04/15/2014 (14:15:28) -    INFO - Heartbeat Sent. Your URL (saved to docs/SERVERURL): http://www.classicube.net/server/play/16903b2965a1dc37615c61eacbd839a3/
04/15/2014 (14:15:28) -    INFO - There are 0 users on the server
04/15/2014 (14:15:28) -    INFO - default: 
04/15/2014 (14:15:28) -    INFO - World 'default' has been saved.
04/15/2014 (14:16:28) -    INFO - Heartbeat Sent. Your URL (saved to docs/SERVERURL): http://www.classicube.net/server/play/16903b2965a1dc37615c61eacbd839a3/
04/15/2014 (14:16:28) -    INFO - There are 0 users on the server
04/15/2014 (14:16:28) -    INFO - default: 
04/15/2014 (14:16:28) -    INFO - World 'default' has been saved.
04/15/2014 (14:17:28) -    INFO - Heartbeat Sent. Your URL (saved to docs/SERVERURL): http://www.classicube.net/server/play/16903b2965a1dc37615c61eacbd839a3/
04/15/2014 (14:17:28) -    INFO - There are 0 users on the server
04/15/2014 (14:17:28) -    INFO - default: 
04/15/2014 (14:17:28) -    INFO - World 'default' has been saved.
04/15/2014 (14:18:28) -    INFO - Heartbeat Sent. Your URL (saved to docs/SERVERURL): http://www.classicube.net/server/play/16903b2965a1dc37615c61eacbd839a3/
04/15/2014 (14:18:28) -    INFO - There are 0 users on the server
04/15/2014 (14:18:28) -    INFO - default: 
04/15/2014 (14:18:28) -    INFO - World 'default' has been saved.
04/15/2014 (14:19:29) -    INFO - Heartbeat Sent. Your URL (saved to docs/SERVERURL): http://www.classicube.net/server/play/16903b2965a1dc37615c61eacbd839a3/
04/15/2014 (14:19:29) -    INFO - There are 0 users on the server
04/15/2014 (14:19:29) -    INFO - default: 
04/15/2014 (14:19:29) -    INFO - World 'default' has been saved.
04/15/2014 (14:20:16) -    INFO - 2655 garbage objects collected, 0 were uncollected.
04/15/2014 (14:20:29) -    INFO - Heartbeat Sent. Your URL (saved to docs/SERVERURL): http://www.classicube.net/server/play/16903b2965a1dc37615c61eacbd839a3/
04/15/2014 (14:20:29) -    INFO - There are 0 users on the server
04/15/2014 (14:20:29) -    INFO - default: 
04/15/2014 (14:20:29) -    INFO - World 'default' has been saved.
04/15/2014 (14:21:29) -    INFO - Heartbeat Sent. Your URL (saved to docs/SERVERURL): http://www.classicube.net/server/play/16903b2965a1dc37615c61eacbd839a3/
04/15/2014 (14:21:29) -    INFO - There are 0 users on the server
04/15/2014 (14:21:29) -    INFO - default: 
04/15/2014 (14:21:29) -    INFO - World 'default' has been saved.
04/15/2014 (14:22:29) -    INFO - Heartbeat Sent. Your URL (saved to docs/SERVERURL): http://www.classicube.net/server/play/16903b2965a1dc37615c61eacbd839a3/
04/15/2014 (14:22:29) -    INFO - There are 0 users on the server
04/15/2014 (14:22:29) -    INFO - default: 
04/15/2014 (14:22:29) -    INFO - World 'default' has been saved.
04/15/2014 (14:23:29) -    INFO - Heartbeat Sent. Your URL (saved to docs/SERVERURL): http://www.classicube.net/server/play/16903b2965a1dc37615c61eacbd839a3/
04/15/2014 (14:23:29) -    INFO - There are 0 users on the server
04/15/2014 (14:23:29) -    INFO - default: 
04/15/2014 (14:23:29) -    INFO - World 'default' has been saved.
04/15/2014 (14:24:29) -    INFO - Heartbeat Sent. Your URL (saved to docs/SERVERURL): http://www.classicube.net/server/play/16903b2965a1dc37615c61eacbd839a3/
04/15/2014 (14:24:29) -    INFO - There are 0 users on the server
04/15/2014 (14:24:29) -    INFO - default: 
04/15/2014 (14:24:29) -    INFO - World 'default' has been saved.
04/15/2014 (14:25:29) -    INFO - Heartbeat Sent. Your URL (saved to docs/SERVERURL): http://www.classicube.net/server/play/16903b2965a1dc37615c61eacbd839a3/
04/15/2014 (14:25:29) -    INFO - There are 0 users on the server
04/15/2014 (14:25:29) -    INFO - default: 
04/15/2014 (14:25:29) -    INFO - World 'default' has been saved.
04/15/2014 (14:26:29) -    INFO - Heartbeat Sent. Your URL (saved to docs/SERVERURL): http://www.classicube.net/server/play/16903b2965a1dc37615c61eacbd839a3/
04/15/2014 (14:26:29) -    INFO - There are 0 users on the server
04/15/2014 (14:26:29) -    INFO - default: 
04/15/2014 (14:26:29) -    INFO - World 'default' has been saved.
04/15/2014 (14:27:30) -    INFO - Heartbeat Sent. Your URL (saved to docs/SERVERURL): http://www.classicube.net/server/play/16903b2965a1dc37615c61eacbd839a3/
04/15/2014 (14:27:30) -    INFO - There are 0 users on the server
04/15/2014 (14:27:30) -    INFO - default: 
04/15/2014 (14:27:30) -    INFO - World 'default' has been saved.
04/15/2014 (14:28:30) -    INFO - Heartbeat Sent. Your URL (saved to docs/SERVERURL): http://www.classicube.net/server/play/16903b2965a1dc37615c61eacbd839a3/
04/15/2014 (14:28:30) -    INFO - There are 0 users on the server
04/15/2014 (14:28:30) -    INFO - default: 
04/15/2014 (14:28:30) -    INFO - World 'default' has been saved.
04/15/2014 (14:29:30) -    INFO - Heartbeat Sent. Your URL (saved to docs/SERVERURL): http://www.classicube.net/server/play/16903b2965a1dc37615c61eacbd839a3/
04/15/2014 (14:29:30) -    INFO - There are 0 users on the server
04/15/2014 (14:29:30) -    INFO - default: 
04/15/2014 (14:29:30) -    INFO - World 'default' has been saved.
04/15/2014 (14:30:30) -    INFO - Heartbeat Sent. Your URL (saved to docs/SERVERURL): http://www.classicube.net/server/play/16903b2965a1dc37615c61eacbd839a3/
04/15/2014 (14:30:30) -    INFO - There are 0 users on the server
04/15/2014 (14:30:30) -    INFO - default: 
04/15/2014 (14:30:30) -    INFO - World 'default' has been saved.
04/15/2014 (14:31:30) -    INFO - Heartbeat Sent. Your URL (saved to docs/SERVERURL): http://www.classicube.net/server/play/16903b2965a1dc37615c61eacbd839a3/
04/15/2014 (14:31:30) -    INFO - There are 0 users on the server
04/15/2014 (14:31:30) -    INFO - default: 
04/15/2014 (14:31:30) -    INFO - World 'default' has been saved.
04/15/2014 (14:32:30) -    INFO - Heartbeat Sent. Your URL (saved to docs/SERVERURL): http://www.classicube.net/server/play/16903b2965a1dc37615c61eacbd839a3/
04/15/2014 (14:32:30) -    INFO - There are 0 users on the server
04/15/2014 (14:32:30) -    INFO - default: 
04/15/2014 (14:32:30) -    INFO - World 'default' has been saved.
04/15/2014 (14:33:30) -    INFO - Heartbeat Sent. Your URL (saved to docs/SERVERURL): http://www.classicube.net/server/play/16903b2965a1dc37615c61eacbd839a3/
04/15/2014 (14:33:30) -    INFO - There are 0 users on the server
04/15/2014 (14:33:30) -    INFO - default: 
04/15/2014 (14:33:30) -    INFO - World 'default' has been saved.
04/15/2014 (14:34:31) -    INFO - Heartbeat Sent. Your URL (saved to docs/SERVERURL): http://www.classicube.net/server/play/16903b2965a1dc37615c61eacbd839a3/
04/15/2014 (14:34:31) -    INFO - There are 0 users on the server
04/15/2014 (14:34:31) -    INFO - default: 
04/15/2014 (14:34:31) -    INFO - World 'default' has been saved.
04/15/2014 (14:35:17) -    INFO - 2655 garbage objects collected, 0 were uncollected.
04/15/2014 (14:35:31) -    INFO - Heartbeat Sent. Your URL (saved to docs/SERVERURL): http://www.classicube.net/server/play/16903b2965a1dc37615c61eacbd839a3/
04/15/2014 (14:35:31) -    INFO - There are 0 users on the server
04/15/2014 (14:35:31) -    INFO - default: 
04/15/2014 (14:35:31) -    INFO - World 'default' has been saved.
04/15/2014 (14:36:31) -    INFO - Heartbeat Sent. Your URL (saved to docs/SERVERURL): http://www.classicube.net/server/play/16903b2965a1dc37615c61eacbd839a3/
04/15/2014 (14:36:31) -    INFO - There are 0 users on the server
04/15/2014 (14:36:31) -    INFO - default: 
04/15/2014 (14:36:31) -    INFO - World 'default' has been saved.
04/15/2014 (14:37:31) -    INFO - Heartbeat Sent. Your URL (saved to docs/SERVERURL): http://www.classicube.net/server/play/16903b2965a1dc37615c61eacbd839a3/
04/15/2014 (14:37:31) -    INFO - There are 0 users on the server
04/15/2014 (14:37:31) -    INFO - default: 
04/15/2014 (14:37:31) -    INFO - World 'default' has been saved.
04/15/2014 (14:38:31) -    INFO - Heartbeat Sent. Your URL (saved to docs/SERVERURL): http://www.classicube.net/server/play/16903b2965a1dc37615c61eacbd839a3/
04/15/2014 (14:38:31) -    INFO - There are 0 users on the server
04/15/2014 (14:38:31) -    INFO - default: 
04/15/2014 (14:38:31) -    INFO - World 'default' has been saved.
04/15/2014 (14:39:31) -    INFO - Heartbeat Sent. Your URL (saved to docs/SERVERURL): http://www.classicube.net/server/play/16903b2965a1dc37615c61eacbd839a3/
04/15/2014 (14:39:31) -    INFO - There are 0 users on the server
04/15/2014 (14:39:31) -    INFO - default: 
04/15/2014 (14:39:31) -    INFO - World 'default' has been saved.
04/15/2014 (14:40:31) -    INFO - Heartbeat Sent. Your URL (saved to docs/SERVERURL): http://www.classicube.net/server/play/16903b2965a1dc37615c61eacbd839a3/
04/15/2014 (14:40:31) -    INFO - There are 0 users on the server
04/15/2014 (14:40:31) -    INFO - default: 
04/15/2014 (14:40:31) -    INFO - World 'default' has been saved.
04/15/2014 (14:41:31) -    INFO - Heartbeat Sent. Your URL (saved to docs/SERVERURL): http://www.classicube.net/server/play/16903b2965a1dc37615c61eacbd839a3/
04/15/2014 (14:41:31) -    INFO - There are 0 users on the server
04/15/2014 (14:41:31) -    INFO - default: 
04/15/2014 (14:41:31) -    INFO - World 'default' has been saved.
04/15/2014 (14:42:32) -    INFO - Heartbeat Sent. Your URL (saved to docs/SERVERURL): http://www.classicube.net/server/play/16903b2965a1dc37615c61eacbd839a3/
04/15/2014 (14:42:32) -    INFO - There are 0 users on the server
04/15/2014 (14:42:32) -    INFO - default: 
04/15/2014 (14:42:32) -    INFO - World 'default' has been saved.
04/15/2014 (14:43:32) -    INFO - Heartbeat Sent. Your URL (saved to docs/SERVERURL): http://www.classicube.net/server/play/16903b2965a1dc37615c61eacbd839a3/
04/15/2014 (14:43:32) -    INFO - There are 0 users on the server
04/15/2014 (14:43:32) -    INFO - default: 
04/15/2014 (14:43:32) -    INFO - World 'default' has been saved.
04/15/2014 (14:44:32) -    INFO - Heartbeat Sent. Your URL (saved to docs/SERVERURL): http://www.classicube.net/server/play/16903b2965a1dc37615c61eacbd839a3/
04/15/2014 (14:44:32) -    INFO - There are 0 users on the server
04/15/2014 (14:44:32) -    INFO - default: 
04/15/2014 (14:44:32) -    INFO - World 'default' has been saved.
04/15/2014 (14:45:32) -    INFO - Heartbeat Sent. Your URL (saved to docs/SERVERURL): http://www.classicube.net/server/play/16903b2965a1dc37615c61eacbd839a3/
04/15/2014 (14:45:32) -    INFO - There are 0 users on the server
04/15/2014 (14:45:32) -    INFO - default: 
04/15/2014 (14:45:32) -    INFO - World 'default' has been saved.
04/15/2014 (14:46:32) -    INFO - Heartbeat Sent. Your URL (saved to docs/SERVERURL): http://www.classicube.net/server/play/16903b2965a1dc37615c61eacbd839a3/
04/15/2014 (14:46:32) -    INFO - There are 0 users on the server
04/15/2014 (14:46:32) -    INFO - default: 
04/15/2014 (14:46:32) -    INFO - World 'default' has been saved.
04/15/2014 (14:47:32) -    INFO - Heartbeat Sent. Your URL (saved to docs/SERVERURL): http://www.classicube.net/server/play/16903b2965a1dc37615c61eacbd839a3/
04/15/2014 (14:47:32) -    INFO - There are 0 users on the server
04/15/2014 (14:47:32) -    INFO - default: 
04/15/2014 (14:47:32) -    INFO - World 'default' has been saved.
04/15/2014 (14:48:32) -    INFO - Heartbeat Sent. Your URL (saved to docs/SERVERURL): http://www.classicube.net/server/play/16903b2965a1dc37615c61eacbd839a3/
04/15/2014 (14:48:32) -    INFO - There are 0 users on the server
04/15/2014 (14:48:32) -    INFO - default: 
04/15/2014 (14:48:32) -    INFO - World 'default' has been saved.
04/15/2014 (14:49:32) -    INFO - Heartbeat Sent. Your URL (saved to docs/SERVERURL): http://www.classicube.net/server/play/16903b2965a1dc37615c61eacbd839a3/
04/15/2014 (14:49:32) -    INFO - There are 0 users on the server
04/15/2014 (14:49:32) -    INFO - default: 
04/15/2014 (14:49:32) -    INFO - World 'default' has been saved.
04/15/2014 (14:49:33) -    INFO - 212.159.73.45 is joining world worlds/default
04/15/2014 (14:49:33) -    INFO - (212.159.73.45:1773) Connected, as 'marilynthomas@hotmail.com'
04/15/2014 (14:50:01) -    INFO - (212.159.73.45:1773) marilynthomas@hotmail.com just used: /rules
04/15/2014 (14:50:13) -    INFO - (212.159.73.45:1773) marilynthomas@hotmail.com just used: /help
04/15/2014 (14:50:17) -    INFO - 2655 garbage objects collected, 0 were uncollected.
04/15/2014 (14:50:32) -    INFO - Heartbeat Sent. Your URL (saved to docs/SERVERURL): http://www.classicube.net/server/play/16903b2965a1dc37615c61eacbd839a3/
04/15/2014 (14:50:32) -    INFO - There are 1 users on the server
04/15/2014 (14:50:32) -    INFO - default: marilynthomas@hotmail.com
04/15/2014 (14:50:32) -    INFO - World 'default' has been saved.
04/15/2014 (14:50:33) -    INFO - (212.159.73.45:1773) marilynthomas@hotmail.com just used: /gamemode 0
04/15/2014 (14:50:54) -    INFO - marilynthomas@hotmail.com: Hello! were are you guys?
04/15/2014 (14:51:11) -    INFO - (212.159.73.45:1773) marilynthomas@hotmail.com just used: /list
04/15/2014 (14:51:20) -    INFO - (212.159.73.45:1773) marilynthomas@hotmail.com just used: /help
04/15/2014 (14:51:30) -    INFO - (212.159.73.45:1773) marilynthomas@hotmail.com just used: /cmdlist
04/15/2014 (14:51:33) -    INFO - Heartbeat Sent. Your URL (saved to docs/SERVERURL): http://www.classicube.net/server/play/16903b2965a1dc37615c61eacbd839a3/
04/15/2014 (14:51:33) -    INFO - There are 1 users on the server
04/15/2014 (14:51:33) -    INFO - default: marilynthomas@hotmail.com
04/15/2014 (14:51:33) -    INFO - World 'default' has been saved.
04/15/2014 (14:52:33) -    INFO - Heartbeat Sent. Your URL (saved to docs/SERVERURL): http://www.classicube.net/server/play/16903b2965a1dc37615c61eacbd839a3/
04/15/2014 (14:52:33) -    INFO - There are 1 users on the server
04/15/2014 (14:52:33) -    INFO - default: marilynthomas@hotmail.com
04/15/2014 (14:52:33) -    INFO - World 'default' has been saved.
04/15/2014 (14:53:04) -    INFO - 92.99.130.113 is joining world worlds/default
04/15/2014 (14:53:04) -    INFO - (92.99.130.113:52144) Connected, as 'avatar09'
04/15/2014 (14:53:33) -    INFO - Heartbeat Sent. Your URL (saved to docs/SERVERURL): http://www.classicube.net/server/play/16903b2965a1dc37615c61eacbd839a3/
04/15/2014 (14:53:33) -    INFO - There are 2 users on the server
04/15/2014 (14:53:33) -    INFO - default: marilynthomas@hotmail.com, avatar09
04/15/2014 (14:53:33) -    INFO - World 'default' has been saved.
04/15/2014 (14:53:51) -    INFO - (92.99.130.113:52144) avatar09 just used: /who
04/15/2014 (14:54:04) -    INFO - (92.99.130.113:52144) avatar09 just used: /who marilynthomas@hotmail.com
04/15/2014 (14:54:09) -    INFO - (92.99.130.113:52144) avatar09 just used: /ranks
04/15/2014 (14:54:18) -    INFO - (212.159.73.45:1773) Disconnected 'marilynthomas@hotmail.com'
04/15/2014 (14:54:21) -    INFO - (92.99.130.113:52144) avatar09 just used: /help ranks
04/15/2014 (14:54:33) -    INFO - Heartbeat Sent. Your URL (saved to docs/SERVERURL): http://www.classicube.net/server/play/16903b2965a1dc37615c61eacbd839a3/
04/15/2014 (14:54:33) -    INFO - There are 1 users on the server
04/15/2014 (14:54:33) -    INFO - default: avatar09
04/15/2014 (14:54:33) -    INFO - World 'default' has been saved.
04/15/2014 (14:54:58) -    INFO - (92.99.130.113:52144) avatar09 just used: /help ban
04/15/2014 (14:55:33) -    INFO - Heartbeat Sent. Your URL (saved to docs/SERVERURL): http://www.classicube.net/server/play/16903b2965a1dc37615c61eacbd839a3/
04/15/2014 (14:55:33) -    INFO - There are 1 users on the server
04/15/2014 (14:55:33) -    INFO - default: avatar09
04/15/2014 (14:55:33) -    INFO - World 'default' has been saved.
04/15/2014 (14:56:34) -    INFO - Heartbeat Sent. Your URL (saved to docs/SERVERURL): http://www.classicube.net/server/play/16903b2965a1dc37615c61eacbd839a3/
04/15/2014 (14:56:34) -    INFO - There are 1 users on the server
04/15/2014 (14:56:34) -    INFO - default: avatar09
04/15/2014 (14:56:34) -    INFO - World 'default' has been saved.
04/15/2014 (14:57:34) -    INFO - Heartbeat Sent. Your URL (saved to docs/SERVERURL): http://www.classicube.net/server/play/16903b2965a1dc37615c61eacbd839a3/
04/15/2014 (14:57:34) -    INFO - There are 1 users on the server
04/15/2014 (14:57:34) -    INFO - default: avatar09
04/15/2014 (14:57:34) -    INFO - World 'default' has been saved.
04/15/2014 (14:58:34) -    INFO - Heartbeat Sent. Your URL (saved to docs/SERVERURL): http://www.classicube.net/server/play/16903b2965a1dc37615c61eacbd839a3/
04/15/2014 (14:58:34) -    INFO - There are 1 users on the server
04/15/2014 (14:58:34) -    INFO - default: avatar09
04/15/2014 (14:58:34) -    INFO - World 'default' has been saved.
04/15/2014 (14:59:34) -    INFO - Heartbeat Sent. Your URL (saved to docs/SERVERURL): http://www.classicube.net/server/play/16903b2965a1dc37615c61eacbd839a3/
04/15/2014 (14:59:34) -    INFO - There are 1 users on the server
04/15/2014 (14:59:34) -    INFO - default: avatar09
04/15/2014 (14:59:34) -    INFO - World 'default' has been saved.
04/15/2014 (15:00:34) -    INFO - Heartbeat Sent. Your URL (saved to docs/SERVERURL): http://www.classicube.net/server/play/16903b2965a1dc37615c61eacbd839a3/
04/15/2014 (15:00:34) -    INFO - There are 1 users on the server
04/15/2014 (15:00:34) -    INFO - default: avatar09
04/15/2014 (15:00:34) -    INFO - World 'default' has been saved.
04/15/2014 (15:01:34) -    INFO - Heartbeat Sent. Your URL (saved to docs/SERVERURL): http://www.classicube.net/server/play/16903b2965a1dc37615c61eacbd839a3/
04/15/2014 (15:01:34) -    INFO - There are 1 users on the server
04/15/2014 (15:01:34) -    INFO - default: avatar09
04/15/2014 (15:01:34) -    INFO - World 'default' has been saved.
04/15/2014 (15:02:34) -    INFO - Heartbeat Sent. Your URL (saved to docs/SERVERURL): http://www.classicube.net/server/play/16903b2965a1dc37615c61eacbd839a3/
04/15/2014 (15:02:34) -    INFO - There are 1 users on the server
04/15/2014 (15:02:34) -    INFO - default: avatar09
04/15/2014 (15:02:34) -    INFO - World 'default' has been saved.
04/15/2014 (15:03:35) -    INFO - Heartbeat Sent. Your URL (saved to docs/SERVERURL): http://www.classicube.net/server/play/16903b2965a1dc37615c61eacbd839a3/
04/15/2014 (15:03:35) -    INFO - There are 1 users on the server
04/15/2014 (15:03:35) -    INFO - default: avatar09
04/15/2014 (15:03:35) -    INFO - World 'default' has been saved.
04/15/2014 (15:04:35) -    INFO - Heartbeat Sent. Your URL (saved to docs/SERVERURL): http://www.classicube.net/server/play/16903b2965a1dc37615c61eacbd839a3/
04/15/2014 (15:04:35) -    INFO - There are 1 users on the server
04/15/2014 (15:04:35) -    INFO - default: avatar09
04/15/2014 (15:04:35) -    INFO - World 'default' has been saved.
04/15/2014 (15:05:17) -    INFO - 2667 garbage objects collected, 0 were uncollected.
04/15/2014 (15:05:34) -    INFO - 46.239.236.216 is joining world worlds/default
04/15/2014 (15:05:34) -    INFO - (46.239.236.216:56533) Connected, as 'FridrikValur'
04/15/2014 (15:05:35) -    INFO - Heartbeat Sent. Your URL (saved to docs/SERVERURL): http://www.classicube.net/server/play/16903b2965a1dc37615c61eacbd839a3/
04/15/2014 (15:05:35) -    INFO - There are 2 users on the server
04/15/2014 (15:05:35) -    INFO - default: FridrikValur, avatar09
04/15/2014 (15:05:35) -    INFO - World 'default' has been saved.
04/15/2014 (15:06:32) -    INFO - (92.99.130.113:52144) Sending error: You were away too long.
04/15/2014 (15:06:32) -    INFO - (92.99.130.113:52144) Disconnected 'avatar09'
04/15/2014 (15:06:35) -    INFO - Heartbeat Sent. Your URL (saved to docs/SERVERURL): http://www.classicube.net/server/play/16903b2965a1dc37615c61eacbd839a3/
04/15/2014 (15:06:35) -    INFO - There are 1 users on the server
04/15/2014 (15:06:35) -    INFO - default: FridrikValur
04/15/2014 (15:06:35) -    INFO - World 'default' has been saved.
04/15/2014 (15:07:35) -    INFO - Heartbeat Sent. Your URL (saved to docs/SERVERURL): http://www.classicube.net/server/play/16903b2965a1dc37615c61eacbd839a3/
04/15/2014 (15:07:35) -    INFO - There are 1 users on the server
04/15/2014 (15:07:35) -    INFO - default: FridrikValur
04/15/2014 (15:07:35) -    INFO - World 'default' has been saved.
04/15/2014 (15:08:20) -    INFO - (46.239.236.216:56533) Disconnected 'FridrikValur'
04/15/2014 (15:08:35) -    INFO - Heartbeat Sent. Your URL (saved to docs/SERVERURL): http://www.classicube.net/server/play/16903b2965a1dc37615c61eacbd839a3/
04/15/2014 (15:08:35) -    INFO - There are 0 users on the server
04/15/2014 (15:08:35) -    INFO - default: 
04/15/2014 (15:08:35) -    INFO - World 'default' has been saved.
04/15/2014 (15:09:35) -    INFO - Heartbeat Sent. Your URL (saved to docs/SERVERURL): http://www.classicube.net/server/play/16903b2965a1dc37615c61eacbd839a3/
04/15/2014 (15:09:35) -    INFO - There are 0 users on the server
04/15/2014 (15:09:35) -    INFO - default: 
04/15/2014 (15:09:35) -    INFO - World 'default' has been saved.
04/15/2014 (15:10:36) -    INFO - Heartbeat Sent. Your URL (saved to docs/SERVERURL): http://www.classicube.net/server/play/16903b2965a1dc37615c61eacbd839a3/
04/15/2014 (15:10:36) -    INFO - There are 0 users on the server
04/15/2014 (15:10:36) -    INFO - default: 
04/15/2014 (15:10:36) -    INFO - World 'default' has been saved.
04/15/2014 (15:11:36) -    INFO - Heartbeat Sent. Your URL (saved to docs/SERVERURL): http://www.classicube.net/server/play/16903b2965a1dc37615c61eacbd839a3/
04/15/2014 (15:11:36) -    INFO - There are 0 users on the server
04/15/2014 (15:11:36) -    INFO - default: 
04/15/2014 (15:11:36) -    INFO - World 'default' has been saved.
04/15/2014 (15:12:36) -    INFO - Heartbeat Sent. Your URL (saved to docs/SERVERURL): http://www.classicube.net/server/play/16903b2965a1dc37615c61eacbd839a3/
04/15/2014 (15:12:36) -    INFO - There are 0 users on the server
04/15/2014 (15:12:36) -    INFO - default: 
04/15/2014 (15:12:36) -    INFO - World 'default' has been saved.
04/15/2014 (15:13:36) -    INFO - Heartbeat Sent. Your URL (saved to docs/SERVERURL): http://www.classicube.net/server/play/16903b2965a1dc37615c61eacbd839a3/
04/15/2014 (15:13:36) -    INFO - There are 0 users on the server
04/15/2014 (15:13:36) -    INFO - default: 
04/15/2014 (15:13:36) -    INFO - World 'default' has been saved.
04/15/2014 (15:14:36) -    INFO - Heartbeat Sent. Your URL (saved to docs/SERVERURL): http://www.classicube.net/server/play/16903b2965a1dc37615c61eacbd839a3/
04/15/2014 (15:14:36) -    INFO - There are 0 users on the server
04/15/2014 (15:14:36) -    INFO - default: 
04/15/2014 (15:14:36) -    INFO - World 'default' has been saved.
04/15/2014 (15:15:36) -    INFO - Heartbeat Sent. Your URL (saved to docs/SERVERURL): http://www.classicube.net/server/play/16903b2965a1dc37615c61eacbd839a3/
04/15/2014 (15:15:36) -    INFO - There are 0 users on the server
04/15/2014 (15:15:36) -    INFO - default: 
04/15/2014 (15:15:36) -    INFO - World 'default' has been saved.
04/15/2014 (15:16:36) -    INFO - Heartbeat Sent. Your URL (saved to docs/SERVERURL): http://www.classicube.net/server/play/16903b2965a1dc37615c61eacbd839a3/
04/15/2014 (15:16:36) -    INFO - There are 0 users on the server
04/15/2014 (15:16:36) -    INFO - default: 
04/15/2014 (15:16:36) -    INFO - World 'default' has been saved.
04/15/2014 (15:17:37) -    INFO - Heartbeat Sent. Your URL (saved to docs/SERVERURL): http://www.classicube.net/server/play/16903b2965a1dc37615c61eacbd839a3/
04/15/2014 (15:17:37) -    INFO - There are 0 users on the server
04/15/2014 (15:17:37) -    INFO - default: 
04/15/2014 (15:17:37) -    INFO - World 'default' has been saved.
04/15/2014 (15:18:37) -    INFO - Heartbeat Sent. Your URL (saved to docs/SERVERURL): http://www.classicube.net/server/play/16903b2965a1dc37615c61eacbd839a3/
04/15/2014 (15:18:37) -    INFO - There are 0 users on the server
04/15/2014 (15:18:37) -    INFO - default: 
04/15/2014 (15:18:37) -    INFO - World 'default' has been saved.
04/15/2014 (15:19:37) -    INFO - Heartbeat Sent. Your URL (saved to docs/SERVERURL): http://www.classicube.net/server/play/16903b2965a1dc37615c61eacbd839a3/
04/15/2014 (15:19:37) -    INFO - There are 0 users on the server
04/15/2014 (15:19:37) -    INFO - default: 
04/15/2014 (15:19:37) -    INFO - World 'default' has been saved.
04/15/2014 (15:20:17) -    INFO - 2685 garbage objects collected, 0 were uncollected.
04/15/2014 (15:20:37) -    INFO - Heartbeat Sent. Your URL (saved to docs/SERVERURL): http://www.classicube.net/server/play/16903b2965a1dc37615c61eacbd839a3/
04/15/2014 (15:20:37) -    INFO - There are 0 users on the server
04/15/2014 (15:20:37) -    INFO - default: 
04/15/2014 (15:20:37) -    INFO - World 'default' has been saved.
04/15/2014 (15:21:37) -    INFO - Heartbeat Sent. Your URL (saved to docs/SERVERURL): http://www.classicube.net/server/play/16903b2965a1dc37615c61eacbd839a3/
04/15/2014 (15:21:37) -    INFO - There are 0 users on the server
04/15/2014 (15:21:37) -    INFO - default: 
04/15/2014 (15:21:37) -    INFO - World 'default' has been saved.
04/15/2014 (15:22:37) -    INFO - Heartbeat Sent. Your URL (saved to docs/SERVERURL): http://www.classicube.net/server/play/16903b2965a1dc37615c61eacbd839a3/
04/15/2014 (15:22:37) -    INFO - There are 0 users on the server
04/15/2014 (15:22:37) -    INFO - default: 
04/15/2014 (15:22:37) -    INFO - World 'default' has been saved.
04/15/2014 (15:23:37) -    INFO - Heartbeat Sent. Your URL (saved to docs/SERVERURL): http://www.classicube.net/server/play/16903b2965a1dc37615c61eacbd839a3/
04/15/2014 (15:23:37) -    INFO - There are 0 users on the server
04/15/2014 (15:23:37) -    INFO - default: 
04/15/2014 (15:23:37) -    INFO - World 'default' has been saved.
04/15/2014 (15:24:37) -    INFO - Heartbeat Sent. Your URL (saved to docs/SERVERURL): http://www.classicube.net/server/play/16903b2965a1dc37615c61eacbd839a3/
04/15/2014 (15:24:37) -    INFO - There are 0 users on the server
04/15/2014 (15:24:37) -    INFO - default: 
04/15/2014 (15:24:37) -    INFO - World 'default' has been saved.
04/15/2014 (15:25:37) -    INFO - Heartbeat Sent. Your URL (saved to docs/SERVERURL): http://www.classicube.net/server/play/16903b2965a1dc37615c61eacbd839a3/
04/15/2014 (15:25:37) -    INFO - There are 0 users on the server
04/15/2014 (15:25:37) -    INFO - default: 
04/15/2014 (15:25:37) -    INFO - World 'default' has been saved.
04/15/2014 (15:26:38) -    INFO - Heartbeat Sent. Your URL (saved to docs/SERVERURL): http://www.classicube.net/server/play/16903b2965a1dc37615c61eacbd839a3/
04/15/2014 (15:26:38) -    INFO - There are 0 users on the server
04/15/2014 (15:26:38) -    INFO - default: 
04/15/2014 (15:26:38) -    INFO - World 'default' has been saved.
04/15/2014 (15:27:38) -    INFO - Heartbeat Sent. Your URL (saved to docs/SERVERURL): http://www.classicube.net/server/play/16903b2965a1dc37615c61eacbd839a3/
04/15/2014 (15:27:38) -    INFO - There are 0 users on the server
04/15/2014 (15:27:38) -    INFO - default: 
04/15/2014 (15:27:38) -    INFO - World 'default' has been saved.
04/15/2014 (15:28:38) -    INFO - Heartbeat Sent. Your URL (saved to docs/SERVERURL): http://www.classicube.net/server/play/16903b2965a1dc37615c61eacbd839a3/
04/15/2014 (15:28:38) -    INFO - There are 0 users on the server
04/15/2014 (15:28:38) -    INFO - default: 
04/15/2014 (15:28:38) -    INFO - World 'default' has been saved.
04/15/2014 (15:29:38) -    INFO - Heartbeat Sent. Your URL (saved to docs/SERVERURL): http://www.classicube.net/server/play/16903b2965a1dc37615c61eacbd839a3/
04/15/2014 (15:29:38) -    INFO - There are 0 users on the server
04/15/2014 (15:29:38) -    INFO - default: 
04/15/2014 (15:29:38) -    INFO - World 'default' has been saved.
04/15/2014 (15:30:38) -    INFO - Heartbeat Sent. Your URL (saved to docs/SERVERURL): http://www.classicube.net/server/play/16903b2965a1dc37615c61eacbd839a3/
04/15/2014 (15:30:38) -    INFO - There are 0 users on the server
04/15/2014 (15:30:38) -    INFO - default: 
04/15/2014 (15:30:38) -    INFO - World 'default' has been saved.
04/15/2014 (15:31:38) -    INFO - Heartbeat Sent. Your URL (saved to docs/SERVERURL): http://www.classicube.net/server/play/16903b2965a1dc37615c61eacbd839a3/
04/15/2014 (15:31:38) -    INFO - There are 0 users on the server
04/15/2014 (15:31:38) -    INFO - default: 
04/15/2014 (15:31:38) -    INFO - World 'default' has been saved.
04/15/2014 (15:32:38) -    INFO - Heartbeat Sent. Your URL (saved to docs/SERVERURL): http://www.classicube.net/server/play/16903b2965a1dc37615c61eacbd839a3/
04/15/2014 (15:32:38) -    INFO - There are 0 users on the server
04/15/2014 (15:32:38) -    INFO - default: 
04/15/2014 (15:32:38) -    INFO - World 'default' has been saved.
04/15/2014 (15:33:39) -    INFO - Heartbeat Sent. Your URL (saved to docs/SERVERURL): http://www.classicube.net/server/play/16903b2965a1dc37615c61eacbd839a3/
04/15/2014 (15:33:39) -    INFO - There are 0 users on the server
04/15/2014 (15:33:39) -    INFO - default: 
04/15/2014 (15:33:39) -    INFO - World 'default' has been saved.
04/15/2014 (15:34:39) -    INFO - Heartbeat Sent. Your URL (saved to docs/SERVERURL): http://www.classicube.net/server/play/16903b2965a1dc37615c61eacbd839a3/
04/15/2014 (15:34:39) -    INFO - There are 0 users on the server
04/15/2014 (15:34:39) -    INFO - default: 
04/15/2014 (15:34:39) -    INFO - World 'default' has been saved.
04/15/2014 (15:35:17) -    INFO - 2685 garbage objects collected, 0 were uncollected.
04/15/2014 (15:35:39) -    INFO - Heartbeat Sent. Your URL (saved to docs/SERVERURL): http://www.classicube.net/server/play/16903b2965a1dc37615c61eacbd839a3/
04/15/2014 (15:35:39) -    INFO - There are 0 users on the server
04/15/2014 (15:35:39) -    INFO - default: 
04/15/2014 (15:35:39) -    INFO - World 'default' has been saved.
04/15/2014 (15:36:39) -    INFO - Heartbeat Sent. Your URL (saved to docs/SERVERURL): http://www.classicube.net/server/play/16903b2965a1dc37615c61eacbd839a3/
04/15/2014 (15:36:39) -    INFO - There are 0 users on the server
04/15/2014 (15:36:39) -    INFO - default: 
04/15/2014 (15:36:39) -    INFO - World 'default' has been saved.
04/15/2014 (15:37:39) -    INFO - Heartbeat Sent. Your URL (saved to docs/SERVERURL): http://www.classicube.net/server/play/16903b2965a1dc37615c61eacbd839a3/
04/15/2014 (15:37:39) -    INFO - There are 0 users on the server
04/15/2014 (15:37:39) -    INFO - default: 
04/15/2014 (15:37:39) -    INFO - World 'default' has been saved.
04/15/2014 (15:38:39) -    INFO - Heartbeat Sent. Your URL (saved to docs/SERVERURL): http://www.classicube.net/server/play/16903b2965a1dc37615c61eacbd839a3/
04/15/2014 (15:38:39) -    INFO - There are 0 users on the server
04/15/2014 (15:38:39) -    INFO - default: 
04/15/2014 (15:38:39) -    INFO - World 'default' has been saved.
04/15/2014 (15:39:39) -    INFO - Heartbeat Sent. Your URL (saved to docs/SERVERURL): http://www.classicube.net/server/play/16903b2965a1dc37615c61eacbd839a3/
04/15/2014 (15:39:39) -    INFO - There are 0 users on the server
04/15/2014 (15:39:39) -    INFO - default: 
04/15/2014 (15:39:39) -    INFO - World 'default' has been saved.
04/15/2014 (15:40:39) -    INFO - Heartbeat Sent. Your URL (saved to docs/SERVERURL): http://www.classicube.net/server/play/16903b2965a1dc37615c61eacbd839a3/
04/15/2014 (15:40:39) -    INFO - There are 0 users on the server
04/15/2014 (15:40:39) -    INFO - default: 
04/15/2014 (15:40:39) -    INFO - World 'default' has been saved.
04/15/2014 (15:41:40) -    INFO - Heartbeat Sent. Your URL (saved to docs/SERVERURL): http://www.classicube.net/server/play/16903b2965a1dc37615c61eacbd839a3/
04/15/2014 (15:41:40) -    INFO - There are 0 users on the server
04/15/2014 (15:41:40) -    INFO - default: 
04/15/2014 (15:41:40) -    INFO - World 'default' has been saved.
04/15/2014 (15:42:40) -    INFO - Heartbeat Sent. Your URL (saved to docs/SERVERURL): http://www.classicube.net/server/play/16903b2965a1dc37615c61eacbd839a3/
04/15/2014 (15:42:40) -    INFO - There are 0 users on the server
04/15/2014 (15:42:40) -    INFO - default: 
04/15/2014 (15:42:40) -    INFO - World 'default' has been saved.
04/15/2014 (15:43:40) -    INFO - Heartbeat Sent. Your URL (saved to docs/SERVERURL): http://www.classicube.net/server/play/16903b2965a1dc37615c61eacbd839a3/
04/15/2014 (15:43:40) -    INFO - There are 0 users on the server
04/15/2014 (15:43:40) -    INFO - default: 
04/15/2014 (15:43:40) -    INFO - World 'default' has been saved.
04/15/2014 (15:44:40) -    INFO - Heartbeat Sent. Your URL (saved to docs/SERVERURL): http://www.classicube.net/server/play/16903b2965a1dc37615c61eacbd839a3/
04/15/2014 (15:44:40) -    INFO - There are 0 users on the server
04/15/2014 (15:44:40) -    INFO - default: 
04/15/2014 (15:44:40) -    INFO - World 'default' has been saved.
04/15/2014 (15:45:40) -    INFO - Heartbeat Sent. Your URL (saved to docs/SERVERURL): http://www.classicube.net/server/play/16903b2965a1dc37615c61eacbd839a3/
04/15/2014 (15:45:40) -    INFO - There are 0 users on the server
04/15/2014 (15:45:40) -    INFO - default: 
04/15/2014 (15:45:40) -    INFO - World 'default' has been saved.
04/15/2014 (15:46:17) -    INFO - <IRC> &eHetal has joined #hetal
04/15/2014 (15:46:40) -    INFO - Heartbeat Sent. Your URL (saved to docs/SERVERURL): http://www.classicube.net/server/play/16903b2965a1dc37615c61eacbd839a3/
04/15/2014 (15:46:40) -    INFO - There are 0 users on the server
04/15/2014 (15:46:40) -    INFO - default: 
04/15/2014 (15:46:40) -    INFO - World 'default' has been saved.
04/15/2014 (15:47:14) -    INFO - <IRC> &eHetal is now known as Unidentified45827
04/15/2014 (15:47:40) -    INFO - Heartbeat Sent. Your URL (saved to docs/SERVERURL): http://www.classicube.net/server/play/16903b2965a1dc37615c61eacbd839a3/
04/15/2014 (15:47:40) -    INFO - There are 0 users on the server
04/15/2014 (15:47:40) -    INFO - default: 
04/15/2014 (15:47:40) -    INFO - World 'default' has been saved.
04/15/2014 (15:48:40) -    INFO - Heartbeat Sent. Your URL (saved to docs/SERVERURL): http://www.classicube.net/server/play/16903b2965a1dc37615c61eacbd839a3/
04/15/2014 (15:48:40) -    INFO - There are 0 users on the server
04/15/2014 (15:48:40) -    INFO - default: 
04/15/2014 (15:48:40) -    INFO - World 'default' has been saved.
04/15/2014 (15:49:41) -    INFO - Heartbeat Sent. Your URL (saved to docs/SERVERURL): http://www.classicube.net/server/play/16903b2965a1dc37615c61eacbd839a3/
04/15/2014 (15:49:41) -    INFO - There are 0 users on the server
04/15/2014 (15:49:41) -    INFO - default: 
04/15/2014 (15:49:41) -    INFO - World 'default' has been saved.
04/15/2014 (15:50:17) -    INFO - 2685 garbage objects collected, 0 were uncollected.
04/15/2014 (15:50:41) -    INFO - Heartbeat Sent. Your URL (saved to docs/SERVERURL): http://www.classicube.net/server/play/16903b2965a1dc37615c61eacbd839a3/
04/15/2014 (15:50:41) -    INFO - There are 0 users on the server
04/15/2014 (15:50:41) -    INFO - default: 
04/15/2014 (15:50:41) -    INFO - World 'default' has been saved.
04/15/2014 (15:51:41) -    INFO - Heartbeat Sent. Your URL (saved to docs/SERVERURL): http://www.classicube.net/server/play/16903b2965a1dc37615c61eacbd839a3/
04/15/2014 (15:51:41) -    INFO - There are 0 users on the server
04/15/2014 (15:51:41) -    INFO - default: 
04/15/2014 (15:51:41) -    INFO - World 'default' has been saved.
04/15/2014 (15:52:41) -    INFO - Heartbeat Sent. Your URL (saved to docs/SERVERURL): http://www.classicube.net/server/play/16903b2965a1dc37615c61eacbd839a3/
04/15/2014 (15:52:41) -    INFO - There are 0 users on the server
04/15/2014 (15:52:41) -    INFO - default: 
04/15/2014 (15:52:41) -    INFO - World 'default' has been saved.
04/15/2014 (15:53:41) -    INFO - Heartbeat Sent. Your URL (saved to docs/SERVERURL): http://www.classicube.net/server/play/16903b2965a1dc37615c61eacbd839a3/
04/15/2014 (15:53:41) -    INFO - There are 0 users on the server
04/15/2014 (15:53:41) -    INFO - default: 
04/15/2014 (15:53:41) -    INFO - World 'default' has been saved.
04/15/2014 (15:54:41) -    INFO - Heartbeat Sent. Your URL (saved to docs/SERVERURL): http://www.classicube.net/server/play/16903b2965a1dc37615c61eacbd839a3/
04/15/2014 (15:54:41) -    INFO - There are 0 users on the server
04/15/2014 (15:54:41) -    INFO - default: 
04/15/2014 (15:54:41) -    INFO - World 'default' has been saved.
04/15/2014 (15:55:41) -    INFO - Heartbeat Sent. Your URL (saved to docs/SERVERURL): http://www.classicube.net/server/play/16903b2965a1dc37615c61eacbd839a3/
04/15/2014 (15:55:41) -    INFO - There are 0 users on the server
04/15/2014 (15:55:41) -    INFO - default: 
04/15/2014 (15:55:41) -    INFO - World 'default' has been saved.
04/15/2014 (15:56:41) -    INFO - Heartbeat Sent. Your URL (saved to docs/SERVERURL): http://www.classicube.net/server/play/16903b2965a1dc37615c61eacbd839a3/
04/15/2014 (15:56:41) -    INFO - There are 0 users on the server
04/15/2014 (15:56:41) -    INFO - default: 
04/15/2014 (15:56:41) -    INFO - World 'default' has been saved.
04/15/2014 (15:56:52) -    INFO - <Unidentified45827> _123DMWM ok I'll look into it
04/15/2014 (15:57:41) -    INFO - Heartbeat Sent. Your URL (saved to docs/SERVERURL): http://www.classicube.net/server/play/16903b2965a1dc37615c61eacbd839a3/
04/15/2014 (15:57:41) -    INFO - There are 0 users on the server
04/15/2014 (15:57:41) -    INFO - default: 
04/15/2014 (15:57:41) -    INFO - World 'default' has been saved.
04/15/2014 (15:58:42) -    INFO - Heartbeat Sent. Your URL (saved to docs/SERVERURL): http://www.classicube.net/server/play/16903b2965a1dc37615c61eacbd839a3/
04/15/2014 (15:58:42) -    INFO - There are 0 users on the server
04/15/2014 (15:58:42) -    INFO - default: 
04/15/2014 (15:58:42) -    INFO - World 'default' has been saved.
04/15/2014 (15:58:53) -    INFO - <IRC> &eUnidentified45827 is now known as Hetal
04/15/2014 (15:59:05) -    INFO - 86.153.74.208 is joining world worlds/default
04/15/2014 (15:59:05) -    INFO - (86.153.74.208:51265) Connected, as 'toughsparta100'
04/15/2014 (15:59:33) -    INFO - (86.153.74.208:51265) toughsparta100 just used: /rules
04/15/2014 (15:59:42) -    INFO - Heartbeat Sent. Your URL (saved to docs/SERVERURL): http://www.classicube.net/server/play/16903b2965a1dc37615c61eacbd839a3/
04/15/2014 (15:59:42) -    INFO - There are 1 users on the server
04/15/2014 (15:59:42) -    INFO - default: toughsparta100
04/15/2014 (15:59:42) -    INFO - World 'default' has been saved.
04/15/2014 (16:00:42) -    INFO - Heartbeat Sent. Your URL (saved to docs/SERVERURL): http://www.classicube.net/server/play/16903b2965a1dc37615c61eacbd839a3/
04/15/2014 (16:00:42) -    INFO - There are 1 users on the server
04/15/2014 (16:00:42) -    INFO - default: toughsparta100
04/15/2014 (16:00:42) -    INFO - World 'default' has been saved.
04/15/2014 (16:01:42) -    INFO - Heartbeat Sent. Your URL (saved to docs/SERVERURL): http://www.classicube.net/server/play/16903b2965a1dc37615c61eacbd839a3/
04/15/2014 (16:01:42) -    INFO - There are 1 users on the server
04/15/2014 (16:01:42) -    INFO - default: toughsparta100
04/15/2014 (16:01:42) -    INFO - World 'default' has been saved.
04/15/2014 (16:02:42) -    INFO - Heartbeat Sent. Your URL (saved to docs/SERVERURL): http://www.classicube.net/server/play/16903b2965a1dc37615c61eacbd839a3/
04/15/2014 (16:02:42) -    INFO - There are 1 users on the server
04/15/2014 (16:02:42) -    INFO - default: toughsparta100
04/15/2014 (16:02:42) -    INFO - World 'default' has been saved.
04/15/2014 (16:03:14) -    INFO - (86.153.74.208:51265) Disconnected 'toughsparta100'
04/15/2014 (16:03:42) -    INFO - Heartbeat Sent. Your URL (saved to docs/SERVERURL): http://www.classicube.net/server/play/16903b2965a1dc37615c61eacbd839a3/
04/15/2014 (16:03:42) -    INFO - There are 0 users on the server
04/15/2014 (16:03:42) -    INFO - default: 
04/15/2014 (16:03:42) -    INFO - World 'default' has been saved.
04/15/2014 (16:04:42) -    INFO - Heartbeat Sent. Your URL (saved to docs/SERVERURL): http://www.classicube.net/server/play/16903b2965a1dc37615c61eacbd839a3/
04/15/2014 (16:04:42) -    INFO - There are 0 users on the server
04/15/2014 (16:04:42) -    INFO - default: 
04/15/2014 (16:04:42) -    INFO - World 'default' has been saved.
04/15/2014 (16:05:17) -    INFO - 2691 garbage objects collected, 0 were uncollected.
04/15/2014 (16:05:42) -    INFO - Heartbeat Sent. Your URL (saved to docs/SERVERURL): http://www.classicube.net/server/play/16903b2965a1dc37615c61eacbd839a3/
04/15/2014 (16:05:42) -    INFO - There are 0 users on the server
04/15/2014 (16:05:42) -    INFO - default: 
04/15/2014 (16:05:42) -    INFO - World 'default' has been saved.
04/15/2014 (16:06:43) -    INFO - Heartbeat Sent. Your URL (saved to docs/SERVERURL): http://www.classicube.net/server/play/16903b2965a1dc37615c61eacbd839a3/
04/15/2014 (16:06:43) -    INFO - There are 0 users on the server
04/15/2014 (16:06:43) -    INFO - default: 
04/15/2014 (16:06:43) -    INFO - World 'default' has been saved.
04/15/2014 (16:07:43) -    INFO - Heartbeat Sent. Your URL (saved to docs/SERVERURL): http://www.classicube.net/server/play/16903b2965a1dc37615c61eacbd839a3/
04/15/2014 (16:07:43) -    INFO - There are 0 users on the server
04/15/2014 (16:07:43) -    INFO - default: 
04/15/2014 (16:07:43) -    INFO - World 'default' has been saved.
04/15/2014 (16:08:43) -    INFO - Heartbeat Sent. Your URL (saved to docs/SERVERURL): http://www.classicube.net/server/play/16903b2965a1dc37615c61eacbd839a3/
04/15/2014 (16:08:43) -    INFO - There are 0 users on the server
04/15/2014 (16:08:43) -    INFO - default: 
04/15/2014 (16:08:43) -    INFO - World 'default' has been saved.
04/15/2014 (16:09:43) -    INFO - Heartbeat Sent. Your URL (saved to docs/SERVERURL): http://www.classicube.net/server/play/16903b2965a1dc37615c61eacbd839a3/
04/15/2014 (16:09:43) -    INFO - There are 0 users on the server
04/15/2014 (16:09:43) -    INFO - default: 
04/15/2014 (16:09:43) -    INFO - World 'default' has been saved.
04/15/2014 (16:10:43) -    INFO - Heartbeat Sent. Your URL (saved to docs/SERVERURL): http://www.classicube.net/server/play/16903b2965a1dc37615c61eacbd839a3/
04/15/2014 (16:10:43) -    INFO - There are 0 users on the server
04/15/2014 (16:10:43) -    INFO - default: 
04/15/2014 (16:10:43) -    INFO - World 'default' has been saved.
