04/17/2014 (00:25:49) -    INFO - Loading plugins...
04/17/2014 (00:25:49) -    INFO - World 'default' Booted.
04/17/2014 (00:25:49) -    INFO - 198 garbage objects collected, 0 were uncollected.
04/17/2014 (00:25:49) -    INFO - Heartbeat Sent. Your URL (saved to docs/SERVERURL): http://www.classicube.net/server/play/e420df2978ad45d304969826033b4b79/
04/17/2014 (00:25:50) -    INFO - There are 0 users on the server
04/17/2014 (00:25:50) -    INFO - default: 
04/17/2014 (00:25:53) -    INFO - IRC client connected.
04/17/2014 (00:25:57) -    INFO - IRC client joined #hetal.
04/17/2014 (00:26:29) -    INFO - <Panda> Hai Hetal :3
04/17/2014 (00:26:49) -    INFO - World 'default' has been saved.
04/17/2014 (00:26:49) -    INFO - Heartbeat Sent. Your URL (saved to docs/SERVERURL): http://www.classicube.net/server/play/e420df2978ad45d304969826033b4b79/
04/17/2014 (00:26:50) -    INFO - There are 0 users on the server
04/17/2014 (00:26:50) -    INFO - default: 
04/17/2014 (00:27:49) -    INFO - World 'default' has been saved.
04/17/2014 (00:27:49) -    INFO - Heartbeat Sent. Your URL (saved to docs/SERVERURL): http://www.classicube.net/server/play/e420df2978ad45d304969826033b4b79/
04/17/2014 (00:27:50) -    INFO - There are 0 users on the server
04/17/2014 (00:27:50) -    INFO - default: 
04/17/2014 (00:28:49) -    INFO - World 'default' has been saved.
04/17/2014 (00:28:49) -    INFO - Heartbeat Sent. Your URL (saved to docs/SERVERURL): http://www.classicube.net/server/play/e420df2978ad45d304969826033b4b79/
04/17/2014 (00:28:50) -    INFO - There are 0 users on the server
04/17/2014 (00:28:50) -    INFO - default: 
04/17/2014 (00:29:49) -    INFO - World 'default' has been saved.
04/17/2014 (00:29:50) -    INFO - Heartbeat Sent. Your URL (saved to docs/SERVERURL): http://www.classicube.net/server/play/e420df2978ad45d304969826033b4b79/
04/17/2014 (00:29:50) -    INFO - There are 0 users on the server
04/17/2014 (00:29:50) -    INFO - default: 
04/17/2014 (00:30:49) -    INFO - World 'default' has been saved.
04/17/2014 (00:30:50) -    INFO - Heartbeat Sent. Your URL (saved to docs/SERVERURL): http://www.classicube.net/server/play/e420df2978ad45d304969826033b4b79/
04/17/2014 (00:30:50) -    INFO - There are 0 users on the server
04/17/2014 (00:30:50) -    INFO - default: 
04/17/2014 (00:31:49) -    INFO - World 'default' has been saved.
04/17/2014 (00:31:50) -    INFO - Heartbeat Sent. Your URL (saved to docs/SERVERURL): http://www.classicube.net/server/play/e420df2978ad45d304969826033b4b79/
04/17/2014 (00:31:50) -    INFO - There are 0 users on the server
04/17/2014 (00:31:50) -    INFO - default: 
04/17/2014 (00:32:49) -    INFO - World 'default' has been saved.
04/17/2014 (00:32:50) -    INFO - Heartbeat Sent. Your URL (saved to docs/SERVERURL): http://www.classicube.net/server/play/e420df2978ad45d304969826033b4b79/
04/17/2014 (00:32:50) -    INFO - There are 0 users on the server
04/17/2014 (00:32:50) -    INFO - default: 
04/17/2014 (00:33:49) -    INFO - World 'default' has been saved.
04/17/2014 (00:33:50) -    INFO - Heartbeat Sent. Your URL (saved to docs/SERVERURL): http://www.classicube.net/server/play/e420df2978ad45d304969826033b4b79/
04/17/2014 (00:33:50) -    INFO - There are 0 users on the server
04/17/2014 (00:33:50) -    INFO - default: 
04/17/2014 (00:34:49) -    INFO - World 'default' has been saved.
04/17/2014 (00:34:50) -    INFO - Heartbeat Sent. Your URL (saved to docs/SERVERURL): http://www.classicube.net/server/play/e420df2978ad45d304969826033b4b79/
04/17/2014 (00:34:50) -    INFO - There are 0 users on the server
04/17/2014 (00:34:50) -    INFO - default: 
04/17/2014 (00:35:49) -    INFO - World 'default' has been saved.
04/17/2014 (00:35:50) -    INFO - Heartbeat Sent. Your URL (saved to docs/SERVERURL): http://www.classicube.net/server/play/e420df2978ad45d304969826033b4b79/
04/17/2014 (00:35:50) -    INFO - There are 0 users on the server
04/17/2014 (00:35:50) -    INFO - default: 
04/17/2014 (00:36:49) -    INFO - World 'default' has been saved.
04/17/2014 (00:36:50) -    INFO - Heartbeat Sent. Your URL (saved to docs/SERVERURL): http://www.classicube.net/server/play/e420df2978ad45d304969826033b4b79/
04/17/2014 (00:36:50) -    INFO - There are 0 users on the server
04/17/2014 (00:36:50) -    INFO - default: 
04/17/2014 (00:37:49) -    INFO - World 'default' has been saved.
04/17/2014 (00:37:51) -    INFO - Heartbeat Sent. Your URL (saved to docs/SERVERURL): http://www.classicube.net/server/play/e420df2978ad45d304969826033b4b79/
04/17/2014 (00:37:51) -    INFO - There are 0 users on the server
04/17/2014 (00:37:51) -    INFO - default: 
04/17/2014 (00:38:49) -    INFO - World 'default' has been saved.
04/17/2014 (00:38:51) -    INFO - Heartbeat Sent. Your URL (saved to docs/SERVERURL): http://www.classicube.net/server/play/e420df2978ad45d304969826033b4b79/
04/17/2014 (00:38:51) -    INFO - There are 0 users on the server
04/17/2014 (00:38:51) -    INFO - default: 
04/17/2014 (00:39:49) -    INFO - World 'default' has been saved.
04/17/2014 (00:39:51) -    INFO - Heartbeat Sent. Your URL (saved to docs/SERVERURL): http://www.classicube.net/server/play/e420df2978ad45d304969826033b4b79/
04/17/2014 (00:39:51) -    INFO - There are 0 users on the server
04/17/2014 (00:39:51) -    INFO - default: 
04/17/2014 (00:40:49) -    INFO - 2597 garbage objects collected, 0 were uncollected.
04/17/2014 (00:40:49) -    INFO - World 'default' has been saved.
04/17/2014 (00:40:51) -    INFO - Heartbeat Sent. Your URL (saved to docs/SERVERURL): http://www.classicube.net/server/play/e420df2978ad45d304969826033b4b79/
04/17/2014 (00:40:51) -    INFO - There are 0 users on the server
04/17/2014 (00:40:51) -    INFO - default: 
04/17/2014 (00:41:49) -    INFO - World 'default' has been saved.
04/17/2014 (00:41:51) -    INFO - Heartbeat Sent. Your URL (saved to docs/SERVERURL): http://www.classicube.net/server/play/e420df2978ad45d304969826033b4b79/
04/17/2014 (00:41:51) -    INFO - There are 0 users on the server
04/17/2014 (00:41:51) -    INFO - default: 
04/17/2014 (00:42:49) -    INFO - World 'default' has been saved.
04/17/2014 (00:42:52) -    INFO - Heartbeat Sent. Your URL (saved to docs/SERVERURL): http://www.classicube.net/server/play/e420df2978ad45d304969826033b4b79/
04/17/2014 (00:42:52) -    INFO - There are 0 users on the server
04/17/2014 (00:42:52) -    INFO - default: 
04/17/2014 (00:43:49) -    INFO - World 'default' has been saved.
04/17/2014 (00:43:52) -    INFO - Heartbeat Sent. Your URL (saved to docs/SERVERURL): http://www.classicube.net/server/play/e420df2978ad45d304969826033b4b79/
04/17/2014 (00:43:52) -    INFO - There are 0 users on the server
04/17/2014 (00:43:52) -    INFO - default: 
04/17/2014 (00:44:49) -    INFO - World 'default' has been saved.
04/17/2014 (00:44:52) -    INFO - Heartbeat Sent. Your URL (saved to docs/SERVERURL): http://www.classicube.net/server/play/e420df2978ad45d304969826033b4b79/
04/17/2014 (00:44:52) -    INFO - There are 0 users on the server
04/17/2014 (00:44:52) -    INFO - default: 
04/17/2014 (00:45:49) -    INFO - World 'default' has been saved.
04/17/2014 (00:45:52) -    INFO - Heartbeat Sent. Your URL (saved to docs/SERVERURL): http://www.classicube.net/server/play/e420df2978ad45d304969826033b4b79/
04/17/2014 (00:45:52) -    INFO - There are 0 users on the server
04/17/2014 (00:45:52) -    INFO - default: 
04/17/2014 (00:46:49) -    INFO - World 'default' has been saved.
04/17/2014 (00:46:52) -    INFO - Heartbeat Sent. Your URL (saved to docs/SERVERURL): http://www.classicube.net/server/play/e420df2978ad45d304969826033b4b79/
04/17/2014 (00:46:52) -    INFO - There are 0 users on the server
04/17/2014 (00:46:52) -    INFO - default: 
04/17/2014 (00:47:49) -    INFO - World 'default' has been saved.
04/17/2014 (00:47:52) -    INFO - Heartbeat Sent. Your URL (saved to docs/SERVERURL): http://www.classicube.net/server/play/e420df2978ad45d304969826033b4b79/
04/17/2014 (00:47:52) -    INFO - There are 0 users on the server
04/17/2014 (00:47:52) -    INFO - default: 
04/17/2014 (00:48:49) -    INFO - World 'default' has been saved.
04/17/2014 (00:48:53) -    INFO - Heartbeat Sent. Your URL (saved to docs/SERVERURL): http://www.classicube.net/server/play/e420df2978ad45d304969826033b4b79/
04/17/2014 (00:48:53) -    INFO - There are 0 users on the server
04/17/2014 (00:48:53) -    INFO - default: 
04/17/2014 (00:49:49) -    INFO - World 'default' has been saved.
04/17/2014 (00:49:53) -    INFO - Heartbeat Sent. Your URL (saved to docs/SERVERURL): http://www.classicube.net/server/play/e420df2978ad45d304969826033b4b79/
04/17/2014 (00:49:53) -    INFO - There are 0 users on the server
04/17/2014 (00:49:53) -    INFO - default: 
04/17/2014 (00:50:49) -    INFO - World 'default' has been saved.
04/17/2014 (00:50:53) -    INFO - Heartbeat Sent. Your URL (saved to docs/SERVERURL): http://www.classicube.net/server/play/e420df2978ad45d304969826033b4b79/
04/17/2014 (00:50:53) -    INFO - There are 0 users on the server
04/17/2014 (00:50:53) -    INFO - default: 
04/17/2014 (00:51:49) -    INFO - World 'default' has been saved.
04/17/2014 (00:51:53) -    INFO - Heartbeat Sent. Your URL (saved to docs/SERVERURL): http://www.classicube.net/server/play/e420df2978ad45d304969826033b4b79/
04/17/2014 (00:51:53) -    INFO - There are 0 users on the server
04/17/2014 (00:51:53) -    INFO - default: 
04/17/2014 (00:52:49) -    INFO - World 'default' has been saved.
04/17/2014 (00:52:53) -    INFO - Heartbeat Sent. Your URL (saved to docs/SERVERURL): http://www.classicube.net/server/play/e420df2978ad45d304969826033b4b79/
04/17/2014 (00:52:53) -    INFO - There are 0 users on the server
04/17/2014 (00:52:53) -    INFO - default: 
04/17/2014 (00:53:49) -    INFO - World 'default' has been saved.
04/17/2014 (00:53:53) -    INFO - Heartbeat Sent. Your URL (saved to docs/SERVERURL): http://www.classicube.net/server/play/e420df2978ad45d304969826033b4b79/
04/17/2014 (00:53:53) -    INFO - There are 0 users on the server
04/17/2014 (00:53:53) -    INFO - default: 
04/17/2014 (00:54:49) -    INFO - World 'default' has been saved.
04/17/2014 (00:54:53) -    INFO - Heartbeat Sent. Your URL (saved to docs/SERVERURL): http://www.classicube.net/server/play/e420df2978ad45d304969826033b4b79/
04/17/2014 (00:54:53) -    INFO - There are 0 users on the server
04/17/2014 (00:54:53) -    INFO - default: 
04/17/2014 (00:55:49) -    INFO - 2775 garbage objects collected, 0 were uncollected.
04/17/2014 (00:55:49) -    INFO - World 'default' has been saved.
04/17/2014 (00:55:53) -    INFO - Heartbeat Sent. Your URL (saved to docs/SERVERURL): http://www.classicube.net/server/play/e420df2978ad45d304969826033b4b79/
04/17/2014 (00:55:53) -    INFO - There are 0 users on the server
04/17/2014 (00:55:53) -    INFO - default: 
04/17/2014 (00:56:49) -    INFO - World 'default' has been saved.
04/17/2014 (00:56:54) -    INFO - Heartbeat Sent. Your URL (saved to docs/SERVERURL): http://www.classicube.net/server/play/e420df2978ad45d304969826033b4b79/
04/17/2014 (00:56:54) -    INFO - There are 0 users on the server
04/17/2014 (00:56:54) -    INFO - default: 
04/17/2014 (00:57:49) -    INFO - World 'default' has been saved.
04/17/2014 (00:57:54) -    INFO - Heartbeat Sent. Your URL (saved to docs/SERVERURL): http://www.classicube.net/server/play/e420df2978ad45d304969826033b4b79/
04/17/2014 (00:57:54) -    INFO - There are 0 users on the server
04/17/2014 (00:57:54) -    INFO - default: 
04/17/2014 (00:58:49) -    INFO - World 'default' has been saved.
04/17/2014 (00:58:54) -    INFO - Heartbeat Sent. Your URL (saved to docs/SERVERURL): http://www.classicube.net/server/play/e420df2978ad45d304969826033b4b79/
04/17/2014 (00:58:54) -    INFO - There are 0 users on the server
04/17/2014 (00:58:54) -    INFO - default: 
04/17/2014 (00:59:49) -    INFO - World 'default' has been saved.
04/17/2014 (00:59:54) -    INFO - Heartbeat Sent. Your URL (saved to docs/SERVERURL): http://www.classicube.net/server/play/e420df2978ad45d304969826033b4b79/
04/17/2014 (00:59:54) -    INFO - There are 0 users on the server
04/17/2014 (00:59:54) -    INFO - default: 
04/17/2014 (01:00:49) -    INFO - World 'default' has been saved.
04/17/2014 (01:00:54) -    INFO - Heartbeat Sent. Your URL (saved to docs/SERVERURL): http://www.classicube.net/server/play/e420df2978ad45d304969826033b4b79/
04/17/2014 (01:00:54) -    INFO - There are 0 users on the server
04/17/2014 (01:00:54) -    INFO - default: 
04/17/2014 (01:01:49) -    INFO - World 'default' has been saved.
04/17/2014 (01:01:55) -    INFO - Heartbeat Sent. Your URL (saved to docs/SERVERURL): http://www.classicube.net/server/play/e420df2978ad45d304969826033b4b79/
04/17/2014 (01:01:55) -    INFO - There are 0 users on the server
04/17/2014 (01:01:55) -    INFO - default: 
04/17/2014 (01:02:49) -    INFO - World 'default' has been saved.
04/17/2014 (01:02:55) -    INFO - Heartbeat Sent. Your URL (saved to docs/SERVERURL): http://www.classicube.net/server/play/e420df2978ad45d304969826033b4b79/
04/17/2014 (01:02:55) -    INFO - There are 0 users on the server
04/17/2014 (01:02:55) -    INFO - default: 
04/17/2014 (01:03:49) -    INFO - World 'default' has been saved.
04/17/2014 (01:03:55) -    INFO - Heartbeat Sent. Your URL (saved to docs/SERVERURL): http://www.classicube.net/server/play/e420df2978ad45d304969826033b4b79/
04/17/2014 (01:03:55) -    INFO - There are 0 users on the server
04/17/2014 (01:03:55) -    INFO - default: 
04/17/2014 (01:04:49) -    INFO - World 'default' has been saved.
04/17/2014 (01:04:55) -    INFO - Heartbeat Sent. Your URL (saved to docs/SERVERURL): http://www.classicube.net/server/play/e420df2978ad45d304969826033b4b79/
04/17/2014 (01:04:55) -    INFO - There are 0 users on the server
04/17/2014 (01:04:55) -    INFO - default: 
04/17/2014 (01:05:49) -    INFO - World 'default' has been saved.
04/17/2014 (01:05:55) -    INFO - Heartbeat Sent. Your URL (saved to docs/SERVERURL): http://www.classicube.net/server/play/e420df2978ad45d304969826033b4b79/
04/17/2014 (01:05:55) -    INFO - There are 0 users on the server
04/17/2014 (01:05:55) -    INFO - default: 
04/17/2014 (01:06:49) -    INFO - World 'default' has been saved.
04/17/2014 (01:06:55) -    INFO - Heartbeat Sent. Your URL (saved to docs/SERVERURL): http://www.classicube.net/server/play/e420df2978ad45d304969826033b4b79/
04/17/2014 (01:06:55) -    INFO - There are 0 users on the server
04/17/2014 (01:06:55) -    INFO - default: 
04/17/2014 (01:07:49) -    INFO - World 'default' has been saved.
04/17/2014 (01:07:55) -    INFO - Heartbeat Sent. Your URL (saved to docs/SERVERURL): http://www.classicube.net/server/play/e420df2978ad45d304969826033b4b79/
04/17/2014 (01:07:55) -    INFO - There are 0 users on the server
04/17/2014 (01:07:55) -    INFO - default: 
04/17/2014 (01:08:49) -    INFO - World 'default' has been saved.
04/17/2014 (01:08:55) -    INFO - Heartbeat Sent. Your URL (saved to docs/SERVERURL): http://www.classicube.net/server/play/e420df2978ad45d304969826033b4b79/
04/17/2014 (01:08:55) -    INFO - There are 0 users on the server
04/17/2014 (01:08:55) -    INFO - default: 
04/17/2014 (01:09:49) -    INFO - World 'default' has been saved.
04/17/2014 (01:09:56) -    INFO - Heartbeat Sent. Your URL (saved to docs/SERVERURL): http://www.classicube.net/server/play/e420df2978ad45d304969826033b4b79/
04/17/2014 (01:09:56) -    INFO - There are 0 users on the server
04/17/2014 (01:09:56) -    INFO - default: 
04/17/2014 (01:10:49) -    INFO - 2775 garbage objects collected, 0 were uncollected.
04/17/2014 (01:10:49) -    INFO - World 'default' has been saved.
04/17/2014 (01:10:56) -    INFO - Heartbeat Sent. Your URL (saved to docs/SERVERURL): http://www.classicube.net/server/play/e420df2978ad45d304969826033b4b79/
04/17/2014 (01:10:56) -    INFO - There are 0 users on the server
04/17/2014 (01:10:56) -    INFO - default: 
04/17/2014 (01:11:49) -    INFO - World 'default' has been saved.
04/17/2014 (01:11:56) -    INFO - Heartbeat Sent. Your URL (saved to docs/SERVERURL): http://www.classicube.net/server/play/e420df2978ad45d304969826033b4b79/
04/17/2014 (01:11:56) -    INFO - There are 0 users on the server
04/17/2014 (01:11:56) -    INFO - default: 
04/17/2014 (01:12:49) -    INFO - World 'default' has been saved.
04/17/2014 (01:12:56) -    INFO - Heartbeat Sent. Your URL (saved to docs/SERVERURL): http://www.classicube.net/server/play/e420df2978ad45d304969826033b4b79/
04/17/2014 (01:12:56) -    INFO - There are 0 users on the server
04/17/2014 (01:12:56) -    INFO - default: 
04/17/2014 (01:13:49) -    INFO - World 'default' has been saved.
04/17/2014 (01:13:56) -    INFO - Heartbeat Sent. Your URL (saved to docs/SERVERURL): http://www.classicube.net/server/play/e420df2978ad45d304969826033b4b79/
04/17/2014 (01:13:56) -    INFO - There are 0 users on the server
04/17/2014 (01:13:56) -    INFO - default: 
04/17/2014 (01:14:49) -    INFO - World 'default' has been saved.
04/17/2014 (01:14:56) -    INFO - Heartbeat Sent. Your URL (saved to docs/SERVERURL): http://www.classicube.net/server/play/e420df2978ad45d304969826033b4b79/
04/17/2014 (01:14:56) -    INFO - There are 0 users on the server
04/17/2014 (01:14:56) -    INFO - default: 
04/17/2014 (01:15:49) -    INFO - World 'default' has been saved.
04/17/2014 (01:15:56) -    INFO - Heartbeat Sent. Your URL (saved to docs/SERVERURL): http://www.classicube.net/server/play/e420df2978ad45d304969826033b4b79/
04/17/2014 (01:15:56) -    INFO - There are 0 users on the server
04/17/2014 (01:15:56) -    INFO - default: 
04/17/2014 (01:16:49) -    INFO - World 'default' has been saved.
04/17/2014 (01:16:56) -    INFO - Heartbeat Sent. Your URL (saved to docs/SERVERURL): http://www.classicube.net/server/play/e420df2978ad45d304969826033b4b79/
04/17/2014 (01:16:56) -    INFO - There are 0 users on the server
04/17/2014 (01:16:56) -    INFO - default: 
04/17/2014 (01:17:49) -    INFO - World 'default' has been saved.
04/17/2014 (01:17:57) -    INFO - Heartbeat Sent. Your URL (saved to docs/SERVERURL): http://www.classicube.net/server/play/e420df2978ad45d304969826033b4b79/
04/17/2014 (01:17:57) -    INFO - There are 0 users on the server
04/17/2014 (01:17:57) -    INFO - default: 
04/17/2014 (01:18:49) -    INFO - World 'default' has been saved.
04/17/2014 (01:18:57) -    INFO - Heartbeat Sent. Your URL (saved to docs/SERVERURL): http://www.classicube.net/server/play/e420df2978ad45d304969826033b4b79/
04/17/2014 (01:18:57) -    INFO - There are 0 users on the server
04/17/2014 (01:18:57) -    INFO - default: 
04/17/2014 (01:19:49) -    INFO - World 'default' has been saved.
04/17/2014 (01:19:57) -    INFO - Heartbeat Sent. Your URL (saved to docs/SERVERURL): http://www.classicube.net/server/play/e420df2978ad45d304969826033b4b79/
04/17/2014 (01:19:57) -    INFO - There are 0 users on the server
04/17/2014 (01:19:57) -    INFO - default: 
04/17/2014 (01:20:49) -    INFO - World 'default' has been saved.
04/17/2014 (01:20:57) -    INFO - Heartbeat Sent. Your URL (saved to docs/SERVERURL): http://www.classicube.net/server/play/e420df2978ad45d304969826033b4b79/
04/17/2014 (01:20:57) -    INFO - There are 0 users on the server
04/17/2014 (01:20:57) -    INFO - default: 
04/17/2014 (01:21:49) -    INFO - World 'default' has been saved.
04/17/2014 (01:21:57) -    INFO - Heartbeat Sent. Your URL (saved to docs/SERVERURL): http://www.classicube.net/server/play/e420df2978ad45d304969826033b4b79/
04/17/2014 (01:21:57) -    INFO - There are 0 users on the server
04/17/2014 (01:21:57) -    INFO - default: 
04/17/2014 (01:22:49) -    INFO - World 'default' has been saved.
04/17/2014 (01:22:57) -    INFO - Heartbeat Sent. Your URL (saved to docs/SERVERURL): http://www.classicube.net/server/play/e420df2978ad45d304969826033b4b79/
04/17/2014 (01:22:57) -    INFO - There are 0 users on the server
04/17/2014 (01:22:57) -    INFO - default: 
04/17/2014 (01:23:49) -    INFO - World 'default' has been saved.
04/17/2014 (01:23:57) -    INFO - Heartbeat Sent. Your URL (saved to docs/SERVERURL): http://www.classicube.net/server/play/e420df2978ad45d304969826033b4b79/
04/17/2014 (01:23:57) -    INFO - There are 0 users on the server
04/17/2014 (01:23:57) -    INFO - default: 
04/17/2014 (01:24:49) -    INFO - World 'default' has been saved.
04/17/2014 (01:24:57) -    INFO - Heartbeat Sent. Your URL (saved to docs/SERVERURL): http://www.classicube.net/server/play/e420df2978ad45d304969826033b4b79/
04/17/2014 (01:24:57) -    INFO - There are 0 users on the server
04/17/2014 (01:24:57) -    INFO - default: 
04/17/2014 (01:25:49) -    INFO - 2775 garbage objects collected, 0 were uncollected.
04/17/2014 (01:25:49) -    INFO - World 'default' has been saved.
04/17/2014 (01:25:58) -    INFO - Heartbeat Sent. Your URL (saved to docs/SERVERURL): http://www.classicube.net/server/play/e420df2978ad45d304969826033b4b79/
04/17/2014 (01:25:58) -    INFO - There are 0 users on the server
04/17/2014 (01:25:58) -    INFO - default: 
04/17/2014 (01:26:49) -    INFO - World 'default' has been saved.
04/17/2014 (01:26:58) -    INFO - Heartbeat Sent. Your URL (saved to docs/SERVERURL): http://www.classicube.net/server/play/e420df2978ad45d304969826033b4b79/
04/17/2014 (01:26:58) -    INFO - There are 0 users on the server
04/17/2014 (01:26:58) -    INFO - default: 
04/17/2014 (01:27:49) -    INFO - World 'default' has been saved.
04/17/2014 (01:27:58) -    INFO - Heartbeat Sent. Your URL (saved to docs/SERVERURL): http://www.classicube.net/server/play/e420df2978ad45d304969826033b4b79/
04/17/2014 (01:27:58) -    INFO - There are 0 users on the server
04/17/2014 (01:27:58) -    INFO - default: 
04/17/2014 (01:28:49) -    INFO - World 'default' has been saved.
04/17/2014 (01:28:58) -    INFO - Heartbeat Sent. Your URL (saved to docs/SERVERURL): http://www.classicube.net/server/play/e420df2978ad45d304969826033b4b79/
04/17/2014 (01:28:58) -    INFO - There are 0 users on the server
04/17/2014 (01:28:58) -    INFO - default: 
04/17/2014 (01:29:49) -    INFO - World 'default' has been saved.
04/17/2014 (01:29:58) -    INFO - Heartbeat Sent. Your URL (saved to docs/SERVERURL): http://www.classicube.net/server/play/e420df2978ad45d304969826033b4b79/
04/17/2014 (01:29:58) -    INFO - There are 0 users on the server
04/17/2014 (01:29:58) -    INFO - default: 
04/17/2014 (01:30:49) -    INFO - World 'default' has been saved.
04/17/2014 (01:30:58) -    INFO - Heartbeat Sent. Your URL (saved to docs/SERVERURL): http://www.classicube.net/server/play/e420df2978ad45d304969826033b4b79/
04/17/2014 (01:30:58) -    INFO - There are 0 users on the server
04/17/2014 (01:30:58) -    INFO - default: 
04/17/2014 (01:31:49) -    INFO - World 'default' has been saved.
04/17/2014 (01:31:58) -    INFO - Heartbeat Sent. Your URL (saved to docs/SERVERURL): http://www.classicube.net/server/play/e420df2978ad45d304969826033b4b79/
04/17/2014 (01:31:58) -    INFO - There are 0 users on the server
04/17/2014 (01:31:58) -    INFO - default: 
04/17/2014 (01:32:49) -    INFO - World 'default' has been saved.
04/17/2014 (01:32:58) -    INFO - Heartbeat Sent. Your URL (saved to docs/SERVERURL): http://www.classicube.net/server/play/e420df2978ad45d304969826033b4b79/
04/17/2014 (01:32:58) -    INFO - There are 0 users on the server
04/17/2014 (01:32:58) -    INFO - default: 
04/17/2014 (01:33:49) -    INFO - World 'default' has been saved.
04/17/2014 (01:33:59) -    INFO - Heartbeat Sent. Your URL (saved to docs/SERVERURL): http://www.classicube.net/server/play/e420df2978ad45d304969826033b4b79/
04/17/2014 (01:33:59) -    INFO - There are 0 users on the server
04/17/2014 (01:33:59) -    INFO - default: 
04/17/2014 (01:34:49) -    INFO - World 'default' has been saved.
04/17/2014 (01:34:59) -    INFO - Heartbeat Sent. Your URL (saved to docs/SERVERURL): http://www.classicube.net/server/play/e420df2978ad45d304969826033b4b79/
04/17/2014 (01:34:59) -    INFO - There are 0 users on the server
04/17/2014 (01:34:59) -    INFO - default: 
04/17/2014 (01:35:49) -    INFO - World 'default' has been saved.
04/17/2014 (01:35:59) -    INFO - Heartbeat Sent. Your URL (saved to docs/SERVERURL): http://www.classicube.net/server/play/e420df2978ad45d304969826033b4b79/
04/17/2014 (01:35:59) -    INFO - There are 0 users on the server
04/17/2014 (01:35:59) -    INFO - default: 
04/17/2014 (01:36:49) -    INFO - World 'default' has been saved.
04/17/2014 (01:36:59) -    INFO - Heartbeat Sent. Your URL (saved to docs/SERVERURL): http://www.classicube.net/server/play/e420df2978ad45d304969826033b4b79/
04/17/2014 (01:36:59) -    INFO - There are 0 users on the server
04/17/2014 (01:36:59) -    INFO - default: 
04/17/2014 (01:37:49) -    INFO - World 'default' has been saved.
04/17/2014 (01:37:59) -    INFO - Heartbeat Sent. Your URL (saved to docs/SERVERURL): http://www.classicube.net/server/play/e420df2978ad45d304969826033b4b79/
04/17/2014 (01:37:59) -    INFO - There are 0 users on the server
04/17/2014 (01:37:59) -    INFO - default: 
04/17/2014 (01:38:49) -    INFO - World 'default' has been saved.
04/17/2014 (01:38:59) -    INFO - Heartbeat Sent. Your URL (saved to docs/SERVERURL): http://www.classicube.net/server/play/e420df2978ad45d304969826033b4b79/
04/17/2014 (01:38:59) -    INFO - There are 0 users on the server
04/17/2014 (01:38:59) -    INFO - default: 
04/17/2014 (01:39:49) -    INFO - World 'default' has been saved.
04/17/2014 (01:39:59) -    INFO - Heartbeat Sent. Your URL (saved to docs/SERVERURL): http://www.classicube.net/server/play/e420df2978ad45d304969826033b4b79/
04/17/2014 (01:39:59) -    INFO - There are 0 users on the server
04/17/2014 (01:39:59) -    INFO - default: 
04/17/2014 (01:40:49) -    INFO - 2775 garbage objects collected, 0 were uncollected.
04/17/2014 (01:40:49) -    INFO - World 'default' has been saved.
04/17/2014 (01:40:59) -    INFO - Heartbeat Sent. Your URL (saved to docs/SERVERURL): http://www.classicube.net/server/play/e420df2978ad45d304969826033b4b79/
04/17/2014 (01:40:59) -    INFO - There are 0 users on the server
04/17/2014 (01:40:59) -    INFO - default: 
04/17/2014 (01:41:49) -    INFO - World 'default' has been saved.
04/17/2014 (01:42:00) -    INFO - Heartbeat Sent. Your URL (saved to docs/SERVERURL): http://www.classicube.net/server/play/e420df2978ad45d304969826033b4b79/
04/17/2014 (01:42:00) -    INFO - There are 0 users on the server
04/17/2014 (01:42:00) -    INFO - default: 
04/17/2014 (01:42:49) -    INFO - World 'default' has been saved.
04/17/2014 (01:43:00) -    INFO - Heartbeat Sent. Your URL (saved to docs/SERVERURL): http://www.classicube.net/server/play/e420df2978ad45d304969826033b4b79/
04/17/2014 (01:43:00) -    INFO - There are 0 users on the server
04/17/2014 (01:43:00) -    INFO - default: 
04/17/2014 (01:43:49) -    INFO - World 'default' has been saved.
04/17/2014 (01:44:00) -    INFO - Heartbeat Sent. Your URL (saved to docs/SERVERURL): http://www.classicube.net/server/play/e420df2978ad45d304969826033b4b79/
04/17/2014 (01:44:00) -    INFO - There are 0 users on the server
04/17/2014 (01:44:00) -    INFO - default: 
04/17/2014 (01:44:49) -    INFO - World 'default' has been saved.
04/17/2014 (01:45:00) -    INFO - Heartbeat Sent. Your URL (saved to docs/SERVERURL): http://www.classicube.net/server/play/e420df2978ad45d304969826033b4b79/
04/17/2014 (01:45:00) -    INFO - There are 0 users on the server
04/17/2014 (01:45:00) -    INFO - default: 
04/17/2014 (01:45:49) -    INFO - World 'default' has been saved.
04/17/2014 (01:46:00) -    INFO - Heartbeat Sent. Your URL (saved to docs/SERVERURL): http://www.classicube.net/server/play/e420df2978ad45d304969826033b4b79/
04/17/2014 (01:46:00) -    INFO - There are 0 users on the server
04/17/2014 (01:46:00) -    INFO - default: 
04/17/2014 (01:46:49) -    INFO - World 'default' has been saved.
04/17/2014 (01:47:00) -    INFO - Heartbeat Sent. Your URL (saved to docs/SERVERURL): http://www.classicube.net/server/play/e420df2978ad45d304969826033b4b79/
04/17/2014 (01:47:00) -    INFO - There are 0 users on the server
04/17/2014 (01:47:00) -    INFO - default: 
04/17/2014 (01:47:49) -    INFO - World 'default' has been saved.
04/17/2014 (01:48:00) -    INFO - Heartbeat Sent. Your URL (saved to docs/SERVERURL): http://www.classicube.net/server/play/e420df2978ad45d304969826033b4b79/
04/17/2014 (01:48:00) -    INFO - There are 0 users on the server
04/17/2014 (01:48:00) -    INFO - default: 
04/17/2014 (01:48:49) -    INFO - World 'default' has been saved.
04/17/2014 (01:49:01) -    INFO - Heartbeat Sent. Your URL (saved to docs/SERVERURL): http://www.classicube.net/server/play/e420df2978ad45d304969826033b4b79/
04/17/2014 (01:49:01) -    INFO - There are 0 users on the server
04/17/2014 (01:49:01) -    INFO - default: 
04/17/2014 (01:49:49) -    INFO - World 'default' has been saved.
04/17/2014 (01:50:01) -    INFO - Heartbeat Sent. Your URL (saved to docs/SERVERURL): http://www.classicube.net/server/play/e420df2978ad45d304969826033b4b79/
04/17/2014 (01:50:01) -    INFO - There are 0 users on the server
04/17/2014 (01:50:01) -    INFO - default: 
04/17/2014 (01:50:49) -    INFO - World 'default' has been saved.
04/17/2014 (01:51:01) -    INFO - Heartbeat Sent. Your URL (saved to docs/SERVERURL): http://www.classicube.net/server/play/e420df2978ad45d304969826033b4b79/
04/17/2014 (01:51:01) -    INFO - There are 0 users on the server
04/17/2014 (01:51:01) -    INFO - default: 
04/17/2014 (01:51:49) -    INFO - World 'default' has been saved.
04/17/2014 (01:52:01) -    INFO - Heartbeat Sent. Your URL (saved to docs/SERVERURL): http://www.classicube.net/server/play/e420df2978ad45d304969826033b4b79/
04/17/2014 (01:52:01) -    INFO - There are 0 users on the server
04/17/2014 (01:52:01) -    INFO - default: 
04/17/2014 (01:52:49) -    INFO - World 'default' has been saved.
04/17/2014 (01:53:01) -    INFO - Heartbeat Sent. Your URL (saved to docs/SERVERURL): http://www.classicube.net/server/play/e420df2978ad45d304969826033b4b79/
04/17/2014 (01:53:01) -    INFO - There are 0 users on the server
04/17/2014 (01:53:01) -    INFO - default: 
04/17/2014 (01:53:49) -    INFO - World 'default' has been saved.
04/17/2014 (01:54:01) -    INFO - Heartbeat Sent. Your URL (saved to docs/SERVERURL): http://www.classicube.net/server/play/e420df2978ad45d304969826033b4b79/
04/17/2014 (01:54:01) -    INFO - There are 0 users on the server
04/17/2014 (01:54:01) -    INFO - default: 
04/17/2014 (01:54:49) -    INFO - World 'default' has been saved.
04/17/2014 (01:55:01) -    INFO - Heartbeat Sent. Your URL (saved to docs/SERVERURL): http://www.classicube.net/server/play/e420df2978ad45d304969826033b4b79/
04/17/2014 (01:55:01) -    INFO - There are 0 users on the server
04/17/2014 (01:55:01) -    INFO - default: 
04/17/2014 (01:55:49) -    INFO - 2775 garbage objects collected, 0 were uncollected.
04/17/2014 (01:55:49) -    INFO - World 'default' has been saved.
04/17/2014 (01:56:02) -    INFO - Heartbeat Sent. Your URL (saved to docs/SERVERURL): http://www.classicube.net/server/play/e420df2978ad45d304969826033b4b79/
04/17/2014 (01:56:02) -    INFO - There are 0 users on the server
04/17/2014 (01:56:02) -    INFO - default: 
04/17/2014 (01:56:49) -    INFO - World 'default' has been saved.
04/17/2014 (01:57:02) -    INFO - Heartbeat Sent. Your URL (saved to docs/SERVERURL): http://www.classicube.net/server/play/e420df2978ad45d304969826033b4b79/
04/17/2014 (01:57:02) -    INFO - There are 0 users on the server
04/17/2014 (01:57:02) -    INFO - default: 
04/17/2014 (01:57:49) -    INFO - World 'default' has been saved.
04/17/2014 (01:58:02) -    INFO - Heartbeat Sent. Your URL (saved to docs/SERVERURL): http://www.classicube.net/server/play/e420df2978ad45d304969826033b4b79/
04/17/2014 (01:58:02) -    INFO - There are 0 users on the server
04/17/2014 (01:58:02) -    INFO - default: 
04/17/2014 (01:58:45) -    INFO - <Hetal> Panda what would be a cool name to temporary replace NeonGaming with?
04/17/2014 (01:58:49) -    INFO - World 'default' has been saved.
04/17/2014 (01:58:54) -    INFO - <Hetal> well aculi nvm
04/17/2014 (01:59:02) -    INFO - Heartbeat Sent. Your URL (saved to docs/SERVERURL): http://www.classicube.net/server/play/e420df2978ad45d304969826033b4b79/
04/17/2014 (01:59:02) -    INFO - There are 0 users on the server
04/17/2014 (01:59:02) -    INFO - default: 
04/17/2014 (01:59:49) -    INFO - World 'default' has been saved.
04/17/2014 (02:00:02) -    INFO - Heartbeat Sent. Your URL (saved to docs/SERVERURL): http://www.classicube.net/server/play/e420df2978ad45d304969826033b4b79/
04/17/2014 (02:00:02) -    INFO - There are 0 users on the server
04/17/2014 (02:00:02) -    INFO - default: 
04/17/2014 (02:00:49) -    INFO - World 'default' has been saved.
04/17/2014 (02:01:02) -    INFO - Heartbeat Sent. Your URL (saved to docs/SERVERURL): http://www.classicube.net/server/play/e420df2978ad45d304969826033b4b79/
04/17/2014 (02:01:02) -    INFO - There are 0 users on the server
04/17/2014 (02:01:02) -    INFO - default: 
04/17/2014 (02:01:49) -    INFO - World 'default' has been saved.
04/17/2014 (02:02:02) -    INFO - Heartbeat Sent. Your URL (saved to docs/SERVERURL): http://www.classicube.net/server/play/e420df2978ad45d304969826033b4b79/
04/17/2014 (02:02:02) -    INFO - There are 0 users on the server
04/17/2014 (02:02:02) -    INFO - default: 
04/17/2014 (02:02:49) -    INFO - World 'default' has been saved.
04/17/2014 (02:03:03) -    INFO - Heartbeat Sent. Your URL (saved to docs/SERVERURL): http://www.classicube.net/server/play/e420df2978ad45d304969826033b4b79/
04/17/2014 (02:03:03) -    INFO - There are 0 users on the server
04/17/2014 (02:03:03) -    INFO - default: 
04/17/2014 (02:03:49) -    INFO - World 'default' has been saved.
04/17/2014 (02:04:03) -    INFO - Heartbeat Sent. Your URL (saved to docs/SERVERURL): http://www.classicube.net/server/play/e420df2978ad45d304969826033b4b79/
04/17/2014 (02:04:03) -    INFO - There are 0 users on the server
04/17/2014 (02:04:03) -    INFO - default: 
04/17/2014 (02:04:49) -    INFO - World 'default' has been saved.
04/17/2014 (02:05:03) -    INFO - Heartbeat Sent. Your URL (saved to docs/SERVERURL): http://www.classicube.net/server/play/e420df2978ad45d304969826033b4b79/
04/17/2014 (02:05:03) -    INFO - There are 0 users on the server
04/17/2014 (02:05:03) -    INFO - default: 
04/17/2014 (02:05:49) -    INFO - World 'default' has been saved.
04/17/2014 (02:06:03) -    INFO - Heartbeat Sent. Your URL (saved to docs/SERVERURL): http://www.classicube.net/server/play/e420df2978ad45d304969826033b4b79/
04/17/2014 (02:06:03) -    INFO - There are 0 users on the server
04/17/2014 (02:06:03) -    INFO - default: 
04/17/2014 (02:06:49) -    INFO - World 'default' has been saved.
04/17/2014 (02:07:03) -    INFO - Heartbeat Sent. Your URL (saved to docs/SERVERURL): http://www.classicube.net/server/play/e420df2978ad45d304969826033b4b79/
04/17/2014 (02:07:03) -    INFO - There are 0 users on the server
04/17/2014 (02:07:03) -    INFO - default: 
04/17/2014 (02:07:49) -    INFO - World 'default' has been saved.
04/17/2014 (02:08:03) -    INFO - Heartbeat Sent. Your URL (saved to docs/SERVERURL): http://www.classicube.net/server/play/e420df2978ad45d304969826033b4b79/
04/17/2014 (02:08:03) -    INFO - There are 0 users on the server
04/17/2014 (02:08:03) -    INFO - default: 
04/17/2014 (02:08:49) -    INFO - World 'default' has been saved.
04/17/2014 (02:09:03) -    INFO - Heartbeat Sent. Your URL (saved to docs/SERVERURL): http://www.classicube.net/server/play/e420df2978ad45d304969826033b4b79/
04/17/2014 (02:09:03) -    INFO - There are 0 users on the server
04/17/2014 (02:09:03) -    INFO - default: 
04/17/2014 (02:09:49) -    INFO - World 'default' has been saved.
04/17/2014 (02:10:03) -    INFO - Heartbeat Sent. Your URL (saved to docs/SERVERURL): http://www.classicube.net/server/play/e420df2978ad45d304969826033b4b79/
04/17/2014 (02:10:03) -    INFO - There are 0 users on the server
04/17/2014 (02:10:03) -    INFO - default: 
04/17/2014 (02:10:49) -    INFO - 2775 garbage objects collected, 0 were uncollected.
04/17/2014 (02:10:49) -    INFO - World 'default' has been saved.
04/17/2014 (02:11:03) -    INFO - Heartbeat Sent. Your URL (saved to docs/SERVERURL): http://www.classicube.net/server/play/e420df2978ad45d304969826033b4b79/
04/17/2014 (02:11:03) -    INFO - There are 0 users on the server
04/17/2014 (02:11:03) -    INFO - default: 
04/17/2014 (02:11:49) -    INFO - World 'default' has been saved.
04/17/2014 (02:12:04) -    INFO - Heartbeat Sent. Your URL (saved to docs/SERVERURL): http://www.classicube.net/server/play/e420df2978ad45d304969826033b4b79/
04/17/2014 (02:12:04) -    INFO - There are 0 users on the server
04/17/2014 (02:12:04) -    INFO - default: 
04/17/2014 (02:12:49) -    INFO - World 'default' has been saved.
04/17/2014 (02:13:04) -    INFO - Heartbeat Sent. Your URL (saved to docs/SERVERURL): http://www.classicube.net/server/play/e420df2978ad45d304969826033b4b79/
04/17/2014 (02:13:04) -    INFO - There are 0 users on the server
04/17/2014 (02:13:04) -    INFO - default: 
04/17/2014 (02:13:49) -    INFO - World 'default' has been saved.
04/17/2014 (02:14:04) -    INFO - Heartbeat Sent. Your URL (saved to docs/SERVERURL): http://www.classicube.net/server/play/e420df2978ad45d304969826033b4b79/
04/17/2014 (02:14:04) -    INFO - There are 0 users on the server
04/17/2014 (02:14:04) -    INFO - default: 
04/17/2014 (02:14:49) -    INFO - World 'default' has been saved.
04/17/2014 (02:15:04) -    INFO - Heartbeat Sent. Your URL (saved to docs/SERVERURL): http://www.classicube.net/server/play/e420df2978ad45d304969826033b4b79/
04/17/2014 (02:15:04) -    INFO - There are 0 users on the server
04/17/2014 (02:15:04) -    INFO - default: 
04/17/2014 (02:15:49) -    INFO - World 'default' has been saved.
04/17/2014 (02:16:04) -    INFO - Heartbeat Sent. Your URL (saved to docs/SERVERURL): http://www.classicube.net/server/play/e420df2978ad45d304969826033b4b79/
04/17/2014 (02:16:04) -    INFO - There are 0 users on the server
04/17/2014 (02:16:04) -    INFO - default: 
04/17/2014 (02:16:49) -    INFO - World 'default' has been saved.
04/17/2014 (02:17:04) -    INFO - Heartbeat Sent. Your URL (saved to docs/SERVERURL): http://www.classicube.net/server/play/e420df2978ad45d304969826033b4b79/
04/17/2014 (02:17:04) -    INFO - There are 0 users on the server
04/17/2014 (02:17:04) -    INFO - default: 
04/17/2014 (02:17:49) -    INFO - World 'default' has been saved.
04/17/2014 (02:18:04) -    INFO - Heartbeat Sent. Your URL (saved to docs/SERVERURL): http://www.classicube.net/server/play/e420df2978ad45d304969826033b4b79/
04/17/2014 (02:18:04) -    INFO - There are 0 users on the server
04/17/2014 (02:18:04) -    INFO - default: 
04/17/2014 (02:18:49) -    INFO - World 'default' has been saved.
04/17/2014 (02:19:04) -    INFO - Heartbeat Sent. Your URL (saved to docs/SERVERURL): http://www.classicube.net/server/play/e420df2978ad45d304969826033b4b79/
04/17/2014 (02:19:04) -    INFO - There are 0 users on the server
04/17/2014 (02:19:04) -    INFO - default: 
04/17/2014 (02:19:49) -    INFO - World 'default' has been saved.
04/17/2014 (02:20:05) -    INFO - Heartbeat Sent. Your URL (saved to docs/SERVERURL): http://www.classicube.net/server/play/e420df2978ad45d304969826033b4b79/
04/17/2014 (02:20:05) -    INFO - There are 0 users on the server
04/17/2014 (02:20:05) -    INFO - default: 
04/17/2014 (02:20:49) -    INFO - World 'default' has been saved.
04/17/2014 (02:21:05) -    INFO - Heartbeat Sent. Your URL (saved to docs/SERVERURL): http://www.classicube.net/server/play/e420df2978ad45d304969826033b4b79/
04/17/2014 (02:21:05) -    INFO - There are 0 users on the server
04/17/2014 (02:21:05) -    INFO - default: 
04/17/2014 (02:21:49) -    INFO - World 'default' has been saved.
04/17/2014 (02:22:05) -    INFO - Heartbeat Sent. Your URL (saved to docs/SERVERURL): http://www.classicube.net/server/play/e420df2978ad45d304969826033b4b79/
04/17/2014 (02:22:05) -    INFO - There are 0 users on the server
04/17/2014 (02:22:05) -    INFO - default: 
04/17/2014 (02:22:49) -    INFO - World 'default' has been saved.
04/17/2014 (02:23:05) -    INFO - Heartbeat Sent. Your URL (saved to docs/SERVERURL): http://www.classicube.net/server/play/e420df2978ad45d304969826033b4b79/
04/17/2014 (02:23:05) -    INFO - There are 0 users on the server
04/17/2014 (02:23:05) -    INFO - default: 
04/17/2014 (02:23:49) -    INFO - World 'default' has been saved.
04/17/2014 (02:24:05) -    INFO - Heartbeat Sent. Your URL (saved to docs/SERVERURL): http://www.classicube.net/server/play/e420df2978ad45d304969826033b4b79/
04/17/2014 (02:24:05) -    INFO - There are 0 users on the server
04/17/2014 (02:24:05) -    INFO - default: 
04/17/2014 (02:24:49) -    INFO - World 'default' has been saved.
04/17/2014 (02:25:05) -    INFO - Heartbeat Sent. Your URL (saved to docs/SERVERURL): http://www.classicube.net/server/play/e420df2978ad45d304969826033b4b79/
04/17/2014 (02:25:05) -    INFO - There are 0 users on the server
04/17/2014 (02:25:05) -    INFO - default: 
04/17/2014 (02:25:49) -    INFO - 2775 garbage objects collected, 0 were uncollected.
04/17/2014 (02:25:49) -    INFO - World 'default' has been saved.
04/17/2014 (02:26:05) -    INFO - Heartbeat Sent. Your URL (saved to docs/SERVERURL): http://www.classicube.net/server/play/e420df2978ad45d304969826033b4b79/
04/17/2014 (02:26:05) -    INFO - There are 0 users on the server
04/17/2014 (02:26:05) -    INFO - default: 
04/17/2014 (02:26:49) -    INFO - World 'default' has been saved.
04/17/2014 (02:27:05) -    INFO - Heartbeat Sent. Your URL (saved to docs/SERVERURL): http://www.classicube.net/server/play/e420df2978ad45d304969826033b4b79/
04/17/2014 (02:27:05) -    INFO - There are 0 users on the server
04/17/2014 (02:27:05) -    INFO - default: 
04/17/2014 (02:27:49) -    INFO - World 'default' has been saved.
04/17/2014 (02:28:06) -    INFO - Heartbeat Sent. Your URL (saved to docs/SERVERURL): http://www.classicube.net/server/play/e420df2978ad45d304969826033b4b79/
04/17/2014 (02:28:06) -    INFO - There are 0 users on the server
04/17/2014 (02:28:06) -    INFO - default: 
04/17/2014 (02:28:49) -    INFO - World 'default' has been saved.
04/17/2014 (02:29:06) -    INFO - Heartbeat Sent. Your URL (saved to docs/SERVERURL): http://www.classicube.net/server/play/e420df2978ad45d304969826033b4b79/
04/17/2014 (02:29:06) -    INFO - There are 0 users on the server
04/17/2014 (02:29:06) -    INFO - default: 
04/17/2014 (02:29:49) -    INFO - World 'default' has been saved.
04/17/2014 (02:30:06) -    INFO - Heartbeat Sent. Your URL (saved to docs/SERVERURL): http://www.classicube.net/server/play/e420df2978ad45d304969826033b4b79/
04/17/2014 (02:30:06) -    INFO - There are 0 users on the server
04/17/2014 (02:30:06) -    INFO - default: 
04/17/2014 (02:30:49) -    INFO - World 'default' has been saved.
04/17/2014 (02:31:06) -    INFO - Heartbeat Sent. Your URL (saved to docs/SERVERURL): http://www.classicube.net/server/play/e420df2978ad45d304969826033b4b79/
04/17/2014 (02:31:06) -    INFO - There are 0 users on the server
04/17/2014 (02:31:06) -    INFO - default: 
04/17/2014 (02:31:49) -    INFO - World 'default' has been saved.
04/17/2014 (02:32:06) -    INFO - Heartbeat Sent. Your URL (saved to docs/SERVERURL): http://www.classicube.net/server/play/e420df2978ad45d304969826033b4b79/
04/17/2014 (02:32:06) -    INFO - There are 0 users on the server
04/17/2014 (02:32:06) -    INFO - default: 
04/17/2014 (02:32:49) -    INFO - World 'default' has been saved.
04/17/2014 (02:33:06) -    INFO - Heartbeat Sent. Your URL (saved to docs/SERVERURL): http://www.classicube.net/server/play/e420df2978ad45d304969826033b4b79/
04/17/2014 (02:33:06) -    INFO - There are 0 users on the server
04/17/2014 (02:33:06) -    INFO - default: 
04/17/2014 (02:33:49) -    INFO - World 'default' has been saved.
04/17/2014 (02:34:06) -    INFO - Heartbeat Sent. Your URL (saved to docs/SERVERURL): http://www.classicube.net/server/play/e420df2978ad45d304969826033b4b79/
04/17/2014 (02:34:06) -    INFO - There are 0 users on the server
04/17/2014 (02:34:06) -    INFO - default: 
04/17/2014 (02:34:49) -    INFO - World 'default' has been saved.
04/17/2014 (02:35:07) -    INFO - Heartbeat Sent. Your URL (saved to docs/SERVERURL): http://www.classicube.net/server/play/e420df2978ad45d304969826033b4b79/
04/17/2014 (02:35:07) -    INFO - There are 0 users on the server
04/17/2014 (02:35:07) -    INFO - default: 
04/17/2014 (02:35:50) -    INFO - World 'default' has been saved.
04/17/2014 (02:36:07) -    INFO - Heartbeat Sent. Your URL (saved to docs/SERVERURL): http://www.classicube.net/server/play/e420df2978ad45d304969826033b4b79/
04/17/2014 (02:36:07) -    INFO - There are 0 users on the server
04/17/2014 (02:36:07) -    INFO - default: 
04/17/2014 (02:36:50) -    INFO - World 'default' has been saved.
04/17/2014 (02:37:07) -    INFO - Heartbeat Sent. Your URL (saved to docs/SERVERURL): http://www.classicube.net/server/play/e420df2978ad45d304969826033b4b79/
04/17/2014 (02:37:07) -    INFO - There are 0 users on the server
04/17/2014 (02:37:07) -    INFO - default: 
04/17/2014 (02:37:50) -    INFO - World 'default' has been saved.
04/17/2014 (02:38:07) -    INFO - Heartbeat Sent. Your URL (saved to docs/SERVERURL): http://www.classicube.net/server/play/e420df2978ad45d304969826033b4b79/
04/17/2014 (02:38:07) -    INFO - There are 0 users on the server
04/17/2014 (02:38:07) -    INFO - default: 
04/17/2014 (02:38:50) -    INFO - World 'default' has been saved.
04/17/2014 (02:39:07) -    INFO - Heartbeat Sent. Your URL (saved to docs/SERVERURL): http://www.classicube.net/server/play/e420df2978ad45d304969826033b4b79/
04/17/2014 (02:39:07) -    INFO - There are 0 users on the server
04/17/2014 (02:39:07) -    INFO - default: 
04/17/2014 (02:39:50) -    INFO - World 'default' has been saved.
04/17/2014 (02:40:07) -    INFO - Heartbeat Sent. Your URL (saved to docs/SERVERURL): http://www.classicube.net/server/play/e420df2978ad45d304969826033b4b79/
04/17/2014 (02:40:07) -    INFO - There are 0 users on the server
04/17/2014 (02:40:07) -    INFO - default: 
04/17/2014 (02:40:50) -    INFO - 2775 garbage objects collected, 0 were uncollected.
04/17/2014 (02:40:50) -    INFO - World 'default' has been saved.
04/17/2014 (02:41:07) -    INFO - Heartbeat Sent. Your URL (saved to docs/SERVERURL): http://www.classicube.net/server/play/e420df2978ad45d304969826033b4b79/
04/17/2014 (02:41:07) -    INFO - There are 0 users on the server
04/17/2014 (02:41:07) -    INFO - default: 
04/17/2014 (02:41:50) -    INFO - World 'default' has been saved.
04/17/2014 (02:42:07) -    INFO - Heartbeat Sent. Your URL (saved to docs/SERVERURL): http://www.classicube.net/server/play/e420df2978ad45d304969826033b4b79/
04/17/2014 (02:42:07) -    INFO - There are 0 users on the server
04/17/2014 (02:42:07) -    INFO - default: 
04/17/2014 (02:42:35) -    INFO - <IRC> &eane200055[Offline] is now known as ane200055
04/17/2014 (02:42:50) -    INFO - World 'default' has been saved.
04/17/2014 (02:43:00) -    INFO - <Hetal> ane200055 : We have a slight problemo, it is urgent enough to ping you
04/17/2014 (02:43:08) -    INFO - Heartbeat Sent. Your URL (saved to docs/SERVERURL): http://www.classicube.net/server/play/e420df2978ad45d304969826033b4b79/
04/17/2014 (02:43:08) -    INFO - There are 0 users on the server
04/17/2014 (02:43:08) -    INFO - default: 
04/17/2014 (02:43:16) -    INFO - <Hetal> Ping when you want to know
04/17/2014 (02:43:21) -    INFO - <ane200055> ?
04/17/2014 (02:43:33) -    INFO - <Hetal> Um
04/17/2014 (02:43:42) -    INFO - <Hetal> Let's just consider NeonGaming classic ded
04/17/2014 (02:43:45) -    INFO - <ane200055> Wow I spent hours on MC PS3 Ed.
04/17/2014 (02:43:50) -    INFO - World 'default' has been saved.
04/17/2014 (02:44:02) -    INFO - <Hetal> I've ran all 3 servers for 2 days, dual heartbeats
04/17/2014 (02:44:07) -    INFO - <Hetal> 0 players per 2 days
04/17/2014 (02:44:08) -    INFO - Heartbeat Sent. Your URL (saved to docs/SERVERURL): http://www.classicube.net/server/play/e420df2978ad45d304969826033b4b79/
04/17/2014 (02:44:08) -    INFO - There are 0 users on the server
04/17/2014 (02:44:08) -    INFO - default: 
04/17/2014 (02:44:15) -    INFO - <ane200055> Idk if anyone calls it MC PS3 DD.
04/17/2014 (02:44:22) -    INFO - <Hetal> I will keep ZS and LS servers up
04/17/2014 (02:44:30) -    INFO - <ane200055> wnd ahatever
04/17/2014 (02:44:31) -    INFO - <Hetal> But I'm planning on getting a premium server
04/17/2014 (02:44:39) -    INFO - <Hetal> And I need cheap hosts :3
04/17/2014 (02:44:44) -    INFO - <Hetal> most likely free..
04/17/2014 (02:44:50) -    INFO - World 'default' has been saved.
04/17/2014 (02:45:08) -    INFO - Heartbeat Sent. Your URL (saved to docs/SERVERURL): http://www.classicube.net/server/play/e420df2978ad45d304969826033b4b79/
04/17/2014 (02:45:08) -    INFO - There are 0 users on the server
04/17/2014 (02:45:08) -    INFO - default: 
04/17/2014 (02:45:09) -    INFO - <ane200055> I don't want to think about MC PC for a while..
04/17/2014 (02:45:19) -    INFO - <ane200055> But
04/17/2014 (02:45:21) -    INFO - <ane200055> sur
04/17/2014 (02:45:50) -    INFO - World 'default' has been saved.
04/17/2014 (02:45:52) -    INFO - <ane200055> Sucks the console versions don't have servers...
04/17/2014 (02:45:58) -    INFO - <Hetal> um...
04/17/2014 (02:46:07) -    INFO - <Hetal> Can we like find a free host
04/17/2014 (02:46:08) -    INFO - Heartbeat Sent. Your URL (saved to docs/SERVERURL): http://www.classicube.net/server/play/e420df2978ad45d304969826033b4b79/
04/17/2014 (02:46:08) -    INFO - There are 0 users on the server
04/17/2014 (02:46:08) -    INFO - default: 
04/17/2014 (02:46:10) -    INFO - <Hetal> somewhere around here?
04/17/2014 (02:46:15) -    INFO - <ane200055> Idk
04/17/2014 (02:46:16) -    INFO - <Hetal> well aculi I'll keep lava down
04/17/2014 (02:46:20) -    INFO - <Hetal> and SMP and ZS Up
04/17/2014 (02:46:50) -    INFO - World 'default' has been saved.
04/17/2014 (02:47:08) -    INFO - Heartbeat Sent. Your URL (saved to docs/SERVERURL): http://www.classicube.net/server/play/e420df2978ad45d304969826033b4b79/
04/17/2014 (02:47:08) -    INFO - There are 0 users on the server
04/17/2014 (02:47:08) -    INFO - default: 
04/17/2014 (02:47:50) -    INFO - World 'default' has been saved.
04/17/2014 (02:48:08) -    INFO - Heartbeat Sent. Your URL (saved to docs/SERVERURL): http://www.classicube.net/server/play/e420df2978ad45d304969826033b4b79/
04/17/2014 (02:48:08) -    INFO - There are 0 users on the server
04/17/2014 (02:48:08) -    INFO - default: 
04/17/2014 (02:48:50) -    INFO - World 'default' has been saved.
04/17/2014 (02:49:08) -    INFO - Heartbeat Sent. Your URL (saved to docs/SERVERURL): http://www.classicube.net/server/play/e420df2978ad45d304969826033b4b79/
04/17/2014 (02:49:08) -    INFO - There are 0 users on the server
04/17/2014 (02:49:08) -    INFO - default: 
04/17/2014 (02:49:50) -    INFO - World 'default' has been saved.
04/17/2014 (02:50:08) -    INFO - Heartbeat Sent. Your URL (saved to docs/SERVERURL): http://www.classicube.net/server/play/e420df2978ad45d304969826033b4b79/
04/17/2014 (02:50:08) -    INFO - There are 0 users on the server
04/17/2014 (02:50:08) -    INFO - default: 
04/17/2014 (02:50:50) -    INFO - World 'default' has been saved.
04/17/2014 (02:50:56) -    INFO - <ane200055> I hate it when someone does something you was gonna do before ya 
04/17/2014 (02:51:02) -    INFO - <ane200055> ._.
04/17/2014 (02:51:09) -    INFO - Heartbeat Sent. Your URL (saved to docs/SERVERURL): http://www.classicube.net/server/play/e420df2978ad45d304969826033b4b79/
04/17/2014 (02:51:09) -    INFO - There are 0 users on the server
04/17/2014 (02:51:09) -    INFO - default: 
04/17/2014 (02:51:25) -    INFO - <ane200055> If I did it it'll be like "o nu copyin"
04/17/2014 (02:51:50) -    INFO - World 'default' has been saved.
04/17/2014 (02:52:09) -    INFO - Heartbeat Sent. Your URL (saved to docs/SERVERURL): http://www.classicube.net/server/play/e420df2978ad45d304969826033b4b79/
04/17/2014 (02:52:09) -    INFO - There are 0 users on the server
04/17/2014 (02:52:09) -    INFO - default: 
04/17/2014 (02:52:11) -    INFO - <Hetal> ane200055 : like who
04/17/2014 (02:52:28) -    INFO - <Hetal> also #officiallavaseries is still alive
04/17/2014 (02:52:38) -    INFO - <Hetal> So I'm advertising NeonGaming there lel
04/17/2014 (02:52:39) -    INFO - <ane200055> Lee kinda
04/17/2014 (02:52:47) -    INFO - <Hetal> Well yea my point
04/17/2014 (02:52:50) -    INFO - World 'default' has been saved.
04/17/2014 (02:52:54) -    INFO - <Hetal> but yea
04/17/2014 (02:53:05) -    INFO - <Hetal> Btw just saying, Panda is here
04/17/2014 (02:53:09) -    INFO - Heartbeat Sent. Your URL (saved to docs/SERVERURL): http://www.classicube.net/server/play/e420df2978ad45d304969826033b4b79/
04/17/2014 (02:53:09) -    INFO - There are 0 users on the server
04/17/2014 (02:53:09) -    INFO - default: 
04/17/2014 (02:53:18) -    INFO - <Hetal> right panda?
04/17/2014 (02:53:36) -    INFO - <Hetal> ane200055 I have 2 questions for you
04/17/2014 (02:53:45) -    INFO - <Hetal> 1. What type of premium server?
04/17/2014 (02:53:50) -    INFO - World 'default' has been saved.
04/17/2014 (02:53:51) -    INFO - <Hetal> 2. How many player slots?
04/17/2014 (02:54:09) -    INFO - Heartbeat Sent. Your URL (saved to docs/SERVERURL): http://www.classicube.net/server/play/e420df2978ad45d304969826033b4b79/
04/17/2014 (02:54:09) -    INFO - There are 0 users on the server
04/17/2014 (02:54:09) -    INFO - default: 
04/17/2014 (02:54:50) -    INFO - World 'default' has been saved.
04/17/2014 (02:55:09) -    INFO - Heartbeat Sent. Your URL (saved to docs/SERVERURL): http://www.classicube.net/server/play/e420df2978ad45d304969826033b4b79/
04/17/2014 (02:55:09) -    INFO - There are 0 users on the server
04/17/2014 (02:55:09) -    INFO - default: 
04/17/2014 (02:55:50) -    INFO - 2775 garbage objects collected, 0 were uncollected.
04/17/2014 (02:55:50) -    INFO - World 'default' has been saved.
04/17/2014 (02:56:09) -    INFO - Heartbeat Sent. Your URL (saved to docs/SERVERURL): http://www.classicube.net/server/play/e420df2978ad45d304969826033b4b79/
04/17/2014 (02:56:09) -    INFO - There are 0 users on the server
04/17/2014 (02:56:09) -    INFO - default: 
04/17/2014 (02:56:50) -    INFO - World 'default' has been saved.
04/17/2014 (02:57:09) -    INFO - Heartbeat Sent. Your URL (saved to docs/SERVERURL): http://www.classicube.net/server/play/e420df2978ad45d304969826033b4b79/
04/17/2014 (02:57:09) -    INFO - There are 0 users on the server
04/17/2014 (02:57:09) -    INFO - default: 
04/17/2014 (02:57:50) -    INFO - World 'default' has been saved.
04/17/2014 (02:57:57) -    INFO - <Hetal> ane200055 please answer..
04/17/2014 (02:58:10) -    INFO - Heartbeat Sent. Your URL (saved to docs/SERVERURL): http://www.classicube.net/server/play/e420df2978ad45d304969826033b4b79/
04/17/2014 (02:58:10) -    INFO - There are 0 users on the server
04/17/2014 (02:58:10) -    INFO - default: 
04/17/2014 (02:58:50) -    INFO - World 'default' has been saved.
04/17/2014 (02:59:10) -    INFO - Heartbeat Sent. Your URL (saved to docs/SERVERURL): http://www.classicube.net/server/play/e420df2978ad45d304969826033b4b79/
04/17/2014 (02:59:10) -    INFO - There are 0 users on the server
04/17/2014 (02:59:10) -    INFO - default: 
04/17/2014 (02:59:50) -    INFO - World 'default' has been saved.
04/17/2014 (03:00:10) -    INFO - Heartbeat Sent. Your URL (saved to docs/SERVERURL): http://www.classicube.net/server/play/e420df2978ad45d304969826033b4b79/
04/17/2014 (03:00:10) -    INFO - There are 0 users on the server
04/17/2014 (03:00:10) -    INFO - default: 
04/17/2014 (03:00:50) -    INFO - World 'default' has been saved.
04/17/2014 (03:01:10) -    INFO - Heartbeat Sent. Your URL (saved to docs/SERVERURL): http://www.classicube.net/server/play/e420df2978ad45d304969826033b4b79/
04/17/2014 (03:01:10) -    INFO - There are 0 users on the server
04/17/2014 (03:01:10) -    INFO - default: 
04/17/2014 (03:01:50) -    INFO - World 'default' has been saved.
04/17/2014 (03:02:10) -    INFO - Heartbeat Sent. Your URL (saved to docs/SERVERURL): http://www.classicube.net/server/play/e420df2978ad45d304969826033b4b79/
04/17/2014 (03:02:10) -    INFO - There are 0 users on the server
04/17/2014 (03:02:10) -    INFO - default: 
04/17/2014 (03:02:50) -    INFO - World 'default' has been saved.
04/17/2014 (03:03:10) -    INFO - Heartbeat Sent. Your URL (saved to docs/SERVERURL): http://www.classicube.net/server/play/e420df2978ad45d304969826033b4b79/
04/17/2014 (03:03:10) -    INFO - There are 0 users on the server
04/17/2014 (03:03:10) -    INFO - default: 
04/17/2014 (03:03:50) -    INFO - World 'default' has been saved.
04/17/2014 (03:04:10) -    INFO - Heartbeat Sent. Your URL (saved to docs/SERVERURL): http://www.classicube.net/server/play/e420df2978ad45d304969826033b4b79/
04/17/2014 (03:04:10) -    INFO - There are 0 users on the server
04/17/2014 (03:04:10) -    INFO - default: 
04/17/2014 (03:04:11) -    INFO - <IRC> &eAngeliquerfpr has joined #hetal
04/17/2014 (03:04:46) -    INFO - <Hetal> hey
04/17/2014 (03:04:50) -    INFO - World 'default' has been saved.
04/17/2014 (03:05:10) -    INFO - Heartbeat Sent. Your URL (saved to docs/SERVERURL): http://www.classicube.net/server/play/e420df2978ad45d304969826033b4b79/
04/17/2014 (03:05:10) -    INFO - There are 0 users on the server
04/17/2014 (03:05:10) -    INFO - default: 
04/17/2014 (03:05:22) -    INFO - <IRC> &eAngeliquerfpr has quit IRC.
04/17/2014 (03:05:22) -    INFO - <IRC> &e(Client exited&e)
04/17/2014 (03:05:50) -    INFO - World 'default' has been saved.
04/17/2014 (03:06:10) -    INFO - Heartbeat Sent. Your URL (saved to docs/SERVERURL): http://www.classicube.net/server/play/e420df2978ad45d304969826033b4b79/
04/17/2014 (03:06:10) -    INFO - There are 0 users on the server
04/17/2014 (03:06:10) -    INFO - default: 
04/17/2014 (03:06:50) -    INFO - World 'default' has been saved.
04/17/2014 (03:07:11) -    INFO - Heartbeat Sent. Your URL (saved to docs/SERVERURL): http://www.classicube.net/server/play/e420df2978ad45d304969826033b4b79/
04/17/2014 (03:07:11) -    INFO - There are 0 users on the server
04/17/2014 (03:07:11) -    INFO - default: 
04/17/2014 (03:07:50) -    INFO - World 'default' has been saved.
04/17/2014 (03:08:11) -    INFO - Heartbeat Sent. Your URL (saved to docs/SERVERURL): http://www.classicube.net/server/play/e420df2978ad45d304969826033b4b79/
04/17/2014 (03:08:11) -    INFO - There are 0 users on the server
04/17/2014 (03:08:11) -    INFO - default: 
04/17/2014 (03:08:50) -    INFO - World 'default' has been saved.
04/17/2014 (03:09:11) -    INFO - Heartbeat Sent. Your URL (saved to docs/SERVERURL): http://www.classicube.net/server/play/e420df2978ad45d304969826033b4b79/
04/17/2014 (03:09:11) -    INFO - There are 0 users on the server
04/17/2014 (03:09:11) -    INFO - default: 
04/17/2014 (03:09:50) -    INFO - World 'default' has been saved.
04/17/2014 (03:10:11) -    INFO - Heartbeat Sent. Your URL (saved to docs/SERVERURL): http://www.classicube.net/server/play/e420df2978ad45d304969826033b4b79/
04/17/2014 (03:10:11) -    INFO - There are 0 users on the server
04/17/2014 (03:10:11) -    INFO - default: 
04/17/2014 (03:10:50) -    INFO - 2775 garbage objects collected, 0 were uncollected.
04/17/2014 (03:10:50) -    INFO - World 'default' has been saved.
04/17/2014 (03:11:11) -    INFO - Heartbeat Sent. Your URL (saved to docs/SERVERURL): http://www.classicube.net/server/play/e420df2978ad45d304969826033b4b79/
04/17/2014 (03:11:11) -    INFO - There are 0 users on the server
04/17/2014 (03:11:11) -    INFO - default: 
04/17/2014 (03:11:50) -    INFO - World 'default' has been saved.
04/17/2014 (03:12:11) -    INFO - Heartbeat Sent. Your URL (saved to docs/SERVERURL): http://www.classicube.net/server/play/e420df2978ad45d304969826033b4b79/
04/17/2014 (03:12:11) -    INFO - There are 0 users on the server
04/17/2014 (03:12:11) -    INFO - default: 
04/17/2014 (03:12:50) -    INFO - World 'default' has been saved.
04/17/2014 (03:13:11) -    INFO - Heartbeat Sent. Your URL (saved to docs/SERVERURL): http://www.classicube.net/server/play/e420df2978ad45d304969826033b4b79/
04/17/2014 (03:13:11) -    INFO - There are 0 users on the server
04/17/2014 (03:13:11) -    INFO - default: 
04/17/2014 (03:13:50) -    INFO - World 'default' has been saved.
04/17/2014 (03:14:11) -    INFO - Heartbeat Sent. Your URL (saved to docs/SERVERURL): http://www.classicube.net/server/play/e420df2978ad45d304969826033b4b79/
04/17/2014 (03:14:11) -    INFO - There are 0 users on the server
04/17/2014 (03:14:11) -    INFO - default: 
04/17/2014 (03:14:50) -    INFO - World 'default' has been saved.
04/17/2014 (03:15:12) -    INFO - Heartbeat Sent. Your URL (saved to docs/SERVERURL): http://www.classicube.net/server/play/e420df2978ad45d304969826033b4b79/
04/17/2014 (03:15:12) -    INFO - There are 0 users on the server
04/17/2014 (03:15:12) -    INFO - default: 
04/17/2014 (03:15:50) -    INFO - World 'default' has been saved.
04/17/2014 (03:16:12) -    INFO - Heartbeat Sent. Your URL (saved to docs/SERVERURL): http://www.classicube.net/server/play/e420df2978ad45d304969826033b4b79/
04/17/2014 (03:16:12) -    INFO - There are 0 users on the server
04/17/2014 (03:16:12) -    INFO - default: 
04/17/2014 (03:16:50) -    INFO - World 'default' has been saved.
04/17/2014 (03:17:12) -    INFO - Heartbeat Sent. Your URL (saved to docs/SERVERURL): http://www.classicube.net/server/play/e420df2978ad45d304969826033b4b79/
04/17/2014 (03:17:12) -    INFO - There are 0 users on the server
04/17/2014 (03:17:12) -    INFO - default: 
04/17/2014 (03:17:50) -    INFO - World 'default' has been saved.
04/17/2014 (03:18:12) -    INFO - Heartbeat Sent. Your URL (saved to docs/SERVERURL): http://www.classicube.net/server/play/e420df2978ad45d304969826033b4b79/
04/17/2014 (03:18:12) -    INFO - There are 0 users on the server
04/17/2014 (03:18:12) -    INFO - default: 
04/17/2014 (03:18:50) -    INFO - World 'default' has been saved.
04/17/2014 (03:19:12) -    INFO - Heartbeat Sent. Your URL (saved to docs/SERVERURL): http://www.classicube.net/server/play/e420df2978ad45d304969826033b4b79/
04/17/2014 (03:19:12) -    INFO - There are 0 users on the server
04/17/2014 (03:19:12) -    INFO - default: 
04/17/2014 (03:19:50) -    INFO - World 'default' has been saved.
04/17/2014 (03:20:12) -    INFO - Heartbeat Sent. Your URL (saved to docs/SERVERURL): http://www.classicube.net/server/play/e420df2978ad45d304969826033b4b79/
04/17/2014 (03:20:12) -    INFO - There are 0 users on the server
04/17/2014 (03:20:12) -    INFO - default: 
04/17/2014 (03:20:50) -    INFO - World 'default' has been saved.
04/17/2014 (03:21:12) -    INFO - Heartbeat Sent. Your URL (saved to docs/SERVERURL): http://www.classicube.net/server/play/e420df2978ad45d304969826033b4b79/
04/17/2014 (03:21:12) -    INFO - There are 0 users on the server
04/17/2014 (03:21:12) -    INFO - default: 
04/17/2014 (03:21:50) -    INFO - World 'default' has been saved.
04/17/2014 (03:22:12) -    INFO - Heartbeat Sent. Your URL (saved to docs/SERVERURL): http://www.classicube.net/server/play/e420df2978ad45d304969826033b4b79/
04/17/2014 (03:22:12) -    INFO - There are 0 users on the server
04/17/2014 (03:22:12) -    INFO - default: 
04/17/2014 (03:22:50) -    INFO - World 'default' has been saved.
04/17/2014 (03:23:12) -    INFO - Heartbeat Sent. Your URL (saved to docs/SERVERURL): http://www.classicube.net/server/play/e420df2978ad45d304969826033b4b79/
04/17/2014 (03:23:12) -    INFO - There are 0 users on the server
04/17/2014 (03:23:12) -    INFO - default: 
04/17/2014 (03:23:50) -    INFO - World 'default' has been saved.
04/17/2014 (03:24:13) -    INFO - Heartbeat Sent. Your URL (saved to docs/SERVERURL): http://www.classicube.net/server/play/e420df2978ad45d304969826033b4b79/
04/17/2014 (03:24:13) -    INFO - There are 0 users on the server
04/17/2014 (03:24:13) -    INFO - default: 
04/17/2014 (03:24:50) -    INFO - World 'default' has been saved.
04/17/2014 (03:25:13) -    INFO - Heartbeat Sent. Your URL (saved to docs/SERVERURL): http://www.classicube.net/server/play/e420df2978ad45d304969826033b4b79/
04/17/2014 (03:25:13) -    INFO - There are 0 users on the server
04/17/2014 (03:25:13) -    INFO - default: 
04/17/2014 (03:25:50) -    INFO - 2775 garbage objects collected, 0 were uncollected.
04/17/2014 (03:25:50) -    INFO - World 'default' has been saved.
04/17/2014 (03:26:13) -    INFO - Heartbeat Sent. Your URL (saved to docs/SERVERURL): http://www.classicube.net/server/play/e420df2978ad45d304969826033b4b79/
04/17/2014 (03:26:13) -    INFO - There are 0 users on the server
04/17/2014 (03:26:13) -    INFO - default: 
04/17/2014 (03:26:50) -    INFO - World 'default' has been saved.
04/17/2014 (03:27:13) -    INFO - Heartbeat Sent. Your URL (saved to docs/SERVERURL): http://www.classicube.net/server/play/e420df2978ad45d304969826033b4b79/
04/17/2014 (03:27:13) -    INFO - There are 0 users on the server
04/17/2014 (03:27:13) -    INFO - default: 
04/17/2014 (03:27:50) -    INFO - World 'default' has been saved.
04/17/2014 (03:28:13) -    INFO - Heartbeat Sent. Your URL (saved to docs/SERVERURL): http://www.classicube.net/server/play/e420df2978ad45d304969826033b4b79/
04/17/2014 (03:28:13) -    INFO - There are 0 users on the server
04/17/2014 (03:28:13) -    INFO - default: 
04/17/2014 (03:28:50) -    INFO - World 'default' has been saved.
04/17/2014 (03:29:13) -    INFO - Heartbeat Sent. Your URL (saved to docs/SERVERURL): http://www.classicube.net/server/play/e420df2978ad45d304969826033b4b79/
04/17/2014 (03:29:13) -    INFO - There are 0 users on the server
04/17/2014 (03:29:13) -    INFO - default: 
04/17/2014 (03:29:50) -    INFO - World 'default' has been saved.
04/17/2014 (03:30:13) -    INFO - Heartbeat Sent. Your URL (saved to docs/SERVERURL): http://www.classicube.net/server/play/e420df2978ad45d304969826033b4b79/
04/17/2014 (03:30:13) -    INFO - There are 0 users on the server
04/17/2014 (03:30:13) -    INFO - default: 
04/17/2014 (03:30:50) -    INFO - World 'default' has been saved.
04/17/2014 (03:31:13) -    INFO - Heartbeat Sent. Your URL (saved to docs/SERVERURL): http://www.classicube.net/server/play/e420df2978ad45d304969826033b4b79/
04/17/2014 (03:31:13) -    INFO - There are 0 users on the server
04/17/2014 (03:31:13) -    INFO - default: 
04/17/2014 (03:31:50) -    INFO - World 'default' has been saved.
04/17/2014 (03:32:14) -    INFO - Heartbeat Sent. Your URL (saved to docs/SERVERURL): http://www.classicube.net/server/play/e420df2978ad45d304969826033b4b79/
04/17/2014 (03:32:14) -    INFO - There are 0 users on the server
04/17/2014 (03:32:14) -    INFO - default: 
04/17/2014 (03:32:50) -    INFO - World 'default' has been saved.
04/17/2014 (03:33:14) -    INFO - Heartbeat Sent. Your URL (saved to docs/SERVERURL): http://www.classicube.net/server/play/e420df2978ad45d304969826033b4b79/
04/17/2014 (03:33:14) -    INFO - There are 0 users on the server
04/17/2014 (03:33:14) -    INFO - default: 
04/17/2014 (03:33:50) -    INFO - World 'default' has been saved.
04/17/2014 (03:34:14) -    INFO - Heartbeat Sent. Your URL (saved to docs/SERVERURL): http://www.classicube.net/server/play/e420df2978ad45d304969826033b4b79/
04/17/2014 (03:34:14) -    INFO - There are 0 users on the server
04/17/2014 (03:34:14) -    INFO - default: 
04/17/2014 (03:34:50) -    INFO - World 'default' has been saved.
04/17/2014 (03:35:14) -    INFO - Heartbeat Sent. Your URL (saved to docs/SERVERURL): http://www.classicube.net/server/play/e420df2978ad45d304969826033b4b79/
04/17/2014 (03:35:14) -    INFO - There are 0 users on the server
04/17/2014 (03:35:14) -    INFO - default: 
04/17/2014 (03:35:50) -    INFO - World 'default' has been saved.
04/17/2014 (03:36:14) -    INFO - Heartbeat Sent. Your URL (saved to docs/SERVERURL): http://www.classicube.net/server/play/e420df2978ad45d304969826033b4b79/
04/17/2014 (03:36:14) -    INFO - There are 0 users on the server
04/17/2014 (03:36:14) -    INFO - default: 
04/17/2014 (03:36:50) -    INFO - World 'default' has been saved.
04/17/2014 (03:37:14) -    INFO - Heartbeat Sent. Your URL (saved to docs/SERVERURL): http://www.classicube.net/server/play/e420df2978ad45d304969826033b4b79/
04/17/2014 (03:37:14) -    INFO - There are 0 users on the server
04/17/2014 (03:37:14) -    INFO - default: 
04/17/2014 (03:37:50) -    INFO - World 'default' has been saved.
04/17/2014 (03:38:14) -    INFO - Heartbeat Sent. Your URL (saved to docs/SERVERURL): http://www.classicube.net/server/play/e420df2978ad45d304969826033b4b79/
04/17/2014 (03:38:14) -    INFO - There are 0 users on the server
04/17/2014 (03:38:14) -    INFO - default: 
04/17/2014 (03:38:50) -    INFO - World 'default' has been saved.
04/17/2014 (03:39:15) -    INFO - Heartbeat Sent. Your URL (saved to docs/SERVERURL): http://www.classicube.net/server/play/e420df2978ad45d304969826033b4b79/
04/17/2014 (03:39:15) -    INFO - There are 0 users on the server
04/17/2014 (03:39:15) -    INFO - default: 
04/17/2014 (03:39:50) -    INFO - World 'default' has been saved.
04/17/2014 (03:40:15) -    INFO - Heartbeat Sent. Your URL (saved to docs/SERVERURL): http://www.classicube.net/server/play/e420df2978ad45d304969826033b4b79/
04/17/2014 (03:40:15) -    INFO - There are 0 users on the server
04/17/2014 (03:40:15) -    INFO - default: 
04/17/2014 (03:40:50) -    INFO - 2775 garbage objects collected, 0 were uncollected.
04/17/2014 (03:40:50) -    INFO - World 'default' has been saved.
04/17/2014 (03:41:15) -    INFO - Heartbeat Sent. Your URL (saved to docs/SERVERURL): http://www.classicube.net/server/play/e420df2978ad45d304969826033b4b79/
04/17/2014 (03:41:15) -    INFO - There are 0 users on the server
04/17/2014 (03:41:15) -    INFO - default: 
04/17/2014 (03:41:50) -    INFO - World 'default' has been saved.
04/17/2014 (03:42:15) -    INFO - Heartbeat Sent. Your URL (saved to docs/SERVERURL): http://www.classicube.net/server/play/e420df2978ad45d304969826033b4b79/
04/17/2014 (03:42:15) -    INFO - There are 0 users on the server
04/17/2014 (03:42:15) -    INFO - default: 
04/17/2014 (03:42:50) -    INFO - World 'default' has been saved.
04/17/2014 (03:43:15) -    INFO - Heartbeat Sent. Your URL (saved to docs/SERVERURL): http://www.classicube.net/server/play/e420df2978ad45d304969826033b4b79/
04/17/2014 (03:43:15) -    INFO - There are 0 users on the server
04/17/2014 (03:43:15) -    INFO - default: 
04/17/2014 (03:43:50) -    INFO - World 'default' has been saved.
04/17/2014 (03:44:15) -    INFO - Heartbeat Sent. Your URL (saved to docs/SERVERURL): http://www.classicube.net/server/play/e420df2978ad45d304969826033b4b79/
04/17/2014 (03:44:15) -    INFO - There are 0 users on the server
04/17/2014 (03:44:15) -    INFO - default: 
04/17/2014 (03:44:50) -    INFO - World 'default' has been saved.
04/17/2014 (03:45:15) -    INFO - Heartbeat Sent. Your URL (saved to docs/SERVERURL): http://www.classicube.net/server/play/e420df2978ad45d304969826033b4b79/
04/17/2014 (03:45:15) -    INFO - There are 0 users on the server
04/17/2014 (03:45:15) -    INFO - default: 
04/17/2014 (03:45:50) -    INFO - World 'default' has been saved.
04/17/2014 (03:46:15) -    INFO - Heartbeat Sent. Your URL (saved to docs/SERVERURL): http://www.classicube.net/server/play/e420df2978ad45d304969826033b4b79/
04/17/2014 (03:46:15) -    INFO - There are 0 users on the server
04/17/2014 (03:46:15) -    INFO - default: 
04/17/2014 (03:46:50) -    INFO - World 'default' has been saved.
04/17/2014 (03:47:15) -    INFO - Heartbeat Sent. Your URL (saved to docs/SERVERURL): http://www.classicube.net/server/play/e420df2978ad45d304969826033b4b79/
04/17/2014 (03:47:15) -    INFO - There are 0 users on the server
04/17/2014 (03:47:15) -    INFO - default: 
04/17/2014 (03:47:50) -    INFO - World 'default' has been saved.
04/17/2014 (03:48:16) -    INFO - Heartbeat Sent. Your URL (saved to docs/SERVERURL): http://www.classicube.net/server/play/e420df2978ad45d304969826033b4b79/
04/17/2014 (03:48:16) -    INFO - There are 0 users on the server
04/17/2014 (03:48:16) -    INFO - default: 
04/17/2014 (03:48:50) -    INFO - World 'default' has been saved.
04/17/2014 (03:49:16) -    INFO - Heartbeat Sent. Your URL (saved to docs/SERVERURL): http://www.classicube.net/server/play/e420df2978ad45d304969826033b4b79/
04/17/2014 (03:49:16) -    INFO - There are 0 users on the server
04/17/2014 (03:49:16) -    INFO - default: 
04/17/2014 (03:49:50) -    INFO - World 'default' has been saved.
04/17/2014 (03:50:16) -    INFO - Heartbeat Sent. Your URL (saved to docs/SERVERURL): http://www.classicube.net/server/play/e420df2978ad45d304969826033b4b79/
04/17/2014 (03:50:16) -    INFO - There are 0 users on the server
04/17/2014 (03:50:16) -    INFO - default: 
04/17/2014 (03:50:50) -    INFO - World 'default' has been saved.
04/17/2014 (03:51:16) -    INFO - Heartbeat Sent. Your URL (saved to docs/SERVERURL): http://www.classicube.net/server/play/e420df2978ad45d304969826033b4b79/
04/17/2014 (03:51:16) -    INFO - There are 0 users on the server
04/17/2014 (03:51:16) -    INFO - default: 
04/17/2014 (03:51:50) -    INFO - World 'default' has been saved.
04/17/2014 (03:52:16) -    INFO - Heartbeat Sent. Your URL (saved to docs/SERVERURL): http://www.classicube.net/server/play/e420df2978ad45d304969826033b4b79/
04/17/2014 (03:52:16) -    INFO - There are 0 users on the server
04/17/2014 (03:52:16) -    INFO - default: 
04/17/2014 (03:52:50) -    INFO - World 'default' has been saved.
04/17/2014 (03:53:17) -    INFO - Heartbeat Sent. Your URL (saved to docs/SERVERURL): http://www.classicube.net/server/play/e420df2978ad45d304969826033b4b79/
04/17/2014 (03:53:17) -    INFO - There are 0 users on the server
04/17/2014 (03:53:17) -    INFO - default: 
04/17/2014 (03:53:50) -    INFO - World 'default' has been saved.
04/17/2014 (03:54:17) -    INFO - Heartbeat Sent. Your URL (saved to docs/SERVERURL): http://www.classicube.net/server/play/e420df2978ad45d304969826033b4b79/
04/17/2014 (03:54:17) -    INFO - There are 0 users on the server
04/17/2014 (03:54:17) -    INFO - default: 
04/17/2014 (03:54:27) -    INFO - <IRC> &eane200055 is now known as ane200055[Offline]
04/17/2014 (03:54:50) -    INFO - World 'default' has been saved.
04/17/2014 (03:55:17) -    INFO - Heartbeat Sent. Your URL (saved to docs/SERVERURL): http://www.classicube.net/server/play/e420df2978ad45d304969826033b4b79/
04/17/2014 (03:55:17) -    INFO - There are 0 users on the server
04/17/2014 (03:55:17) -    INFO - default: 
04/17/2014 (03:55:50) -    INFO - 2775 garbage objects collected, 0 were uncollected.
04/17/2014 (03:55:50) -    INFO - World 'default' has been saved.
04/17/2014 (03:56:17) -    INFO - Heartbeat Sent. Your URL (saved to docs/SERVERURL): http://www.classicube.net/server/play/e420df2978ad45d304969826033b4b79/
04/17/2014 (03:56:17) -    INFO - There are 0 users on the server
04/17/2014 (03:56:17) -    INFO - default: 
04/17/2014 (03:56:50) -    INFO - World 'default' has been saved.
04/17/2014 (03:57:17) -    INFO - Heartbeat Sent. Your URL (saved to docs/SERVERURL): http://www.classicube.net/server/play/e420df2978ad45d304969826033b4b79/
04/17/2014 (03:57:17) -    INFO - There are 0 users on the server
04/17/2014 (03:57:17) -    INFO - default: 
04/17/2014 (03:57:50) -    INFO - World 'default' has been saved.
04/17/2014 (03:58:17) -    INFO - Heartbeat Sent. Your URL (saved to docs/SERVERURL): http://www.classicube.net/server/play/e420df2978ad45d304969826033b4b79/
04/17/2014 (03:58:17) -    INFO - There are 0 users on the server
04/17/2014 (03:58:17) -    INFO - default: 
04/17/2014 (03:58:50) -    INFO - World 'default' has been saved.
04/17/2014 (03:59:18) -    INFO - Heartbeat Sent. Your URL (saved to docs/SERVERURL): http://www.classicube.net/server/play/e420df2978ad45d304969826033b4b79/
04/17/2014 (03:59:18) -    INFO - There are 0 users on the server
04/17/2014 (03:59:18) -    INFO - default: 
04/17/2014 (03:59:50) -    INFO - World 'default' has been saved.
04/17/2014 (04:00:03) -    INFO - (142.167.179.66:54549) Connected, as 'L3g3nd4ry_R4'
04/17/2014 (04:00:18) -    INFO - Heartbeat Sent. Your URL (saved to docs/SERVERURL): http://www.classicube.net/server/play/e420df2978ad45d304969826033b4b79/
04/17/2014 (04:00:18) -    INFO - There are 0 users on the server
04/17/2014 (04:00:18) -    INFO - default: 
04/17/2014 (04:00:50) -    INFO - World 'default' has been saved.
04/17/2014 (04:01:18) -    INFO - Heartbeat Sent. Your URL (saved to docs/SERVERURL): http://www.classicube.net/server/play/e420df2978ad45d304969826033b4b79/
04/17/2014 (04:01:18) -    INFO - There are 0 users on the server
04/17/2014 (04:01:18) -    INFO - default: 
04/17/2014 (04:01:50) -    INFO - World 'default' has been saved.
04/17/2014 (04:02:18) -    INFO - Heartbeat Sent. Your URL (saved to docs/SERVERURL): http://www.classicube.net/server/play/e420df2978ad45d304969826033b4b79/
04/17/2014 (04:02:18) -    INFO - There are 0 users on the server
04/17/2014 (04:02:18) -    INFO - default: 
04/17/2014 (04:02:50) -    INFO - World 'default' has been saved.
04/17/2014 (04:03:18) -    INFO - Heartbeat Sent. Your URL (saved to docs/SERVERURL): http://www.classicube.net/server/play/e420df2978ad45d304969826033b4b79/
04/17/2014 (04:03:18) -    INFO - There are 0 users on the server
04/17/2014 (04:03:18) -    INFO - default: 
04/17/2014 (04:03:50) -    INFO - World 'default' has been saved.
04/17/2014 (04:04:18) -    INFO - Heartbeat Sent. Your URL (saved to docs/SERVERURL): http://www.classicube.net/server/play/e420df2978ad45d304969826033b4b79/
04/17/2014 (04:04:18) -    INFO - There are 0 users on the server
04/17/2014 (04:04:18) -    INFO - default: 
04/17/2014 (04:04:50) -    INFO - World 'default' has been saved.
04/17/2014 (04:05:18) -    INFO - Heartbeat Sent. Your URL (saved to docs/SERVERURL): http://www.classicube.net/server/play/e420df2978ad45d304969826033b4b79/
04/17/2014 (04:05:18) -    INFO - There are 0 users on the server
04/17/2014 (04:05:18) -    INFO - default: 
04/17/2014 (04:05:50) -    INFO - World 'default' has been saved.
04/17/2014 (04:06:18) -    INFO - Heartbeat Sent. Your URL (saved to docs/SERVERURL): http://www.classicube.net/server/play/e420df2978ad45d304969826033b4b79/
04/17/2014 (04:06:18) -    INFO - There are 0 users on the server
04/17/2014 (04:06:18) -    INFO - default: 
04/17/2014 (04:06:50) -    INFO - World 'default' has been saved.
04/17/2014 (04:07:19) -    INFO - Heartbeat Sent. Your URL (saved to docs/SERVERURL): http://www.classicube.net/server/play/e420df2978ad45d304969826033b4b79/
04/17/2014 (04:07:19) -    INFO - There are 0 users on the server
04/17/2014 (04:07:19) -    INFO - default: 
04/17/2014 (04:07:50) -    INFO - World 'default' has been saved.
04/17/2014 (04:08:19) -    INFO - Heartbeat Sent. Your URL (saved to docs/SERVERURL): http://www.classicube.net/server/play/e420df2978ad45d304969826033b4b79/
04/17/2014 (04:08:19) -    INFO - There are 0 users on the server
04/17/2014 (04:08:19) -    INFO - default: 
04/17/2014 (04:08:50) -    INFO - World 'default' has been saved.
04/17/2014 (04:09:19) -    INFO - Heartbeat Sent. Your URL (saved to docs/SERVERURL): http://www.classicube.net/server/play/e420df2978ad45d304969826033b4b79/
04/17/2014 (04:09:19) -    INFO - There are 0 users on the server
04/17/2014 (04:09:19) -    INFO - default: 
04/17/2014 (04:09:50) -    INFO - World 'default' has been saved.
04/17/2014 (04:10:19) -    INFO - Heartbeat Sent. Your URL (saved to docs/SERVERURL): http://www.classicube.net/server/play/e420df2978ad45d304969826033b4b79/
04/17/2014 (04:10:19) -    INFO - There are 0 users on the server
04/17/2014 (04:10:19) -    INFO - default: 
04/17/2014 (04:10:50) -    INFO - 2785 garbage objects collected, 0 were uncollected.
04/17/2014 (04:10:50) -    INFO - World 'default' has been saved.
04/17/2014 (04:11:19) -    INFO - Heartbeat Sent. Your URL (saved to docs/SERVERURL): http://www.classicube.net/server/play/e420df2978ad45d304969826033b4b79/
04/17/2014 (04:11:19) -    INFO - There are 0 users on the server
04/17/2014 (04:11:19) -    INFO - default: 
04/17/2014 (04:11:50) -    INFO - World 'default' has been saved.
04/17/2014 (04:12:19) -    INFO - Heartbeat Sent. Your URL (saved to docs/SERVERURL): http://www.classicube.net/server/play/e420df2978ad45d304969826033b4b79/
04/17/2014 (04:12:19) -    INFO - There are 0 users on the server
04/17/2014 (04:12:19) -    INFO - default: 
04/17/2014 (04:12:50) -    INFO - World 'default' has been saved.
04/17/2014 (04:13:19) -    INFO - Heartbeat Sent. Your URL (saved to docs/SERVERURL): http://www.classicube.net/server/play/e420df2978ad45d304969826033b4b79/
04/17/2014 (04:13:19) -    INFO - There are 0 users on the server
04/17/2014 (04:13:19) -    INFO - default: 
04/17/2014 (04:13:50) -    INFO - World 'default' has been saved.
04/17/2014 (04:14:19) -    INFO - Heartbeat Sent. Your URL (saved to docs/SERVERURL): http://www.classicube.net/server/play/e420df2978ad45d304969826033b4b79/
04/17/2014 (04:14:19) -    INFO - There are 0 users on the server
04/17/2014 (04:14:19) -    INFO - default: 
04/17/2014 (04:14:50) -    INFO - World 'default' has been saved.
04/17/2014 (04:15:19) -    INFO - Heartbeat Sent. Your URL (saved to docs/SERVERURL): http://www.classicube.net/server/play/e420df2978ad45d304969826033b4b79/
04/17/2014 (04:15:19) -    INFO - There are 0 users on the server
04/17/2014 (04:15:19) -    INFO - default: 
04/17/2014 (04:15:50) -    INFO - World 'default' has been saved.
04/17/2014 (04:16:20) -    INFO - Heartbeat Sent. Your URL (saved to docs/SERVERURL): http://www.classicube.net/server/play/e420df2978ad45d304969826033b4b79/
04/17/2014 (04:16:20) -    INFO - There are 0 users on the server
04/17/2014 (04:16:20) -    INFO - default: 
04/17/2014 (04:16:50) -    INFO - World 'default' has been saved.
04/17/2014 (04:17:20) -    INFO - Heartbeat Sent. Your URL (saved to docs/SERVERURL): http://www.classicube.net/server/play/e420df2978ad45d304969826033b4b79/
04/17/2014 (04:17:20) -    INFO - There are 0 users on the server
04/17/2014 (04:17:20) -    INFO - default: 
04/17/2014 (04:17:50) -    INFO - World 'default' has been saved.
04/17/2014 (04:18:20) -    INFO - Heartbeat Sent. Your URL (saved to docs/SERVERURL): http://www.classicube.net/server/play/e420df2978ad45d304969826033b4b79/
04/17/2014 (04:18:20) -    INFO - There are 0 users on the server
04/17/2014 (04:18:20) -    INFO - default: 
04/17/2014 (04:18:50) -    INFO - World 'default' has been saved.
04/17/2014 (04:19:20) -    INFO - Heartbeat Sent. Your URL (saved to docs/SERVERURL): http://www.classicube.net/server/play/e420df2978ad45d304969826033b4b79/
04/17/2014 (04:19:20) -    INFO - There are 0 users on the server
04/17/2014 (04:19:20) -    INFO - default: 
04/17/2014 (04:19:50) -    INFO - World 'default' has been saved.
04/17/2014 (04:20:20) -    INFO - Heartbeat Sent. Your URL (saved to docs/SERVERURL): http://www.classicube.net/server/play/e420df2978ad45d304969826033b4b79/
04/17/2014 (04:20:20) -    INFO - There are 0 users on the server
04/17/2014 (04:20:20) -    INFO - default: 
04/17/2014 (04:20:50) -    INFO - World 'default' has been saved.
04/17/2014 (04:21:21) -    INFO - Heartbeat Sent. Your URL (saved to docs/SERVERURL): http://www.classicube.net/server/play/e420df2978ad45d304969826033b4b79/
04/17/2014 (04:21:21) -    INFO - There are 0 users on the server
04/17/2014 (04:21:21) -    INFO - default: 
04/17/2014 (04:21:50) -    INFO - World 'default' has been saved.
04/17/2014 (04:22:13) -    INFO - <Hetal> heyo
04/17/2014 (04:22:16) -    INFO - <Hetal> Whats up
04/17/2014 (04:22:21) -    INFO - Heartbeat Sent. Your URL (saved to docs/SERVERURL): http://www.classicube.net/server/play/e420df2978ad45d304969826033b4b79/
04/17/2014 (04:22:21) -    INFO - There are 0 users on the server
04/17/2014 (04:22:21) -    INFO - default: 
04/17/2014 (04:22:23) -    INFO - <Hetal> You've idled on this server for 22 minutes?
04/17/2014 (04:22:46) -    INFO - IRC client disconnected. ([Failure instance: Traceback (failure with no frames): <class 'reqs.twisted.internet.error.ConnectionLost'>: Connection to the other side was lost in a non-clean fashion: Connection lost.
])
04/17/2014 (04:22:46) -    INFO - Saving server metas...
04/17/2014 (04:22:46) -    INFO - Flushing worlds to disk...
04/17/2014 (04:22:46) -    INFO - Saving: worlds/default
