04/16/2014 (17:30:13) -    INFO - Loading plugins...
04/16/2014 (17:30:13) -    INFO - World 'default' Booted.
04/16/2014 (17:30:13) -    INFO - 198 garbage objects collected, 0 were uncollected.
04/16/2014 (17:30:13) -    INFO - Heartbeat Sent. Your URL (saved to docs/SERVERURL): http://www.classicube.net/server/play/e420df2978ad45d304969826033b4b79/
04/16/2014 (17:30:14) -    INFO - There are 0 users on the server
04/16/2014 (17:30:14) -    INFO - default: 
04/16/2014 (17:30:18) -    INFO - IRC client connected.
04/16/2014 (17:30:21) -    INFO - IRC client joined #hetal.
04/16/2014 (17:31:13) -    INFO - World 'default' has been saved.
04/16/2014 (17:31:13) -    INFO - Heartbeat Sent. Your URL (saved to docs/SERVERURL): http://www.classicube.net/server/play/e420df2978ad45d304969826033b4b79/
04/16/2014 (17:31:14) -    INFO - There are 0 users on the server
04/16/2014 (17:31:14) -    INFO - default: 
04/16/2014 (17:32:13) -    INFO - World 'default' has been saved.
04/16/2014 (17:32:13) -    INFO - Heartbeat Sent. Your URL (saved to docs/SERVERURL): http://www.classicube.net/server/play/e420df2978ad45d304969826033b4b79/
04/16/2014 (17:32:14) -    INFO - There are 0 users on the server
04/16/2014 (17:32:14) -    INFO - default: 
04/16/2014 (17:33:13) -    INFO - World 'default' has been saved.
04/16/2014 (17:33:13) -    INFO - Heartbeat Sent. Your URL (saved to docs/SERVERURL): http://www.classicube.net/server/play/e420df2978ad45d304969826033b4b79/
04/16/2014 (17:33:14) -    INFO - There are 0 users on the server
04/16/2014 (17:33:14) -    INFO - default: 
04/16/2014 (17:34:13) -    INFO - World 'default' has been saved.
04/16/2014 (17:34:13) -    INFO - Heartbeat Sent. Your URL (saved to docs/SERVERURL): http://www.classicube.net/server/play/e420df2978ad45d304969826033b4b79/
04/16/2014 (17:34:14) -    INFO - There are 0 users on the server
04/16/2014 (17:34:14) -    INFO - default: 
04/16/2014 (17:35:13) -    INFO - World 'default' has been saved.
04/16/2014 (17:35:14) -    INFO - Heartbeat Sent. Your URL (saved to docs/SERVERURL): http://www.classicube.net/server/play/e420df2978ad45d304969826033b4b79/
04/16/2014 (17:35:14) -    INFO - There are 0 users on the server
04/16/2014 (17:35:14) -    INFO - default: 
04/16/2014 (17:36:13) -    INFO - World 'default' has been saved.
04/16/2014 (17:36:14) -    INFO - Heartbeat Sent. Your URL (saved to docs/SERVERURL): http://www.classicube.net/server/play/e420df2978ad45d304969826033b4b79/
04/16/2014 (17:36:14) -    INFO - There are 0 users on the server
04/16/2014 (17:36:14) -    INFO - default: 
04/16/2014 (17:36:15) -    INFO - (94.93.95.22:22162) Connected, as '_Retaliate_'
04/16/2014 (17:36:54) -    INFO - <Hetal> Heyo
04/16/2014 (17:37:06) -    INFO - <Hetal>  /craft and  /smelt for now
04/16/2014 (17:37:13) -    INFO - World 'default' has been saved.
04/16/2014 (17:37:14) -    INFO - Heartbeat Sent. Your URL (saved to docs/SERVERURL): http://www.classicube.net/server/play/e420df2978ad45d304969826033b4b79/
04/16/2014 (17:37:14) -    INFO - There are 0 users on the server
04/16/2014 (17:37:14) -    INFO - default: 
04/16/2014 (17:38:13) -    INFO - World 'default' has been saved.
04/16/2014 (17:38:14) -    INFO - Heartbeat Sent. Your URL (saved to docs/SERVERURL): http://www.classicube.net/server/play/e420df2978ad45d304969826033b4b79/
04/16/2014 (17:38:14) -    INFO - There are 0 users on the server
04/16/2014 (17:38:14) -    INFO - default: 
04/16/2014 (17:39:13) -    INFO - World 'default' has been saved.
04/16/2014 (17:39:14) -    INFO - Heartbeat Sent. Your URL (saved to docs/SERVERURL): http://www.classicube.net/server/play/e420df2978ad45d304969826033b4b79/
04/16/2014 (17:39:14) -    INFO - There are 0 users on the server
04/16/2014 (17:39:14) -    INFO - default: 
04/16/2014 (17:40:13) -    INFO - World 'default' has been saved.
04/16/2014 (17:40:14) -    INFO - Heartbeat Sent. Your URL (saved to docs/SERVERURL): http://www.classicube.net/server/play/e420df2978ad45d304969826033b4b79/
04/16/2014 (17:40:14) -    INFO - There are 0 users on the server
04/16/2014 (17:40:14) -    INFO - default: 
04/16/2014 (17:40:32) -    INFO - <Hetal> and Lee's server is down once again
04/16/2014 (17:41:13) -    INFO - World 'default' has been saved.
04/16/2014 (17:41:14) -    INFO - Heartbeat Sent. Your URL (saved to docs/SERVERURL): http://www.classicube.net/server/play/e420df2978ad45d304969826033b4b79/
04/16/2014 (17:41:14) -    INFO - There are 0 users on the server
04/16/2014 (17:41:14) -    INFO - default: 
